✨30.12.2025, 17:11:27✨ undefined undefined - Status Code: No status code provided - Error: No error message provided
✨30.12.2025, 17:11:28✨ undefined undefined - Status Code: No status code provided - Error: No error message provided
✨30.12.2025, 17:19:02✨ GET /me - Status Code: 401 - Error: Access denied, No token provided
✨30.12.2025, 17:19:02✨ GET /me - Status Code: 401 - Error: Access denied, No token provided
✨30.12.2025, 17:19:34✨ undefined undefined - Status Code: No status code provided - Error: No error message provided
✨30.12.2025, 17:31:19✨ undefined undefined - Status Code: No status code provided - Error: No error message provided
✨30.12.2025, 17:31:25✨ undefined undefined - Status Code: No status code provided - Error: No error message provided
✨30.12.2025, 17:31:33✨ undefined undefined - Status Code: No status code provided - Error: No error message provided
✨30.12.2025, 17:31:45✨ undefined undefined - Status Code: No status code provided - Error: No error message provided
✨30.12.2025, 17:33:44✨ undefined undefined - Status Code: No status code provided - Error: No error message provided
✨30.12.2025, 17:34:19✨ undefined undefined - Status Code: No status code provided - Error: No error message provided
✨30.12.2025, 17:34:22✨ undefined undefined - Status Code: No status code provided - Error: No error message provided
✨30.12.2025, 17:34:25✨ undefined undefined - Status Code: No status code provided - Error: No error message provided
✨30.12.2025, 17:34:29✨ undefined undefined - Status Code: No status code provided - Error: No error message provided
✨30.12.2025, 17:34:31✨ undefined undefined - Status Code: No status code provided - Error: No error message provided
✨30.12.2025, 17:35:55✨ undefined undefined - Status Code: No status code provided - Error: No error message provided
✨30.12.2025, 17:35:56✨ undefined undefined - Status Code: No status code provided - Error: No error message provided
✨30.12.2025, 17:35:58✨ undefined undefined - Status Code: No status code provided - Error: No error message provided
✨30.12.2025, 17:36:00✨ undefined undefined - Status Code: No status code provided - Error: No error message provided
✨30.12.2025, 17:37:06✨ undefined undefined - Status Code: No status code provided - Error: No error message provided
✨30.12.2025, 17:37:13✨ undefined undefined - Status Code: No status code provided - Error: No error message provided
✨30.12.2025, 17:37:15✨ undefined undefined - Status Code: No status code provided - Error: No error message provided
✨30.12.2025, 17:37:17✨ undefined undefined - Status Code: No status code provided - Error: No error message provided
✨30.12.2025, 17:37:23✨ undefined undefined - Status Code: No status code provided - Error: No error message provided
✨30.12.2025, 17:37:26✨ undefined undefined - Status Code: No status code provided - Error: No error message provided
✨30.12.2025, 18:29:32✨ POST /login - Status Code: 500 - Error: Users validation failed: profile.role: `admin` is not a valid enum value for path `profile.role`.
✨30.12.2025, 18:29:41✨ POST /login - Status Code: 500 - Error: Users validation failed: profile.role: `admin` is not a valid enum value for path `profile.role`.
✨30.12.2025, 18:30:39✨ undefined undefined - Status Code: No status code provided - Error: No error message provided
✨30.12.2025, 18:30:41✨ undefined undefined - Status Code: No status code provided - Error: No error message provided
✨30.12.2025, 18:30:47✨ undefined undefined - Status Code: No status code provided - Error: No error message provided
✨30.12.2025, 18:31:59✨ undefined undefined - Status Code: No status code provided - Error: No error message provided
✨30.12.2025, 18:32:03✨ undefined undefined - Status Code: No status code provided - Error: No error message provided
✨30.12.2025, 18:32:10✨ undefined undefined - Status Code: No status code provided - Error: No error message provided
✨30.12.2025, 18:32:17✨ undefined undefined - Status Code: No status code provided - Error: No error message provided
✨30.12.2025, 18:32:20✨ undefined undefined - Status Code: No status code provided - Error: No error message provided
✨30.12.2025, 18:32:35✨ undefined undefined - Status Code: No status code provided - Error: No error message provided
✨30.12.2025, 18:32:37✨ undefined undefined - Status Code: No status code provided - Error: No error message provided
✨30.12.2025, 18:32:41✨ undefined undefined - Status Code: No status code provided - Error: No error message provided
✨30.12.2025, 18:32:44✨ undefined undefined - Status Code: No status code provided - Error: No error message provided
✨30.12.2025, 18:32:49✨ undefined undefined - Status Code: No status code provided - Error: No error message provided
✨30.12.2025, 18:33:01✨ undefined undefined - Status Code: No status code provided - Error: No error message provided
✨30.12.2025, 18:33:13✨ undefined undefined - Status Code: No status code provided - Error: No error message provided
✨30.12.2025, 18:33:16✨ undefined undefined - Status Code: No status code provided - Error: No error message provided
✨30.12.2025, 18:33:19✨ undefined undefined - Status Code: No status code provided - Error: No error message provided
✨30.12.2025, 18:33:24✨ undefined undefined - Status Code: No status code provided - Error: No error message provided
✨30.12.2025, 18:33:30✨ undefined undefined - Status Code: No status code provided - Error: No error message provided
✨30.12.2025, 18:33:32✨ undefined undefined - Status Code: No status code provided - Error: No error message provided
✨30.12.2025, 18:34:37✨ undefined undefined - Status Code: No status code provided - Error: No error message provided
✨30.12.2025, 18:34:41✨ undefined undefined - Status Code: No status code provided - Error: No error message provided
✨30.12.2025, 18:34:42✨ undefined undefined - Status Code: No status code provided - Error: No error message provided
✨30.12.2025, 18:34:45✨ undefined undefined - Status Code: No status code provided - Error: No error message provided
✨30.12.2025, 18:34:47✨ undefined undefined - Status Code: No status code provided - Error: No error message provided
✨30.12.2025, 18:34:50✨ undefined undefined - Status Code: No status code provided - Error: No error message provided
✨30.12.2025, 18:34:57✨ undefined undefined - Status Code: No status code provided - Error: No error message provided
✨30.12.2025, 18:34:58✨ undefined undefined - Status Code: No status code provided - Error: No error message provided
✨30.12.2025, 18:35:06✨ undefined undefined - Status Code: No status code provided - Error: No error message provided
✨30.12.2025, 18:35:11✨ undefined undefined - Status Code: No status code provided - Error: No error message provided
✨30.12.2025, 18:51:11✨ undefined undefined - Status Code: No status code provided - Error: No error message provided
✨30.12.2025, 18:54:58✨ undefined undefined - Status Code: No status code provided - Error: No error message provided
✨30.12.2025, 18:55:57✨ undefined undefined - Status Code: No status code provided - Error: No error message provided
✨30.12.2025, 18:56:30✨ GET / - Status Code: 403 - Error: Access denied. Insufficient permissions.
✨30.12.2025, 18:56:30✨ GET / - Status Code: 403 - Error: Access denied. Insufficient permissions.
✨30.12.2025, 18:56:39✨ undefined undefined - Status Code: No status code provided - Error: No error message provided
✨30.12.2025, 18:56:39✨ GET / - Status Code: 403 - Error: Access denied. Insufficient permissions.
✨30.12.2025, 18:56:39✨ GET / - Status Code: 403 - Error: Access denied. Insufficient permissions.
✨30.12.2025, 18:56:43✨ GET / - Status Code: 403 - Error: Access denied. Insufficient permissions.
✨30.12.2025, 18:56:43✨ GET / - Status Code: 403 - Error: Access denied. Insufficient permissions.
✨30.12.2025, 18:57:02✨ undefined undefined - Status Code: No status code provided - Error: No error message provided
✨30.12.2025, 18:57:09✨ GET / - Status Code: 403 - Error: Access denied. Insufficient permissions.
✨30.12.2025, 18:57:09✨ GET / - Status Code: 403 - Error: Access denied. Insufficient permissions.
✨30.12.2025, 18:57:28✨ undefined undefined - Status Code: No status code provided - Error: No error message provided
✨30.12.2025, 18:57:37✨ GET / - Status Code: 403 - Error: Access denied. Insufficient permissions.
✨30.12.2025, 18:57:37✨ GET / - Status Code: 403 - Error: Access denied. Insufficient permissions.
✨30.12.2025, 19:05:04✨ GET / - Status Code: 403 - Error: Access denied. Insufficient permissions.
✨30.12.2025, 19:05:04✨ GET / - Status Code: 403 - Error: Access denied. Insufficient permissions.
✨30.12.2025, 19:05:11✨ GET / - Status Code: 403 - Error: Access denied. Insufficient permissions.
✨30.12.2025, 19:05:11✨ GET / - Status Code: 403 - Error: Access denied. Insufficient permissions.
✨30.12.2025, 19:05:16✨ GET / - Status Code: 403 - Error: Access denied. Insufficient permissions.
✨30.12.2025, 19:05:16✨ GET / - Status Code: 403 - Error: Access denied. Insufficient permissions.
✨30.12.2025, 19:05:34✨ undefined undefined - Status Code: No status code provided - Error: No error message provided
✨30.12.2025, 19:05:42✨ undefined undefined - Status Code: No status code provided - Error: No error message provided
✨30.12.2025, 19:05:42✨ GET / - Status Code: 403 - Error: Access denied. Insufficient permissions.
✨30.12.2025, 19:05:42✨ GET / - Status Code: 403 - Error: Access denied. Insufficient permissions.
✨30.12.2025, 19:05:45✨ GET / - Status Code: 403 - Error: Access denied. Insufficient permissions.
✨30.12.2025, 19:05:45✨ GET / - Status Code: 403 - Error: Access denied. Insufficient permissions.
✨30.12.2025, 19:06:29✨ GET / - Status Code: 403 - Error: Access denied. Insufficient permissions.
✨30.12.2025, 19:06:35✨ GET / - Status Code: 403 - Error: Access denied. Insufficient permissions.
✨30.12.2025, 19:06:35✨ GET / - Status Code: 403 - Error: Access denied. Insufficient permissions.
✨30.12.2025, 19:06:44✨ GET / - Status Code: 403 - Error: Access denied. Insufficient permissions.
✨30.12.2025, 19:06:44✨ GET / - Status Code: 403 - Error: Access denied. Insufficient permissions.
✨30.12.2025, 19:07:18✨ GET / - Status Code: 403 - Error: Access denied. Insufficient permissions.
✨30.12.2025, 19:07:18✨ GET / - Status Code: 403 - Error: Access denied. Insufficient permissions.
✨30.12.2025, 19:09:46✨ undefined undefined - Status Code: No status code provided - Error: No error message provided
✨30.12.2025, 19:10:52✨ undefined undefined - Status Code: No status code provided - Error: No error message provided
✨30.12.2025, 19:31:00✨ GET / - Status Code: 401 - Error: Access denied, No token provided
✨30.12.2025, 19:31:00✨ GET / - Status Code: 401 - Error: Access denied, No token provided
✨30.12.2025, 19:40:36✨ POST /login - Status Code: 400 - Error: Email or password is incorrect
✨30.12.2025, 19:47:08✨ undefined undefined - Status Code: No status code provided - Error: No error message provided
✨30.12.2025, 19:47:09✨ undefined undefined - Status Code: No status code provided - Error: No error message provided
