✨29.12.2025, 10:07:40✨ undefined undefined - Status Code: No status code provided - Error: No error message provided
✨29.12.2025, 10:07:42✨ undefined undefined - Status Code: No status code provided - Error: No error message provided
✨29.12.2025, 10:10:23✨ POST /register - Status Code: 400 - Error: "profile.avatar.url" is not allowed to be empty
✨29.12.2025, 10:10:25✨ undefined undefined - Status Code: No status code provided - Error: No error message provided
✨29.12.2025, 10:14:12✨ POST /register - Status Code: 400 - Error: "profile.position" is not allowed to be empty
✨29.12.2025, 10:16:16✨ undefined undefined - Status Code: No status code provided - Error: No error message provided
✨29.12.2025, 10:17:09✨ POST /register - Status Code: 400 - Error: "profile.position" is not allowed to be empty
✨29.12.2025, 10:20:39✨ POST /register - Status Code: 400 - Error: "password" length must be at least 8 characters long
✨29.12.2025, 10:22:44✨ POST /register - Status Code: 400 - Error: "profile.address.street" is not allowed to be empty
✨29.12.2025, 10:23:46✨ undefined undefined - Status Code: No status code provided - Error: No error message provided
✨29.12.2025, 10:23:49✨ undefined undefined - Status Code: No status code provided - Error: No error message provided
✨29.12.2025, 10:23:55✨ undefined undefined - Status Code: No status code provided - Error: No error message provided
✨29.12.2025, 10:24:04✨ undefined undefined - Status Code: No status code provided - Error: No error message provided
✨29.12.2025, 10:24:05✨ undefined undefined - Status Code: No status code provided - Error: No error message provided
✨29.12.2025, 10:24:08✨ undefined undefined - Status Code: No status code provided - Error: No error message provided
✨29.12.2025, 10:30:57✨ POST /register - Status Code: 400 - Error: "profile.address.houseNo" must be a string
✨29.12.2025, 10:32:58✨ undefined undefined - Status Code: No status code provided - Error: No error message provided
✨29.12.2025, 10:36:12✨ undefined undefined - Status Code: No status code provided - Error: No error message provided
✨29.12.2025, 10:37:24✨ undefined undefined - Status Code: No status code provided - Error: No error message provided
✨29.12.2025, 10:37:32✨ undefined undefined - Status Code: No status code provided - Error: No error message provided
✨29.12.2025, 10:57:34✨ undefined undefined - Status Code: No status code provided - Error: No error message provided
✨29.12.2025, 10:58:07✨ undefined undefined - Status Code: No status code provided - Error: No error message provided
✨29.12.2025, 11:06:39✨ POST /register - Status Code: 400 - Error: "profile.role" is not allowed
✨29.12.2025, 11:07:01✨ POST /register - Status Code: 400 - Error: "profile.role" is not allowed
✨29.12.2025, 11:07:29✨ POST /register - Status Code: 400 - Error: "profile.role" is not allowed
✨29.12.2025, 11:07:32✨ POST /register - Status Code: 400 - Error: "profile.role" is not allowed
✨29.12.2025, 11:07:44✨ undefined undefined - Status Code: No status code provided - Error: No error message provided
✨29.12.2025, 11:07:45✨ undefined undefined - Status Code: No status code provided - Error: No error message provided
✨29.12.2025, 11:08:08✨ undefined undefined - Status Code: No status code provided - Error: No error message provided
✨29.12.2025, 11:08:30✨ undefined undefined - Status Code: No status code provided - Error: No error message provided
✨29.12.2025, 11:08:32✨ undefined undefined - Status Code: No status code provided - Error: No error message provided
✨29.12.2025, 11:09:01✨ undefined undefined - Status Code: No status code provided - Error: No error message provided
✨29.12.2025, 11:09:20✨ undefined undefined - Status Code: No status code provided - Error: No error message provided
✨29.12.2025, 11:09:49✨ POST /register - Status Code: 400 - Error: "profile.role" is not allowed
✨29.12.2025, 11:10:50✨ undefined undefined - Status Code: No status code provided - Error: No error message provided
✨29.12.2025, 11:10:53✨ undefined undefined - Status Code: No status code provided - Error: No error message provided
✨29.12.2025, 11:10:57✨ undefined undefined - Status Code: No status code provided - Error: No error message provided
✨29.12.2025, 11:11:15✨ undefined undefined - Status Code: No status code provided - Error: No error message provided
✨29.12.2025, 11:11:20✨ POST /register - Status Code: 400 - Error: "profile.isActive" is not allowed
✨29.12.2025, 11:11:22✨ undefined undefined - Status Code: No status code provided - Error: No error message provided
✨29.12.2025, 11:11:33✨ undefined undefined - Status Code: No status code provided - Error: No error message provided
✨29.12.2025, 11:11:36✨ undefined undefined - Status Code: No status code provided - Error: No error message provided
✨29.12.2025, 11:11:55✨ undefined undefined - Status Code: No status code provided - Error: No error message provided
✨29.12.2025, 11:11:59✨ undefined undefined - Status Code: No status code provided - Error: No error message provided
✨29.12.2025, 11:12:00✨ undefined undefined - Status Code: No status code provided - Error: No error message provided
✨29.12.2025, 11:12:02✨ POST /register - Status Code: 400 - Error: "profile.isActive" is not allowed
✨29.12.2025, 11:12:41✨ POST /register - Status Code: 400 - Error: "profile.isActive" is not allowed
✨29.12.2025, 11:12:45✨ POST /register - Status Code: 400 - Error: "profile.isActive" is not allowed
✨29.12.2025, 11:12:55✨ undefined undefined - Status Code: No status code provided - Error: No error message provided
✨29.12.2025, 11:13:07✨ POST /register - Status Code: 400 - Error: "profile.isActive" is not allowed
✨29.12.2025, 11:13:26✨ POST /register - Status Code: 400 - Error: "profile.isActive" is not allowed
✨29.12.2025, 11:13:29✨ POST /register - Status Code: 400 - Error: "profile.isActive" is not allowed
✨29.12.2025, 11:13:47✨ undefined undefined - Status Code: No status code provided - Error: No error message provided
✨29.12.2025, 11:13:50✨ POST /register - Status Code: 400 - Error: "profile.isActive" is not allowed
✨29.12.2025, 11:14:18✨ undefined undefined - Status Code: No status code provided - Error: No error message provided
✨29.12.2025, 11:14:24✨ undefined undefined - Status Code: No status code provided - Error: No error message provided
✨29.12.2025, 11:14:28✨ undefined undefined - Status Code: No status code provided - Error: No error message provided
✨29.12.2025, 11:14:33✨ undefined undefined - Status Code: No status code provided - Error: No error message provided
✨29.12.2025, 11:14:39✨ POST /register - Status Code: 400 - Error: "profile.isActive" is not allowed
✨29.12.2025, 11:17:08✨ POST /register - Status Code: 400 - Error: "profile.isActive" is not allowed
✨29.12.2025, 11:17:11✨ POST /register - Status Code: 400 - Error: "profile.isActive" is not allowed
✨29.12.2025, 11:17:43✨ undefined undefined - Status Code: No status code provided - Error: No error message provided
✨29.12.2025, 11:17:46✨ undefined undefined - Status Code: No status code provided - Error: No error message provided
✨29.12.2025, 11:17:49✨ POST /register - Status Code: 400 - Error: "profile.isActive" is not allowed
✨29.12.2025, 11:19:35✨ undefined undefined - Status Code: No status code provided - Error: No error message provided
✨29.12.2025, 11:19:56✨ POST /register - Status Code: 400 - Error: "profile.isActive" is not allowed
✨29.12.2025, 11:20:41✨ undefined undefined - Status Code: No status code provided - Error: No error message provided
✨29.12.2025, 11:20:47✨ undefined undefined - Status Code: No status code provided - Error: No error message provided
✨29.12.2025, 11:21:16✨ undefined undefined - Status Code: No status code provided - Error: No error message provided
✨29.12.2025, 11:21:21✨ undefined undefined - Status Code: No status code provided - Error: No error message provided
✨29.12.2025, 11:21:25✨ undefined undefined - Status Code: No status code provided - Error: No error message provided
✨29.12.2025, 11:21:28✨ undefined undefined - Status Code: No status code provided - Error: No error message provided
✨29.12.2025, 11:21:31✨ undefined undefined - Status Code: No status code provided - Error: No error message provided
✨29.12.2025, 11:21:36✨ undefined undefined - Status Code: No status code provided - Error: No error message provided
✨29.12.2025, 11:21:40✨ undefined undefined - Status Code: No status code provided - Error: No error message provided
✨29.12.2025, 11:21:42✨ undefined undefined - Status Code: No status code provided - Error: No error message provided
✨29.12.2025, 11:21:55✨ undefined undefined - Status Code: No status code provided - Error: No error message provided
✨29.12.2025, 11:21:57✨ POST /register - Status Code: 400 - Error: "profile.position" must be one of [manager, staff, mupport, ]
✨29.12.2025, 11:22:06✨ undefined undefined - Status Code: No status code provided - Error: No error message provided
✨29.12.2025, 11:22:18✨ POST /register - Status Code: 400 - Error: "profile.position" must be one of [manager, staff, mupport, ]
✨29.12.2025, 11:22:21✨ POST /register - Status Code: 400 - Error: "profile.position" must be one of [manager, staff, mupport, ]
✨29.12.2025, 11:22:33✨ POST /register - Status Code: 400 - Error: "profile.isActive" is not allowed
✨29.12.2025, 11:22:39✨ POST /register - Status Code: 400 - Error: "profile.position" must be one of [manager, staff, mupport, ]
✨29.12.2025, 11:22:44✨ POST /register - Status Code: 400 - Error: "profile.position" must be one of [manager, staff, mupport, ]
✨29.12.2025, 11:23:01✨ POST /register - Status Code: 400 - Error: "profile.isActive" is not allowed
✨29.12.2025, 11:25:39✨ undefined undefined - Status Code: No status code provided - Error: No error message provided
✨29.12.2025, 11:26:10✨ POST /register - Status Code: 400 - Error: "profile.isActive" is not allowed
✨29.12.2025, 11:27:39✨ undefined undefined - Status Code: No status code provided - Error: No error message provided
✨29.12.2025, 11:27:57✨ undefined undefined - Status Code: No status code provided - Error: No error message provided
✨29.12.2025, 11:29:04✨ POST /register - Status Code: 500 - Error: Users validation failed: profile.address.zipCode: Path `zipCode` is required.
✨29.12.2025, 11:29:09✨ POST /register - Status Code: 500 - Error: Users validation failed: profile.address.zipCode: Path `zipCode` is required.
✨29.12.2025, 11:29:15✨ POST /register - Status Code: 500 - Error: Users validation failed: profile.role: `customer_support` is not a valid enum value for path `profile.role`., profile.address.zipCode: Path `zipCode` is required.
✨29.12.2025, 11:29:19✨ POST /register - Status Code: 500 - Error: Users validation failed: profile.role: `customer_support` is not a valid enum value for path `profile.role`., profile.address.zipCode: Path `zipCode` is required.
✨29.12.2025, 11:29:45✨ undefined undefined - Status Code: No status code provided - Error: No error message provided
✨29.12.2025, 11:29:45✨ POST /register - Status Code: 500 - Error: Users validation failed: profile.role: `customer_support` is not a valid enum value for path `profile.role`., profile.address.zipCode: Path `zipCode` is required.
✨29.12.2025, 11:29:48✨ POST /register - Status Code: 500 - Error: Users validation failed: profile.role: `customer_support` is not a valid enum value for path `profile.role`., profile.address.zipCode: Path `zipCode` is required.
✨29.12.2025, 11:30:09✨ POST /register - Status Code: 500 - Error: Users validation failed: profile.role: `customer_support` is not a valid enum value for path `profile.role`., profile.address.zipCode: Path `zipCode` is required.
✨29.12.2025, 11:30:16✨ POST /register - Status Code: 400 - Error: "profile.isActive" is not allowed
✨29.12.2025, 11:30:34✨ POST /register - Status Code: 400 - Error: "profile.isActive" is not allowed
✨29.12.2025, 11:31:27✨ POST /register - Status Code: 400 - Error: "profile.isActive" is not allowed
✨29.12.2025, 11:32:05✨ undefined undefined - Status Code: No status code provided - Error: No error message provided
✨29.12.2025, 11:32:55✨ POST /register - Status Code: 500 - Error: Users validation failed: profile.address.zipCode: Path `zipCode` is required.
✨29.12.2025, 15:46:18✨ undefined undefined - Status Code: No status code provided - Error: No error message provided
✨29.12.2025, 15:46:25✨ undefined undefined - Status Code: No status code provided - Error: No error message provided
✨29.12.2025, 15:47:04✨ undefined undefined - Status Code: No status code provided - Error: No error message provided
✨29.12.2025, 15:47:05✨ undefined undefined - Status Code: No status code provided - Error: No error message provided
✨29.12.2025, 15:47:14✨ undefined undefined - Status Code: No status code provided - Error: No error message provided
✨29.12.2025, 15:47:19✨ undefined undefined - Status Code: No status code provided - Error: No error message provided
✨29.12.2025, 15:47:26✨ undefined undefined - Status Code: No status code provided - Error: No error message provided
✨29.12.2025, 15:47:28✨ undefined undefined - Status Code: No status code provided - Error: No error message provided
✨29.12.2025, 15:47:37✨ undefined undefined - Status Code: No status code provided - Error: No error message provided
✨29.12.2025, 15:47:39✨ undefined undefined - Status Code: No status code provided - Error: No error message provided
✨29.12.2025, 15:47:54✨ undefined undefined - Status Code: No status code provided - Error: No error message provided
✨29.12.2025, 15:48:04✨ undefined undefined - Status Code: No status code provided - Error: No error message provided
✨29.12.2025, 15:48:08✨ undefined undefined - Status Code: No status code provided - Error: No error message provided
✨29.12.2025, 15:48:16✨ undefined undefined - Status Code: No status code provided - Error: No error message provided
✨29.12.2025, 15:48:23✨ undefined undefined - Status Code: No status code provided - Error: No error message provided
✨29.12.2025, 15:48:26✨ undefined undefined - Status Code: No status code provided - Error: No error message provided
✨29.12.2025, 15:48:29✨ undefined undefined - Status Code: No status code provided - Error: No error message provided
✨29.12.2025, 15:48:35✨ undefined undefined - Status Code: No status code provided - Error: No error message provided
✨29.12.2025, 15:48:45✨ undefined undefined - Status Code: No status code provided - Error: No error message provided
✨29.12.2025, 15:49:32✨ undefined undefined - Status Code: No status code provided - Error: No error message provided
✨29.12.2025, 15:50:30✨ undefined undefined - Status Code: No status code provided - Error: No error message provided
✨29.12.2025, 15:50:33✨ undefined undefined - Status Code: No status code provided - Error: No error message provided
✨29.12.2025, 15:50:36✨ undefined undefined - Status Code: No status code provided - Error: No error message provided
✨29.12.2025, 15:50:40✨ undefined undefined - Status Code: No status code provided - Error: No error message provided
✨29.12.2025, 15:50:44✨ undefined undefined - Status Code: No status code provided - Error: No error message provided
✨29.12.2025, 15:50:48✨ undefined undefined - Status Code: No status code provided - Error: No error message provided
✨29.12.2025, 15:50:51✨ undefined undefined - Status Code: No status code provided - Error: No error message provided
✨29.12.2025, 15:51:04✨ undefined undefined - Status Code: No status code provided - Error: No error message provided
✨29.12.2025, 15:51:07✨ undefined undefined - Status Code: No status code provided - Error: No error message provided
✨29.12.2025, 15:51:10✨ undefined undefined - Status Code: No status code provided - Error: No error message provided
✨29.12.2025, 15:51:17✨ undefined undefined - Status Code: No status code provided - Error: No error message provided
✨29.12.2025, 15:51:19✨ undefined undefined - Status Code: No status code provided - Error: No error message provided
✨29.12.2025, 15:51:37✨ undefined undefined - Status Code: No status code provided - Error: No error message provided
✨29.12.2025, 15:53:55✨ undefined undefined - Status Code: No status code provided - Error: No error message provided
✨29.12.2025, 15:54:42✨ undefined undefined - Status Code: No status code provided - Error: No error message provided
✨29.12.2025, 15:54:46✨ undefined undefined - Status Code: No status code provided - Error: No error message provided
✨29.12.2025, 15:54:51✨ undefined undefined - Status Code: No status code provided - Error: No error message provided
✨29.12.2025, 15:55:06✨ undefined undefined - Status Code: No status code provided - Error: No error message provided
✨29.12.2025, 15:55:17✨ undefined undefined - Status Code: No status code provided - Error: No error message provided
✨29.12.2025, 15:55:27✨ undefined undefined - Status Code: No status code provided - Error: No error message provided
✨29.12.2025, 15:55:37✨ undefined undefined - Status Code: No status code provided - Error: No error message provided
✨29.12.2025, 16:04:28✨ undefined undefined - Status Code: No status code provided - Error: No error message provided
✨29.12.2025, 16:05:13✨ undefined undefined - Status Code: No status code provided - Error: No error message provided
✨29.12.2025, 16:05:30✨ undefined undefined - Status Code: No status code provided - Error: No error message provided
✨29.12.2025, 16:05:31✨ undefined undefined - Status Code: No status code provided - Error: No error message provided
✨29.12.2025, 16:05:57✨ GET /me - Status Code: 500 - Error: Server error
✨29.12.2025, 16:05:57✨ GET /me - Status Code: 500 - Error: Server error
✨29.12.2025, 16:06:20✨ GET /me - Status Code: 500 - Error: Server error
✨29.12.2025, 16:06:20✨ GET /me - Status Code: 500 - Error: Server error
✨29.12.2025, 16:06:27✨ GET /me - Status Code: 500 - Error: Server error
✨29.12.2025, 16:06:27✨ GET /me - Status Code: 500 - Error: Server error
✨29.12.2025, 16:06:32✨ GET /me - Status Code: 500 - Error: Server error
✨29.12.2025, 16:06:32✨ GET /me - Status Code: 500 - Error: Server error
✨29.12.2025, 16:06:35✨ GET /me - Status Code: 500 - Error: Server error
✨29.12.2025, 16:06:35✨ GET /me - Status Code: 500 - Error: Server error
✨29.12.2025, 16:06:44✨ GET /me - Status Code: 500 - Error: Server error
✨29.12.2025, 16:06:44✨ GET /me - Status Code: 500 - Error: Server error
✨29.12.2025, 16:06:47✨ GET /me - Status Code: 500 - Error: Server error
✨29.12.2025, 16:06:47✨ GET /me - Status Code: 500 - Error: Server error
✨29.12.2025, 16:06:51✨ GET /me - Status Code: 500 - Error: Server error
✨29.12.2025, 16:06:51✨ GET /me - Status Code: 500 - Error: Server error
✨29.12.2025, 16:06:59✨ GET /me - Status Code: 500 - Error: Server error
✨29.12.2025, 16:06:59✨ GET /me - Status Code: 500 - Error: Server error
✨29.12.2025, 16:07:09✨ GET /me - Status Code: 500 - Error: Server error
✨29.12.2025, 16:07:09✨ GET /me - Status Code: 500 - Error: Server error
✨29.12.2025, 16:07:21✨ GET /me - Status Code: 500 - Error: Server error
✨29.12.2025, 16:07:21✨ GET /me - Status Code: 500 - Error: Server error
✨29.12.2025, 16:08:31✨ GET /me - Status Code: 500 - Error: Server error
✨29.12.2025, 16:08:31✨ GET /me - Status Code: 500 - Error: Server error
✨29.12.2025, 16:09:21✨ GET /me - Status Code: 500 - Error: Server error
✨29.12.2025, 16:09:21✨ GET /me - Status Code: 500 - Error: Server error
✨29.12.2025, 16:09:26✨ GET /me - Status Code: 500 - Error: Server error
✨29.12.2025, 16:09:26✨ GET /me - Status Code: 500 - Error: Server error
✨29.12.2025, 16:11:31✨ GET /me - Status Code: 500 - Error: Server error
✨29.12.2025, 16:11:31✨ GET /me - Status Code: 500 - Error: Server error
✨29.12.2025, 16:11:42✨ GET /me - Status Code: 500 - Error: Server error
✨29.12.2025, 16:11:42✨ GET /me - Status Code: 500 - Error: Server error
✨29.12.2025, 16:12:00✨ GET /me - Status Code: 500 - Error: Server error
✨29.12.2025, 16:12:00✨ GET /me - Status Code: 500 - Error: Server error
✨29.12.2025, 16:12:15✨ GET /me - Status Code: 500 - Error: Server error
✨29.12.2025, 16:12:15✨ GET /me - Status Code: 500 - Error: Server error
✨29.12.2025, 16:12:22✨ GET /me - Status Code: 500 - Error: Server error
✨29.12.2025, 16:12:22✨ GET /me - Status Code: 500 - Error: Server error
✨29.12.2025, 16:12:43✨ GET /me - Status Code: 500 - Error: Server error
✨29.12.2025, 16:12:43✨ GET /me - Status Code: 500 - Error: Server error
✨29.12.2025, 16:12:48✨ GET /me - Status Code: 500 - Error: Server error
✨29.12.2025, 16:12:48✨ GET /me - Status Code: 500 - Error: Server error
✨29.12.2025, 16:12:54✨ GET /me - Status Code: 500 - Error: Server error
✨29.12.2025, 16:12:54✨ GET /me - Status Code: 500 - Error: Server error
✨29.12.2025, 16:13:01✨ GET /me - Status Code: 500 - Error: Server error
✨29.12.2025, 16:13:01✨ GET /me - Status Code: 500 - Error: Server error
✨29.12.2025, 16:13:10✨ GET /me - Status Code: 500 - Error: Server error
✨29.12.2025, 16:13:10✨ GET /me - Status Code: 500 - Error: Server error
✨29.12.2025, 16:13:14✨ GET /me - Status Code: 500 - Error: Server error
✨29.12.2025, 16:13:14✨ GET /me - Status Code: 500 - Error: Server error
✨29.12.2025, 16:13:29✨ GET /me - Status Code: 500 - Error: Server error
✨29.12.2025, 16:13:29✨ GET /me - Status Code: 500 - Error: Server error
✨29.12.2025, 16:13:33✨ GET /me - Status Code: 500 - Error: Server error
✨29.12.2025, 16:13:33✨ GET /me - Status Code: 500 - Error: Server error
✨29.12.2025, 16:14:27✨ GET /me - Status Code: 500 - Error: Server error
✨29.12.2025, 16:14:27✨ GET /me - Status Code: 500 - Error: Server error
✨29.12.2025, 16:15:03✨ GET /me - Status Code: 500 - Error: Server error
✨29.12.2025, 16:15:03✨ GET /me - Status Code: 500 - Error: Server error
✨29.12.2025, 16:15:06✨ GET /me - Status Code: 500 - Error: Server error
✨29.12.2025, 16:15:06✨ GET /me - Status Code: 500 - Error: Server error
✨29.12.2025, 16:15:55✨ GET /me - Status Code: 500 - Error: Server error
✨29.12.2025, 16:15:55✨ GET /me - Status Code: 500 - Error: Server error
✨29.12.2025, 16:16:18✨ undefined undefined - Status Code: No status code provided - Error: No error message provided
✨29.12.2025, 16:16:25✨ undefined undefined - Status Code: No status code provided - Error: No error message provided
✨29.12.2025, 16:16:32✨ undefined undefined - Status Code: No status code provided - Error: No error message provided
✨29.12.2025, 16:17:05✨ undefined undefined - Status Code: No status code provided - Error: No error message provided
✨29.12.2025, 16:17:25✨ undefined undefined - Status Code: No status code provided - Error: No error message provided
✨29.12.2025, 16:17:33✨ GET /me - Status Code: 500 - Error: Server error
✨29.12.2025, 16:17:33✨ GET /me - Status Code: 500 - Error: Server error
✨29.12.2025, 16:17:37✨ GET /me - Status Code: 500 - Error: Server error
✨29.12.2025, 16:17:37✨ GET /me - Status Code: 500 - Error: Server error
✨29.12.2025, 16:19:19✨ undefined undefined - Status Code: No status code provided - Error: No error message provided
✨29.12.2025, 16:19:39✨ undefined undefined - Status Code: No status code provided - Error: No error message provided
