✨31.12.2025, 9:36:17✨ | POST /register | Status: 201 | 164ms
✨31.12.2025, 9:36:59✨ | POST /login | Status: 200 | 109ms
✨31.12.2025, 9:37:03✨ | GET /me | Status: 200 | 10ms
✨31.12.2025, 9:37:03✨ | GET /me | Status: 200 | 10ms
✨31.12.2025, 9:37:03✨ | GET /me | Status: 200 | 18ms
✨31.12.2025, 9:37:03✨ | GET /me | Status: 200 | 18ms
✨31.12.2025, 9:37:48✨ | POST /login | Status: 200 | 107ms
✨31.12.2025, 9:37:58✨ | GET /me | Status: 200 | 6ms
✨31.12.2025, 9:37:58✨ | GET /me | Status: 200 | 7ms
✨31.12.2025, 9:37:58✨ | GET /me | Status: 200 | 5ms
✨31.12.2025, 9:37:58✨ | GET /me | Status: 200 | 6ms
✨31.12.2025, 9:38:00✨ | GET / | Status: 200 | 14ms
✨31.12.2025, 9:38:00✨ | GET / | Status: 200 | 17ms
✨31.12.2025, 9:38:00✨ | GET / | Status: 200 | 10ms
✨31.12.2025, 9:38:00✨ | GET / | Status: 200 | 11ms
✨31.12.2025, 9:38:12✨ | GET / | Status: 200 | 6ms
✨31.12.2025, 9:38:12✨ | GET / | Status: 200 | 7ms
✨31.12.2025, 9:38:12✨ | GET / | Status: 200 | 6ms
✨31.12.2025, 9:38:12✨ | GET / | Status: 200 | 6ms
✨31.12.2025, 9:38:26✨ | GET / | Status: 200 | 5ms
✨31.12.2025, 9:38:26✨ | GET / | Status: 200 | 6ms
✨31.12.2025, 9:38:26✨ | GET / | Status: 200 | 5ms
✨31.12.2025, 9:38:26✨ | GET / | Status: 200 | 6ms
✨31.12.2025, 9:44:33✨ | GET / | Status: 200 | 10ms
✨31.12.2025, 9:44:33✨ | GET / | Status: 200 | 12ms
✨31.12.2025, 9:44:33✨ | GET / | Status: 200 | 9ms
✨31.12.2025, 9:44:33✨ | GET / | Status: 200 | 11ms
✨31.12.2025, 9:45:47✨ | GET / | Status: 200 | 6ms
✨31.12.2025, 9:45:47✨ | GET / | Status: 200 | 8ms
✨31.12.2025, 9:45:47✨ | GET / | Status: 200 | 6ms
✨31.12.2025, 9:45:47✨ | GET / | Status: 200 | 8ms
✨31.12.2025, 9:47:42✨ | GET / | Status: 200 | 8ms
✨31.12.2025, 9:47:42✨ | GET / | Status: 200 | 10ms
✨31.12.2025, 9:47:42✨ | GET / | Status: 200 | 9ms
✨31.12.2025, 9:47:42✨ | GET / | Status: 200 | 11ms
✨31.12.2025, 9:48:02✨ | GET / | Status: 200 | 8ms
✨31.12.2025, 9:48:02✨ | GET / | Status: 200 | 10ms
✨31.12.2025, 9:48:02✨ | GET / | Status: 200 | 8ms
✨31.12.2025, 9:48:02✨ | GET / | Status: 200 | 10ms
✨31.12.2025, 9:50:33✨ | GET / | Status: 200 | 8ms
✨31.12.2025, 9:50:33✨ | GET / | Status: 200 | 9ms
✨31.12.2025, 9:50:33✨ | GET / | Status: 200 | 82ms
✨31.12.2025, 9:50:33✨ | GET / | Status: 200 | 83ms
✨31.12.2025, 9:55:54✨ | GET / | Status: 200 | 7ms
✨31.12.2025, 9:55:54✨ | GET / | Status: 200 | 9ms
✨31.12.2025, 9:55:54✨ | GET / | Status: 200 | 7ms
✨31.12.2025, 9:55:54✨ | GET / | Status: 200 | 8ms
✨31.12.2025, 10:14:36✨ | GET / | Status: 200 | 28ms
✨31.12.2025, 10:14:36✨ | GET / | Status: 200 | 33ms
✨31.12.2025, 10:14:36✨ | GET / | Status: 200 | 11ms
✨31.12.2025, 10:14:36✨ | GET / | Status: 200 | 12ms
✨31.12.2025, 10:16:15✨ | GET / | Status: 200 | 9ms
✨31.12.2025, 10:16:15✨ | GET / | Status: 200 | 11ms
✨31.12.2025, 10:16:15✨ | GET / | Status: 200 | 10ms
✨31.12.2025, 10:16:15✨ | GET / | Status: 200 | 11ms
✨31.12.2025, 10:17:02✨ | GET / | Status: 200 | 10ms
✨31.12.2025, 10:17:02✨ | GET / | Status: 200 | 8ms
✨31.12.2025, 10:17:02✨ | GET / | Status: 200 | 9ms
✨31.12.2025, 10:17:02✨ | GET / | Status: 200 | 11ms
✨31.12.2025, 10:21:33✨ | GET / | Status: 200 | 7ms
✨31.12.2025, 10:21:33✨ | GET / | Status: 200 | 9ms
✨31.12.2025, 10:21:33✨ | GET / | Status: 200 | 7ms
✨31.12.2025, 10:21:33✨ | GET / | Status: 200 | 9ms
✨31.12.2025, 10:22:43✨ | GET / | Status: 200 | 8ms
✨31.12.2025, 10:22:43✨ | GET / | Status: 200 | 10ms
✨31.12.2025, 10:22:43✨ | GET / | Status: 200 | 8ms
✨31.12.2025, 10:22:43✨ | GET / | Status: 200 | 9ms
✨31.12.2025, 10:23:25✨ | GET / | Status: 200 | 7ms
✨31.12.2025, 10:23:25✨ | GET / | Status: 200 | 9ms
✨31.12.2025, 10:23:25✨ | GET / | Status: 200 | 9ms
✨31.12.2025, 10:23:25✨ | GET / | Status: 200 | 11ms
✨31.12.2025, 10:24:12✨ | GET / | Status: 200 | 7ms
✨31.12.2025, 10:24:12✨ | GET / | Status: 200 | 8ms
✨31.12.2025, 10:24:12✨ | GET / | Status: 200 | 8ms
✨31.12.2025, 10:24:12✨ | GET / | Status: 200 | 9ms
✨31.12.2025, 10:57:05✨ | GET / | Status: 200 | 14ms
✨31.12.2025, 10:57:05✨ | GET / | Status: 200 | 16ms
✨31.12.2025, 10:57:05✨ | GET / | Status: 200 | 6ms
✨31.12.2025, 10:57:05✨ | GET / | Status: 200 | 7ms
✨31.12.2025, 10:58:33✨ | GET / | Status: 200 | 6ms
✨31.12.2025, 10:58:33✨ | GET / | Status: 200 | 13ms
✨31.12.2025, 10:58:33✨ | GET / | Status: 200 | 7ms
✨31.12.2025, 10:58:33✨ | GET / | Status: 200 | 8ms
✨31.12.2025, 10:58:41✨ | GET / | Status: 200 | 5ms
✨31.12.2025, 10:58:41✨ | GET / | Status: 200 | 7ms
✨31.12.2025, 10:58:41✨ | GET / | Status: 200 | 6ms
✨31.12.2025, 10:58:41✨ | GET / | Status: 200 | 7ms
✨31.12.2025, 10:58:46✨ | GET / | Status: 200 | 8ms
✨31.12.2025, 10:58:46✨ | GET / | Status: 200 | 9ms
✨31.12.2025, 10:58:46✨ | GET / | Status: 200 | 6ms
✨31.12.2025, 10:58:46✨ | GET / | Status: 200 | 8ms
✨31.12.2025, 10:58:57✨ | GET / | Status: 200 | 5ms
✨31.12.2025, 10:58:57✨ | GET / | Status: 200 | 7ms
✨31.12.2025, 10:58:57✨ | GET / | Status: 200 | 6ms
✨31.12.2025, 10:58:57✨ | GET / | Status: 200 | 7ms
✨31.12.2025, 10:59:41✨ | GET / | Status: 200 | 6ms
✨31.12.2025, 10:59:41✨ | GET / | Status: 200 | 8ms
✨31.12.2025, 10:59:41✨ | GET / | Status: 200 | 6ms
✨31.12.2025, 10:59:41✨ | GET / | Status: 200 | 7ms
✨31.12.2025, 10:59:49✨ | GET / | Status: 200 | 5ms
✨31.12.2025, 10:59:49✨ | GET / | Status: 200 | 7ms
✨31.12.2025, 10:59:49✨ | GET / | Status: 200 | 7ms
✨31.12.2025, 10:59:49✨ | GET / | Status: 200 | 8ms
✨31.12.2025, 11:00:26✨ | GET / | Status: 200 | 5ms
✨31.12.2025, 11:00:26✨ | GET / | Status: 200 | 7ms
✨31.12.2025, 11:00:26✨ | GET / | Status: 200 | 5ms
✨31.12.2025, 11:00:26✨ | GET / | Status: 200 | 6ms
✨31.12.2025, 11:01:23✨ | GET / | Status: 200 | 6ms
✨31.12.2025, 11:01:23✨ | GET / | Status: 200 | 7ms
✨31.12.2025, 11:01:23✨ | GET / | Status: 200 | 7ms
✨31.12.2025, 11:01:23✨ | GET / | Status: 200 | 8ms
✨31.12.2025, 11:01:28✨ | GET / | Status: 200 | 6ms
✨31.12.2025, 11:01:28✨ | GET / | Status: 200 | 7ms
✨31.12.2025, 11:01:28✨ | GET / | Status: 200 | 7ms
✨31.12.2025, 11:01:28✨ | GET / | Status: 200 | 8ms
✨31.12.2025, 11:02:04✨ | GET / | Status: 200 | 5ms
✨31.12.2025, 11:02:04✨ | GET / | Status: 200 | 6ms
✨31.12.2025, 11:02:04✨ | GET / | Status: 200 | 6ms
✨31.12.2025, 11:02:04✨ | GET / | Status: 200 | 7ms
✨31.12.2025, 11:02:06✨ | GET / | Status: 200 | 7ms
✨31.12.2025, 11:02:06✨ | GET / | Status: 200 | 8ms
✨31.12.2025, 11:02:06✨ | GET / | Status: 200 | 5ms
✨31.12.2025, 11:02:06✨ | GET / | Status: 200 | 6ms
✨31.12.2025, 11:02:10✨ | GET / | Status: 200 | 5ms
✨31.12.2025, 11:02:10✨ | GET / | Status: 200 | 7ms
✨31.12.2025, 11:02:10✨ | GET / | Status: 200 | 5ms
✨31.12.2025, 11:02:10✨ | GET / | Status: 200 | 6ms
✨31.12.2025, 11:02:26✨ | GET / | Status: 200 | 5ms
✨31.12.2025, 11:02:26✨ | GET / | Status: 200 | 6ms
✨31.12.2025, 11:02:26✨ | GET / | Status: 200 | 6ms
✨31.12.2025, 11:02:26✨ | GET / | Status: 200 | 7ms
✨31.12.2025, 11:02:30✨ | GET / | Status: 200 | 6ms
✨31.12.2025, 11:02:30✨ | GET / | Status: 200 | 7ms
✨31.12.2025, 11:02:30✨ | GET / | Status: 200 | 8ms
✨31.12.2025, 11:02:30✨ | GET / | Status: 200 | 7ms
✨31.12.2025, 11:02:32✨ | GET / | Status: 200 | 6ms
✨31.12.2025, 11:02:32✨ | GET / | Status: 200 | 7ms
✨31.12.2025, 11:02:32✨ | GET / | Status: 200 | 7ms
✨31.12.2025, 11:02:32✨ | GET / | Status: 200 | 8ms
✨31.12.2025, 11:02:34✨ | GET / | Status: 200 | 6ms
✨31.12.2025, 11:02:34✨ | GET / | Status: 200 | 7ms
✨31.12.2025, 11:02:34✨ | GET / | Status: 200 | 6ms
✨31.12.2025, 11:02:34✨ | GET / | Status: 200 | 7ms
✨31.12.2025, 11:02:37✨ | GET / | Status: 200 | 5ms
✨31.12.2025, 11:02:37✨ | GET / | Status: 200 | 6ms
✨31.12.2025, 11:02:37✨ | GET / | Status: 200 | 6ms
✨31.12.2025, 11:02:37✨ | GET / | Status: 200 | 6ms
✨31.12.2025, 11:02:38✨ | GET / | Status: 200 | 6ms
✨31.12.2025, 11:02:38✨ | GET / | Status: 200 | 7ms
✨31.12.2025, 11:02:38✨ | GET / | Status: 200 | 37ms
✨31.12.2025, 11:02:38✨ | GET / | Status: 200 | 38ms
✨31.12.2025, 11:02:39✨ | GET / | Status: 200 | 5ms
✨31.12.2025, 11:02:39✨ | GET / | Status: 200 | 7ms
✨31.12.2025, 11:02:39✨ | GET / | Status: 200 | 5ms
✨31.12.2025, 11:02:39✨ | GET / | Status: 200 | 6ms
✨31.12.2025, 11:02:43✨ | GET / | Status: 200 | 6ms
✨31.12.2025, 11:02:43✨ | GET / | Status: 200 | 7ms
✨31.12.2025, 11:02:43✨ | GET / | Status: 200 | 6ms
✨31.12.2025, 11:02:43✨ | GET / | Status: 200 | 7ms
✨31.12.2025, 11:02:47✨ | GET / | Status: 200 | 6ms
✨31.12.2025, 11:02:47✨ | GET / | Status: 200 | 7ms
✨31.12.2025, 11:02:47✨ | GET / | Status: 200 | 6ms
✨31.12.2025, 11:02:47✨ | GET / | Status: 200 | 7ms
✨31.12.2025, 11:02:49✨ | GET / | Status: 200 | 5ms
✨31.12.2025, 11:02:49✨ | GET / | Status: 200 | 6ms
✨31.12.2025, 11:02:50✨ | GET / | Status: 200 | 4ms
✨31.12.2025, 11:02:50✨ | GET / | Status: 200 | 5ms
✨31.12.2025, 11:02:57✨ | GET / | Status: 200 | 5ms
✨31.12.2025, 11:02:57✨ | GET / | Status: 200 | 5ms
✨31.12.2025, 11:02:57✨ | GET / | Status: 200 | 5ms
✨31.12.2025, 11:02:57✨ | GET / | Status: 200 | 6ms
✨31.12.2025, 11:02:59✨ | GET / | Status: 200 | 5ms
✨31.12.2025, 11:02:59✨ | GET / | Status: 200 | 6ms
✨31.12.2025, 11:02:59✨ | GET / | Status: 200 | 7ms
✨31.12.2025, 11:02:59✨ | GET / | Status: 200 | 8ms
✨31.12.2025, 11:03:01✨ | GET / | Status: 200 | 5ms
✨31.12.2025, 11:03:01✨ | GET / | Status: 200 | 6ms
✨31.12.2025, 11:03:01✨ | GET / | Status: 200 | 8ms
✨31.12.2025, 11:03:01✨ | GET / | Status: 200 | 9ms
✨31.12.2025, 11:03:06✨ | GET / | Status: 200 | 5ms
✨31.12.2025, 11:03:06✨ | GET / | Status: 200 | 6ms
✨31.12.2025, 11:03:06✨ | GET / | Status: 200 | 6ms
✨31.12.2025, 11:03:06✨ | GET / | Status: 200 | 7ms
✨31.12.2025, 11:03:09✨ | GET / | Status: 200 | 5ms
✨31.12.2025, 11:03:09✨ | GET / | Status: 200 | 6ms
✨31.12.2025, 11:03:09✨ | GET / | Status: 200 | 6ms
✨31.12.2025, 11:03:09✨ | GET / | Status: 200 | 7ms
✨31.12.2025, 11:03:17✨ | GET / | Status: 200 | 5ms
✨31.12.2025, 11:03:17✨ | GET / | Status: 200 | 6ms
✨31.12.2025, 11:03:17✨ | GET / | Status: 200 | 7ms
✨31.12.2025, 11:03:17✨ | GET / | Status: 200 | 8ms
✨31.12.2025, 11:03:19✨ | GET / | Status: 200 | 5ms
✨31.12.2025, 11:03:19✨ | GET / | Status: 200 | 6ms
✨31.12.2025, 11:03:19✨ | GET / | Status: 200 | 15ms
✨31.12.2025, 11:03:19✨ | GET / | Status: 200 | 16ms
✨31.12.2025, 11:03:34✨ | GET / | Status: 200 | 6ms
✨31.12.2025, 11:03:34✨ | GET / | Status: 200 | 7ms
✨31.12.2025, 11:03:34✨ | GET / | Status: 200 | 7ms
✨31.12.2025, 11:03:34✨ | GET / | Status: 200 | 7ms
✨31.12.2025, 11:03:35✨ | GET / | Status: 200 | 5ms
✨31.12.2025, 11:03:35✨ | GET / | Status: 200 | 7ms
✨31.12.2025, 11:03:35✨ | GET / | Status: 200 | 5ms
✨31.12.2025, 11:03:35✨ | GET / | Status: 200 | 6ms
✨31.12.2025, 11:04:03✨ | GET / | Status: 200 | 4ms
✨31.12.2025, 11:04:03✨ | GET / | Status: 200 | 7ms
✨31.12.2025, 11:04:03✨ | GET / | Status: 200 | 5ms
✨31.12.2025, 11:04:03✨ | GET / | Status: 200 | 6ms
✨31.12.2025, 11:04:10✨ | GET / | Status: 200 | 5ms
✨31.12.2025, 11:04:10✨ | GET / | Status: 200 | 6ms
✨31.12.2025, 11:04:10✨ | GET / | Status: 200 | 6ms
✨31.12.2025, 11:04:10✨ | GET / | Status: 200 | 7ms
✨31.12.2025, 11:04:13✨ | GET / | Status: 200 | 6ms
✨31.12.2025, 11:04:13✨ | GET / | Status: 200 | 7ms
✨31.12.2025, 11:04:13✨ | GET / | Status: 200 | 5ms
✨31.12.2025, 11:04:13✨ | GET / | Status: 200 | 6ms
✨31.12.2025, 11:04:20✨ | GET / | Status: 200 | 6ms
✨31.12.2025, 11:04:20✨ | GET / | Status: 200 | 6ms
✨31.12.2025, 11:04:20✨ | GET / | Status: 200 | 6ms
✨31.12.2025, 11:04:20✨ | GET / | Status: 200 | 7ms
✨31.12.2025, 11:04:41✨ | GET / | Status: 200 | 5ms
✨31.12.2025, 11:04:41✨ | GET / | Status: 200 | 6ms
✨31.12.2025, 11:04:41✨ | GET / | Status: 200 | 4ms
✨31.12.2025, 11:04:41✨ | GET / | Status: 200 | 6ms
✨31.12.2025, 11:04:43✨ | GET / | Status: 200 | 5ms
✨31.12.2025, 11:04:43✨ | GET / | Status: 200 | 6ms
✨31.12.2025, 11:04:43✨ | GET / | Status: 200 | 5ms
✨31.12.2025, 11:04:43✨ | GET / | Status: 200 | 6ms
✨31.12.2025, 11:07:07✨ | GET / | Status: 200 | 6ms
✨31.12.2025, 11:07:07✨ | GET / | Status: 200 | 6ms
✨31.12.2025, 11:07:07✨ | GET / | Status: 200 | 4ms
✨31.12.2025, 11:07:07✨ | GET / | Status: 200 | 5ms
✨31.12.2025, 11:07:09✨ | GET / | Status: 200 | 5ms
✨31.12.2025, 11:07:09✨ | GET / | Status: 200 | 6ms
✨31.12.2025, 11:07:09✨ | GET / | Status: 200 | 6ms
✨31.12.2025, 11:07:09✨ | GET / | Status: 200 | 7ms
✨31.12.2025, 11:07:12✨ | GET / | Status: 200 | 6ms
✨31.12.2025, 11:07:12✨ | GET / | Status: 200 | 7ms
✨31.12.2025, 11:07:12✨ | GET / | Status: 200 | 5ms
✨31.12.2025, 11:07:12✨ | GET / | Status: 200 | 6ms
✨31.12.2025, 11:07:15✨ | GET / | Status: 200 | 6ms
✨31.12.2025, 11:07:15✨ | GET / | Status: 200 | 7ms
✨31.12.2025, 11:07:15✨ | GET / | Status: 200 | 5ms
✨31.12.2025, 11:07:15✨ | GET / | Status: 200 | 6ms
✨31.12.2025, 11:07:52✨ | GET / | Status: 200 | 5ms
✨31.12.2025, 11:07:52✨ | GET / | Status: 200 | 6ms
✨31.12.2025, 11:07:52✨ | GET / | Status: 200 | 8ms
✨31.12.2025, 11:07:52✨ | GET / | Status: 200 | 6ms
✨31.12.2025, 11:08:08✨ | GET / | Status: 200 | 6ms
✨31.12.2025, 11:08:08✨ | GET / | Status: 200 | 7ms
✨31.12.2025, 11:08:08✨ | GET / | Status: 200 | 4ms
✨31.12.2025, 11:08:08✨ | GET / | Status: 200 | 5ms
✨31.12.2025, 11:08:10✨ | GET / | Status: 200 | 5ms
✨31.12.2025, 11:08:10✨ | GET / | Status: 200 | 6ms
✨31.12.2025, 11:08:10✨ | GET / | Status: 200 | 5ms
✨31.12.2025, 11:08:10✨ | GET / | Status: 200 | 6ms
✨31.12.2025, 11:09:34✨ | GET / | Status: 200 | 5ms
✨31.12.2025, 11:09:34✨ | GET / | Status: 200 | 6ms
✨31.12.2025, 11:09:34✨ | GET / | Status: 200 | 5ms
✨31.12.2025, 11:09:34✨ | GET / | Status: 200 | 6ms
✨31.12.2025, 11:10:08✨ | GET / | Status: 200 | 5ms
✨31.12.2025, 11:10:08✨ | GET / | Status: 200 | 6ms
✨31.12.2025, 11:10:08✨ | GET / | Status: 200 | 5ms
✨31.12.2025, 11:10:08✨ | GET / | Status: 200 | 7ms
✨31.12.2025, 11:10:39✨ | GET / | Status: 200 | 6ms
✨31.12.2025, 11:10:39✨ | GET / | Status: 200 | 7ms
✨31.12.2025, 11:10:39✨ | GET / | Status: 200 | 5ms
✨31.12.2025, 11:10:39✨ | GET / | Status: 200 | 5ms
✨31.12.2025, 11:10:57✨ | GET / | Status: 200 | 4ms
✨31.12.2025, 11:10:57✨ | GET / | Status: 200 | 5ms
✨31.12.2025, 11:10:57✨ | GET / | Status: 200 | 4ms
✨31.12.2025, 11:10:57✨ | GET / | Status: 200 | 5ms
✨31.12.2025, 11:11:08✨ | GET / | Status: 200 | 5ms
✨31.12.2025, 11:11:08✨ | GET / | Status: 200 | 6ms
✨31.12.2025, 11:11:08✨ | GET / | Status: 200 | 5ms
✨31.12.2025, 11:11:08✨ | GET / | Status: 200 | 6ms
✨31.12.2025, 11:12:29✨ | GET / | Status: 200 | 6ms
✨31.12.2025, 11:12:29✨ | GET / | Status: 200 | 8ms
✨31.12.2025, 11:12:29✨ | GET / | Status: 200 | 5ms
✨31.12.2025, 11:12:29✨ | GET / | Status: 200 | 6ms
✨31.12.2025, 11:12:43✨ | GET / | Status: 200 | 5ms
✨31.12.2025, 11:12:43✨ | GET / | Status: 200 | 5ms
✨31.12.2025, 11:12:43✨ | GET / | Status: 200 | 5ms
✨31.12.2025, 11:12:43✨ | GET / | Status: 200 | 6ms
✨31.12.2025, 11:13:26✨ | GET / | Status: 200 | 5ms
✨31.12.2025, 11:13:26✨ | GET / | Status: 200 | 6ms
✨31.12.2025, 11:13:26✨ | GET / | Status: 200 | 5ms
✨31.12.2025, 11:13:26✨ | GET / | Status: 200 | 6ms
✨31.12.2025, 11:13:34✨ | GET / | Status: 200 | 6ms
✨31.12.2025, 11:13:34✨ | GET / | Status: 200 | 6ms
✨31.12.2025, 11:13:34✨ | GET / | Status: 200 | 4ms
✨31.12.2025, 11:13:34✨ | GET / | Status: 200 | 6ms
✨31.12.2025, 11:13:38✨ | GET / | Status: 200 | 5ms
✨31.12.2025, 11:13:38✨ | GET / | Status: 200 | 6ms
✨31.12.2025, 11:13:38✨ | GET / | Status: 200 | 5ms
✨31.12.2025, 11:13:38✨ | GET / | Status: 200 | 6ms
✨31.12.2025, 11:14:04✨ | GET / | Status: 200 | 4ms
✨31.12.2025, 11:14:04✨ | GET / | Status: 200 | 5ms
✨31.12.2025, 11:14:04✨ | GET / | Status: 200 | 5ms
✨31.12.2025, 11:14:04✨ | GET / | Status: 200 | 6ms
✨31.12.2025, 11:14:11✨ | GET / | Status: 200 | 5ms
✨31.12.2025, 11:14:11✨ | GET / | Status: 200 | 6ms
✨31.12.2025, 11:14:11✨ | GET / | Status: 200 | 5ms
✨31.12.2025, 11:14:11✨ | GET / | Status: 200 | 6ms
✨31.12.2025, 11:14:30✨ | GET / | Status: 200 | 6ms
✨31.12.2025, 11:14:30✨ | GET / | Status: 200 | 7ms
✨31.12.2025, 11:14:30✨ | GET / | Status: 200 | 4ms
✨31.12.2025, 11:14:30✨ | GET / | Status: 200 | 5ms
✨31.12.2025, 11:14:31✨ | GET / | Status: 200 | 5ms
✨31.12.2025, 11:14:31✨ | GET / | Status: 200 | 6ms
✨31.12.2025, 11:14:31✨ | GET / | Status: 200 | 5ms
✨31.12.2025, 11:14:31✨ | GET / | Status: 200 | 6ms
✨31.12.2025, 11:14:36✨ | GET / | Status: 200 | 5ms
✨31.12.2025, 11:14:36✨ | GET / | Status: 200 | 6ms
✨31.12.2025, 11:14:36✨ | GET / | Status: 200 | 5ms
✨31.12.2025, 11:14:36✨ | GET / | Status: 200 | 6ms
✨31.12.2025, 11:14:37✨ | GET / | Status: 200 | 4ms
✨31.12.2025, 11:14:37✨ | GET / | Status: 200 | 6ms
✨31.12.2025, 11:14:37✨ | GET / | Status: 200 | 5ms
✨31.12.2025, 11:14:37✨ | GET / | Status: 200 | 6ms
✨31.12.2025, 11:14:39✨ | GET / | Status: 200 | 5ms
✨31.12.2025, 11:14:39✨ | GET / | Status: 200 | 6ms
✨31.12.2025, 11:14:39✨ | GET / | Status: 200 | 5ms
✨31.12.2025, 11:14:39✨ | GET / | Status: 200 | 6ms
✨31.12.2025, 11:14:49✨ | GET / | Status: 200 | 5ms
✨31.12.2025, 11:14:49✨ | GET / | Status: 200 | 6ms
✨31.12.2025, 11:14:49✨ | GET / | Status: 200 | 5ms
✨31.12.2025, 11:14:49✨ | GET / | Status: 200 | 6ms
✨31.12.2025, 11:14:53✨ | GET / | Status: 200 | 6ms
✨31.12.2025, 11:14:53✨ | GET / | Status: 200 | 6ms
✨31.12.2025, 11:14:53✨ | GET / | Status: 200 | 5ms
✨31.12.2025, 11:14:53✨ | GET / | Status: 200 | 6ms
✨31.12.2025, 11:14:56✨ | GET / | Status: 200 | 5ms
✨31.12.2025, 11:14:56✨ | GET / | Status: 200 | 6ms
✨31.12.2025, 11:14:56✨ | GET / | Status: 200 | 5ms
✨31.12.2025, 11:14:56✨ | GET / | Status: 200 | 6ms
✨31.12.2025, 11:15:00✨ | GET / | Status: 200 | 5ms
✨31.12.2025, 11:15:00✨ | GET / | Status: 200 | 6ms
✨31.12.2025, 11:15:00✨ | GET / | Status: 200 | 5ms
✨31.12.2025, 11:15:00✨ | GET / | Status: 200 | 6ms
✨31.12.2025, 11:15:02✨ | GET / | Status: 200 | 6ms
✨31.12.2025, 11:15:02✨ | GET / | Status: 200 | 7ms
✨31.12.2025, 11:15:02✨ | GET / | Status: 200 | 5ms
✨31.12.2025, 11:15:02✨ | GET / | Status: 200 | 6ms
✨31.12.2025, 11:15:04✨ | GET / | Status: 200 | 5ms
✨31.12.2025, 11:15:04✨ | GET / | Status: 200 | 6ms
✨31.12.2025, 11:15:04✨ | GET / | Status: 200 | 8ms
✨31.12.2025, 11:15:04✨ | GET / | Status: 200 | 9ms
✨31.12.2025, 11:15:35✨ | GET / | Status: 200 | 5ms
✨31.12.2025, 11:15:35✨ | GET / | Status: 200 | 6ms
✨31.12.2025, 11:15:35✨ | GET / | Status: 200 | 6ms
✨31.12.2025, 11:15:35✨ | GET / | Status: 200 | 7ms
✨31.12.2025, 11:16:48✨ | GET / | Status: 200 | 5ms
✨31.12.2025, 11:16:48✨ | GET / | Status: 200 | 6ms
✨31.12.2025, 11:16:48✨ | GET / | Status: 200 | 5ms
✨31.12.2025, 11:16:48✨ | GET / | Status: 200 | 6ms
✨31.12.2025, 11:17:03✨ | GET / | Status: 200 | 10ms
✨31.12.2025, 11:17:03✨ | GET / | Status: 200 | 11ms
✨31.12.2025, 11:17:03✨ | GET / | Status: 200 | 6ms
✨31.12.2025, 11:17:03✨ | GET / | Status: 200 | 7ms
✨31.12.2025, 11:18:41✨ | GET / | Status: 200 | 5ms
✨31.12.2025, 11:18:41✨ | GET / | Status: 200 | 6ms
✨31.12.2025, 11:18:57✨ | GET / | Status: 200 | 5ms
✨31.12.2025, 11:18:57✨ | GET / | Status: 200 | 6ms
✨31.12.2025, 11:18:59✨ | GET / | Status: 200 | 4ms
✨31.12.2025, 11:18:59✨ | GET / | Status: 200 | 5ms
✨31.12.2025, 11:19:02✨ | GET / | Status: 200 | 5ms
✨31.12.2025, 11:19:02✨ | GET / | Status: 200 | 6ms
✨31.12.2025, 11:20:46✨ | GET / | Status: 200 | 5ms
✨31.12.2025, 11:20:46✨ | GET / | Status: 200 | 6ms
✨31.12.2025, 11:21:00✨ | GET / | Status: 200 | 5ms
✨31.12.2025, 11:21:00✨ | GET / | Status: 200 | 6ms
✨31.12.2025, 11:21:02✨ | GET / | Status: 200 | 11ms
✨31.12.2025, 11:21:02✨ | GET / | Status: 200 | 12ms
✨31.12.2025, 11:21:03✨ | GET / | Status: 200 | 9ms
✨31.12.2025, 11:21:03✨ | GET / | Status: 200 | 11ms
✨31.12.2025, 11:21:06✨ | GET / | Status: 200 | 5ms
✨31.12.2025, 11:21:06✨ | GET / | Status: 200 | 6ms
✨31.12.2025, 11:21:07✨ | GET / | Status: 200 | 7ms
✨31.12.2025, 11:21:07✨ | GET / | Status: 200 | 8ms
✨31.12.2025, 11:21:17✨ | GET / | Status: 200 | 6ms
✨31.12.2025, 11:21:17✨ | GET / | Status: 200 | 6ms
✨31.12.2025, 11:21:23✨ | GET / | Status: 200 | 4ms
✨31.12.2025, 11:21:23✨ | GET / | Status: 200 | 5ms
✨31.12.2025, 11:21:26✨ | GET / | Status: 200 | 5ms
✨31.12.2025, 11:21:26✨ | GET / | Status: 200 | 6ms
✨31.12.2025, 11:21:29✨ | GET / | Status: 200 | 5ms
✨31.12.2025, 11:21:29✨ | GET / | Status: 200 | 6ms
✨31.12.2025, 11:21:31✨ | GET / | Status: 200 | 5ms
✨31.12.2025, 11:21:31✨ | GET / | Status: 200 | 6ms
✨31.12.2025, 11:21:35✨ | GET / | Status: 200 | 8ms
✨31.12.2025, 11:21:35✨ | GET / | Status: 200 | 9ms
✨31.12.2025, 11:21:38✨ | GET / | Status: 200 | 5ms
✨31.12.2025, 11:21:38✨ | GET / | Status: 200 | 6ms
✨31.12.2025, 11:21:43✨ | GET / | Status: 200 | 5ms
✨31.12.2025, 11:21:43✨ | GET / | Status: 200 | 6ms
✨31.12.2025, 11:21:46✨ | GET / | Status: 200 | 6ms
✨31.12.2025, 11:21:46✨ | GET / | Status: 200 | 8ms
✨31.12.2025, 11:21:48✨ | GET / | Status: 200 | 8ms
✨31.12.2025, 11:21:48✨ | GET / | Status: 200 | 9ms
✨31.12.2025, 11:21:53✨ | GET / | Status: 200 | 5ms
✨31.12.2025, 11:21:53✨ | GET / | Status: 200 | 6ms
✨31.12.2025, 11:21:54✨ | GET / | Status: 200 | 5ms
✨31.12.2025, 11:21:54✨ | GET / | Status: 200 | 6ms
✨31.12.2025, 11:21:56✨ | GET / | Status: 200 | 5ms
✨31.12.2025, 11:21:56✨ | GET / | Status: 200 | 6ms
✨31.12.2025, 11:22:13✨ | GET / | Status: 200 | 5ms
✨31.12.2025, 11:22:13✨ | GET / | Status: 200 | 6ms
✨31.12.2025, 11:22:23✨ | GET / | Status: 200 | 5ms
✨31.12.2025, 11:22:23✨ | GET / | Status: 200 | 6ms
✨31.12.2025, 11:23:58✨ | GET / | Status: 200 | 5ms
✨31.12.2025, 11:23:58✨ | GET / | Status: 200 | 6ms
✨31.12.2025, 11:24:03✨ | GET / | Status: 200 | 6ms
✨31.12.2025, 11:24:03✨ | GET / | Status: 200 | 7ms
✨31.12.2025, 11:24:05✨ | GET / | Status: 200 | 6ms
✨31.12.2025, 11:24:05✨ | GET / | Status: 200 | 7ms
✨31.12.2025, 11:24:17✨ | GET /6900b82e3a9233396e391bb4 | Status: 200 | 23ms
✨31.12.2025, 11:24:17✨ | GET /6900b82e3a9233396e391bb4 | Status: 200 | 24ms
✨31.12.2025, 11:24:17✨ | GET /6900b82e3a9233396e391bb4 | Status: 200 | 8ms
✨31.12.2025, 11:24:17✨ | GET /6900b82e3a9233396e391bb4 | Status: 200 | 9ms
✨31.12.2025, 11:24:17✨ | GET /category/Groceries | Status: 200 | 9ms
✨31.12.2025, 11:24:17✨ | GET /category/Groceries | Status: 200 | 9ms
✨31.12.2025, 11:24:17✨ | GET /category/Groceries | Status: 200 | 5ms
✨31.12.2025, 11:24:17✨ | GET /category/Groceries | Status: 200 | 4ms
✨31.12.2025, 11:24:22✨ | GET / | Status: 200 | 6ms
✨31.12.2025, 11:24:22✨ | GET / | Status: 200 | 8ms
✨31.12.2025, 11:24:40✨ | GET / | Status: 200 | 5ms
✨31.12.2025, 11:24:40✨ | GET / | Status: 200 | 7ms
✨31.12.2025, 11:24:43✨ | GET / | Status: 200 | 9ms
✨31.12.2025, 11:24:43✨ | GET / | Status: 200 | 10ms
✨31.12.2025, 11:24:44✨ | GET / | Status: 200 | 7ms
✨31.12.2025, 11:24:44✨ | GET / | Status: 200 | 9ms
✨31.12.2025, 11:27:01✨ | GET / | Status: 200 | 8ms
✨31.12.2025, 11:27:01✨ | GET / | Status: 200 | 9ms
✨31.12.2025, 11:28:52✨ | GET / | Status: 200 | 7ms
✨31.12.2025, 11:28:52✨ | GET / | Status: 200 | 8ms
✨31.12.2025, 11:31:32✨ | GET / | Status: 200 | 6ms
✨31.12.2025, 11:31:32✨ | GET / | Status: 200 | 8ms
✨31.12.2025, 11:33:34✨ | GET / | Status: 200 | 6ms
✨31.12.2025, 11:33:34✨ | GET / | Status: 200 | 8ms
✨31.12.2025, 11:33:36✨ | GET / | Status: 200 | 10ms
✨31.12.2025, 11:33:36✨ | GET / | Status: 200 | 12ms
✨31.12.2025, 11:33:40✨ | GET / | Status: 200 | 6ms
✨31.12.2025, 11:33:40✨ | GET / | Status: 200 | 7ms
✨31.12.2025, 11:34:30✨ | GET / | Status: 200 | 6ms
✨31.12.2025, 11:34:30✨ | GET / | Status: 200 | 7ms
✨31.12.2025, 11:34:32✨ | GET / | Status: 200 | 6ms
✨31.12.2025, 11:34:32✨ | GET / | Status: 200 | 7ms
✨31.12.2025, 11:34:43✨ | GET / | Status: 200 | 6ms
✨31.12.2025, 11:34:43✨ | GET / | Status: 200 | 8ms
✨31.12.2025, 11:35:31✨ | GET /6900b7b93a9233396e391b91 | Status: 200 | 6ms
✨31.12.2025, 11:35:31✨ | GET /6900b7b93a9233396e391b91 | Status: 200 | 6ms
✨31.12.2025, 11:35:31✨ | GET /6900b7b93a9233396e391b91 | Status: 200 | 12ms
✨31.12.2025, 11:35:31✨ | GET /6900b7b93a9233396e391b91 | Status: 200 | 12ms
✨31.12.2025, 11:35:31✨ | GET /category/Platters | Status: 200 | 4ms
✨31.12.2025, 11:35:31✨ | GET /category/Platters | Status: 200 | 4ms
✨31.12.2025, 11:35:31✨ | GET /category/Platters | Status: 200 | 4ms
✨31.12.2025, 11:35:31✨ | GET /category/Platters | Status: 200 | 4ms
✨31.12.2025, 11:35:33✨ | GET / | Status: 200 | 7ms
✨31.12.2025, 11:35:33✨ | GET / | Status: 200 | 8ms
✨31.12.2025, 11:35:36✨ | GET / | Status: 200 | 5ms
✨31.12.2025, 11:35:36✨ | GET / | Status: 200 | 6ms
✨31.12.2025, 11:35:40✨ | GET / | Status: 200 | 4ms
✨31.12.2025, 11:35:40✨ | GET / | Status: 200 | 6ms
✨31.12.2025, 11:35:58✨ | GET / | Status: 200 | 6ms
✨31.12.2025, 11:35:58✨ | GET / | Status: 200 | 7ms
✨31.12.2025, 11:36:26✨ | GET / | Status: 200 | 5ms
✨31.12.2025, 11:36:26✨ | GET / | Status: 200 | 6ms
✨31.12.2025, 11:36:31✨ | GET / | Status: 200 | 5ms
✨31.12.2025, 11:36:31✨ | GET / | Status: 200 | 7ms
✨31.12.2025, 11:36:38✨ | GET / | Status: 200 | 6ms
✨31.12.2025, 11:36:38✨ | GET / | Status: 200 | 7ms
✨31.12.2025, 11:36:50✨ | GET / | Status: 200 | 5ms
✨31.12.2025, 11:36:50✨ | GET / | Status: 200 | 7ms
✨31.12.2025, 11:38:41✨ | GET / | Status: 200 | 6ms
✨31.12.2025, 11:38:41✨ | GET / | Status: 200 | 7ms
✨31.12.2025, 11:38:50✨ | GET / | Status: 200 | 5ms
✨31.12.2025, 11:38:50✨ | GET / | Status: 200 | 7ms
✨31.12.2025, 11:39:57✨ | GET / | Status: 200 | 5ms
✨31.12.2025, 11:39:57✨ | GET / | Status: 200 | 6ms
✨31.12.2025, 11:40:00✨ | GET / | Status: 200 | 5ms
✨31.12.2025, 11:40:00✨ | GET / | Status: 200 | 6ms
✨31.12.2025, 11:40:03✨ | GET / | Status: 200 | 6ms
✨31.12.2025, 11:40:03✨ | GET / | Status: 200 | 7ms
✨31.12.2025, 11:40:09✨ | GET /6900b82e3a9233396e391bb5 | Status: 200 | 6ms
✨31.12.2025, 11:40:09✨ | GET /6900b82e3a9233396e391bb5 | Status: 200 | 7ms
✨31.12.2025, 11:40:09✨ | GET /6900b82e3a9233396e391bb5 | Status: 200 | 10ms
✨31.12.2025, 11:40:09✨ | GET /6900b82e3a9233396e391bb5 | Status: 200 | 10ms
✨31.12.2025, 11:40:09✨ | GET /category/Sweets | Status: 200 | 6ms
✨31.12.2025, 11:40:09✨ | GET /category/Sweets | Status: 200 | 6ms
✨31.12.2025, 11:40:09✨ | GET /category/Sweets | Status: 200 | 4ms
✨31.12.2025, 11:40:09✨ | GET /category/Sweets | Status: 200 | 4ms
✨31.12.2025, 11:40:11✨ | GET /category/sweets | Status: 200 | 3ms
✨31.12.2025, 11:40:11✨ | GET /category/sweets | Status: 200 | 4ms
✨31.12.2025, 11:40:11✨ | GET /category/sweets | Status: 200 | 4ms
✨31.12.2025, 11:40:11✨ | GET /category/sweets | Status: 200 | 5ms
✨31.12.2025, 11:40:18✨ | GET / | Status: 200 | 9ms
✨31.12.2025, 11:40:18✨ | GET / | Status: 200 | 10ms
✨31.12.2025, 11:40:20✨ | GET / | Status: 200 | 11ms
✨31.12.2025, 11:40:20✨ | GET / | Status: 200 | 12ms
✨31.12.2025, 11:40:25✨ | GET / | Status: 200 | 10ms
✨31.12.2025, 11:40:25✨ | GET / | Status: 200 | 11ms
✨31.12.2025, 11:40:26✨ | GET / | Status: 200 | 9ms
✨31.12.2025, 11:40:26✨ | GET / | Status: 200 | 10ms
✨31.12.2025, 11:40:51✨ | GET / | Status: 200 | 32ms
✨31.12.2025, 11:40:51✨ | GET / | Status: 200 | 37ms
✨31.12.2025, 11:40:55✨ | GET / | Status: 200 | 13ms
✨31.12.2025, 11:40:55✨ | GET / | Status: 200 | 15ms
✨31.12.2025, 11:41:04✨ | GET / | Status: 200 | 11ms
✨31.12.2025, 11:41:04✨ | GET / | Status: 200 | 14ms
✨31.12.2025, 11:45:31✨ | GET / | Status: 200 | 10ms
✨31.12.2025, 11:45:31✨ | GET / | Status: 200 | 12ms
✨31.12.2025, 11:45:42✨ | GET / | Status: 200 | 11ms
✨31.12.2025, 11:45:42✨ | GET / | Status: 200 | 9ms
✨31.12.2025, 12:43:42✨ | GET /search?category=&onSale=false&minDiscount=0&manufacturer=&inStock=false&minPrice=0&maxPrice=1&sortBy=newest&limit=12&skip=0 | Status: 200 | 27ms
✨31.12.2025, 12:43:47✨ | GET /search?category=&onSale=false&minDiscount=0&manufacturer=&inStock=false&minPrice=0&maxPrice=1&sortBy=newest&limit=12&skip=0 | Status: 200 | 9ms
✨31.12.2025, 12:45:08✨ | GET /search?category=&onSale=false&minDiscount=0&manufacturer=&inStock=false&minPrice=0&maxPrice=1&sortBy=newest&limit=12&skip=0 | Status: 200 | 21ms
✨31.12.2025, 12:45:16✨ | GET /search?category=&onSale=false&minDiscount=0&manufacturer=&inStock=false&minPrice=0&maxPrice=1&sortBy=newest&limit=12&skip=0 | Status: 200 | 8ms
✨31.12.2025, 12:45:20✨ | GET /search?category=&onSale=false&minDiscount=0&manufacturer=&inStock=false&minPrice=0&maxPrice=1&sortBy=newest&limit=12&skip=0 | Status: 200 | 7ms
✨31.12.2025, 12:45:25✨ | GET /search?category=&onSale=false&minDiscount=0&manufacturer=&inStock=false&minPrice=0&maxPrice=1&sortBy=newest&limit=12&skip=0 | Status: 200 | 7ms
✨31.12.2025, 12:45:26✨ | GET /search?category=&onSale=false&minDiscount=0&manufacturer=&inStock=false&minPrice=0&maxPrice=1&sortBy=newest&limit=12&skip=0 | Status: 200 | 7ms
✨31.12.2025, 12:45:30✨ | GET /search?category=&isSale=false&minDiscount=0&manufacturer=&inStock=false&minPrice=1&maxPrice=1000&sortBy=newest&limit=12&skip=0 | Status: 200 | 21ms
✨31.12.2025, 12:45:43✨ | GET /690089fb0269dfef2da4b04a | Status: 200 | 28ms
✨31.12.2025, 12:45:43✨ | GET /690089fb0269dfef2da4b04a | Status: 200 | 29ms
✨31.12.2025, 12:45:43✨ | GET /category/Cakes | Status: 200 | 10ms
✨31.12.2025, 12:45:43✨ | GET /category/Cakes | Status: 200 | 11ms
✨31.12.2025, 12:45:43✨ | GET /690089fb0269dfef2da4b04a | Status: 200 | 18ms
✨31.12.2025, 12:45:43✨ | GET /690089fb0269dfef2da4b04a | Status: 200 | 18ms
✨31.12.2025, 12:45:44✨ | GET /category/Cakes | Status: 200 | 6ms
✨31.12.2025, 12:45:44✨ | GET /category/Cakes | Status: 200 | 7ms
✨31.12.2025, 12:45:46✨ | GET /search?category=&isSale=false&minDiscount=0&manufacturer=&inStock=false&minPrice=1&maxPrice=1000&sortBy=newest&limit=12&skip=0 | Status: 200 | 12ms
✨31.12.2025, 12:45:52✨ | GET /search?category=&isSale=true&minDiscount=0&manufacturer=&inStock=false&minPrice=1&maxPrice=1000&sortBy=newest&limit=12&skip=0 | Status: 200 | 10ms
✨31.12.2025, 12:45:55✨ | GET /search?category=&isSale=false&minDiscount=0&manufacturer=&inStock=false&minPrice=1&maxPrice=1000&sortBy=newest&limit=12&skip=0 | Status: 200 | 11ms
✨31.12.2025, 12:45:57✨ | GET /search?category=&isSale=false&minDiscount=0&manufacturer=&inStock=true&minPrice=1&maxPrice=1000&sortBy=newest&limit=12&skip=0 | Status: 200 | 9ms
✨31.12.2025, 12:46:19✨ | GET /search?category=Cakes&isSale=false&minDiscount=0&manufacturer=&inStock=true&minPrice=1&maxPrice=1000&sortBy=newest&limit=12&skip=0 | Status: 200 | 11ms
✨31.12.2025, 12:46:30✨ | GET /search?category=Bake+House&isSale=false&minDiscount=0&manufacturer=&inStock=true&minPrice=1&maxPrice=1000&sortBy=newest&limit=12&skip=0 | Status: 200 | 11ms
✨31.12.2025, 12:46:34✨ | GET /search?category=Decorations&isSale=false&minDiscount=0&manufacturer=&inStock=true&minPrice=1&maxPrice=1000&sortBy=newest&limit=12&skip=0 | Status: 200 | 10ms
✨31.12.2025, 12:46:37✨ | GET /search?category=&isSale=false&minDiscount=0&manufacturer=&inStock=true&minPrice=1&maxPrice=1000&sortBy=newest&limit=12&skip=0 | Status: 200 | 11ms
✨31.12.2025, 12:46:47✨ | GET /search?category=&isSale=false&minDiscount=0&manufacturer=&inStock=true&minPrice=1&maxPrice=1000&sortBy=newest&limit=12&skip=0 | Status: 200 | 10ms
✨31.12.2025, 12:46:54✨ | GET /search?category=&isSale=false&minDiscount=0&manufacturer=&inStock=true&minPrice=1&maxPrice=1000&sortBy=newest&limit=12&skip=0 | Status: 200 | 8ms
✨31.12.2025, 12:46:57✨ | GET /search?category=&isSale=false&minDiscount=0&manufacturer=&inStock=false&minPrice=1&maxPrice=1000&sortBy=newest&limit=12&skip=0 | Status: 200 | 9ms
✨31.12.2025, 12:47:00✨ | GET /search?category=&isSale=true&minDiscount=0&manufacturer=&inStock=false&minPrice=1&maxPrice=1000&sortBy=newest&limit=12&skip=0 | Status: 200 | 8ms
✨31.12.2025, 12:47:01✨ | GET /search?category=&isSale=true&minDiscount=0&manufacturer=&inStock=false&minPrice=1&maxPrice=1000&sortBy=newest&limit=12&skip=0 | Status: 200 | 12ms
✨31.12.2025, 12:47:08✨ | GET /search?category=&isSale=true&minDiscount=0&manufacturer=&inStock=false&minPrice=1&maxPrice=740&sortBy=newest&limit=12&skip=0 | Status: 200 | 8ms
✨31.12.2025, 12:47:11✨ | GET /search?category=&isSale=true&minDiscount=0&manufacturer=&inStock=false&minPrice=1&maxPrice=920&sortBy=newest&limit=12&skip=0 | Status: 200 | 10ms
✨31.12.2025, 12:47:12✨ | GET /search?category=&isSale=true&minDiscount=0&manufacturer=&inStock=false&minPrice=1&maxPrice=1000&sortBy=newest&limit=12&skip=0 | Status: 200 | 11ms
✨31.12.2025, 12:47:16✨ | GET /search?category=&isSale=false&minDiscount=0&manufacturer=&inStock=false&minPrice=1&maxPrice=1000&sortBy=newest&limit=12&skip=0 | Status: 200 | 12ms
✨31.12.2025, 12:47:18✨ | GET /search?category=&isSale=false&minDiscount=0&manufacturer=&inStock=false&minPrice=1&maxPrice=750&sortBy=newest&limit=12&skip=0 | Status: 200 | 9ms
✨31.12.2025, 12:47:20✨ | GET /search?category=&isSale=false&minDiscount=0&manufacturer=&inStock=false&minPrice=210&maxPrice=750&sortBy=newest&limit=12&skip=0 | Status: 200 | 7ms
✨31.12.2025, 12:47:21✨ | GET /search?category=&isSale=false&minDiscount=0&manufacturer=&inStock=false&minPrice=0&maxPrice=750&sortBy=newest&limit=12&skip=0 | Status: 200 | 10ms
✨31.12.2025, 12:47:23✨ | GET /search?category=&isSale=false&minDiscount=0&manufacturer=&inStock=false&minPrice=0&maxPrice=320&sortBy=newest&limit=12&skip=0 | Status: 200 | 8ms
✨31.12.2025, 12:47:25✨ | GET /search?category=&isSale=false&minDiscount=0&manufacturer=&inStock=false&minPrice=0&maxPrice=220&sortBy=newest&limit=12&skip=0 | Status: 200 | 11ms
✨31.12.2025, 12:47:27✨ | GET /search?category=&isSale=false&minDiscount=0&manufacturer=&inStock=false&minPrice=0&maxPrice=160&sortBy=newest&limit=12&skip=0 | Status: 200 | 11ms
✨31.12.2025, 12:47:28✨ | GET /search?category=&isSale=false&minDiscount=0&manufacturer=&inStock=false&minPrice=0&maxPrice=120&sortBy=newest&limit=12&skip=0 | Status: 200 | 10ms
✨31.12.2025, 12:47:30✨ | GET /search?category=&isSale=false&minDiscount=0&manufacturer=&inStock=false&minPrice=0&maxPrice=90&sortBy=newest&limit=12&skip=0 | Status: 200 | 7ms
✨31.12.2025, 12:47:31✨ | GET /search?category=&isSale=false&minDiscount=0&manufacturer=&inStock=false&minPrice=0&maxPrice=60&sortBy=newest&limit=12&skip=0 | Status: 200 | 9ms
✨31.12.2025, 12:47:33✨ | GET /search?category=&isSale=false&minDiscount=0&manufacturer=&inStock=false&minPrice=0&maxPrice=40&sortBy=newest&limit=12&skip=0 | Status: 200 | 9ms
✨31.12.2025, 12:47:35✨ | GET /search?category=&isSale=false&minDiscount=0&manufacturer=&inStock=false&minPrice=0&maxPrice=30&sortBy=newest&limit=12&skip=0 | Status: 200 | 11ms
✨31.12.2025, 12:47:36✨ | GET /search?category=&isSale=false&minDiscount=0&manufacturer=&inStock=false&minPrice=10&maxPrice=30&sortBy=newest&limit=12&skip=0 | Status: 200 | 8ms
✨31.12.2025, 12:47:37✨ | GET /search?category=&isSale=false&minDiscount=0&manufacturer=&inStock=false&minPrice=0&maxPrice=30&sortBy=newest&limit=12&skip=0 | Status: 200 | 10ms
✨31.12.2025, 12:47:39✨ | GET /search?category=&isSale=false&minDiscount=0&manufacturer=&inStock=false&minPrice=0&maxPrice=10&sortBy=newest&limit=12&skip=0 | Status: 200 | 8ms
✨31.12.2025, 12:47:44✨ | GET /search?category=&isSale=false&minDiscount=0&manufacturer=&inStock=false&minPrice=0&maxPrice=20&sortBy=newest&limit=12&skip=0 | Status: 200 | 10ms
✨31.12.2025, 12:47:52✨ | GET /search?category=Cakes&isSale=false&minDiscount=0&manufacturer=&inStock=false&minPrice=0&maxPrice=20&sortBy=newest&limit=12&skip=0 | Status: 200 | 13ms
✨31.12.2025, 12:50:28✨ | GET /search?category=Bake+House&isSale=false&minDiscount=0&manufacturer=&inStock=false&minPrice=0&maxPrice=20&sortBy=newest&limit=12&skip=0 | Status: 200 | 6ms
✨31.12.2025, 12:50:31✨ | GET /search?category=Platters&isSale=false&minDiscount=0&manufacturer=&inStock=false&minPrice=0&maxPrice=20&sortBy=newest&limit=12&skip=0 | Status: 200 | 7ms
✨31.12.2025, 12:50:41✨ | GET /search?category=&isSale=false&minDiscount=0&manufacturer=&inStock=false&minPrice=1&maxPrice=1000&sortBy=newest&limit=12&skip=0 | Status: 200 | 9ms
✨31.12.2025, 12:50:45✨ | GET /search?category=Groceries&isSale=false&minDiscount=0&manufacturer=&inStock=false&minPrice=1&maxPrice=1000&sortBy=newest&limit=12&skip=0 | Status: 200 | 12ms
✨31.12.2025, 12:50:48✨ | GET /search?category=Home+Decor&isSale=false&minDiscount=0&manufacturer=&inStock=false&minPrice=1&maxPrice=1000&sortBy=newest&limit=12&skip=0 | Status: 200 | 11ms
✨31.12.2025, 12:50:58✨ | GET /search?category=Home+Decor&isSale=true&minDiscount=0&manufacturer=&inStock=false&minPrice=1&maxPrice=1000&sortBy=newest&limit=12&skip=0 | Status: 200 | 9ms
✨31.12.2025, 12:51:45✨ | GET /search?category=Groceries&isSale=true&minDiscount=0&manufacturer=&inStock=false&minPrice=1&maxPrice=1000&sortBy=newest&limit=12&skip=0 | Status: 200 | 7ms
✨31.12.2025, 12:51:47✨ | GET /search?category=Sweets&isSale=true&minDiscount=0&manufacturer=&inStock=false&minPrice=1&maxPrice=1000&sortBy=newest&limit=12&skip=0 | Status: 200 | 9ms
✨31.12.2025, 12:51:50✨ | GET /search?category=Beverages&isSale=true&minDiscount=0&manufacturer=&inStock=false&minPrice=1&maxPrice=1000&sortBy=newest&limit=12&skip=0 | Status: 200 | 9ms
✨31.12.2025, 12:51:52✨ | GET /search?category=&isSale=true&minDiscount=0&manufacturer=&inStock=false&minPrice=1&maxPrice=1000&sortBy=newest&limit=12&skip=0 | Status: 200 | 6ms
✨31.12.2025, 12:51:58✨ | GET /search?category=&isSale=false&minDiscount=0&manufacturer=&inStock=false&minPrice=1&maxPrice=1000&sortBy=newest&limit=12&skip=0 | Status: 200 | 8ms
✨31.12.2025, 12:52:00✨ | GET /search?category=&isSale=true&minDiscount=0&manufacturer=&inStock=false&minPrice=1&maxPrice=1000&sortBy=newest&limit=12&skip=0 | Status: 200 | 15ms
✨31.12.2025, 12:52:04✨ | GET /search?category=&isSale=false&minDiscount=0&manufacturer=&inStock=false&minPrice=1&maxPrice=1000&sortBy=newest&limit=12&skip=0 | Status: 200 | 11ms
✨31.12.2025, 12:52:49✨ | GET /search?category=&isSale=false&minDiscount=0&manufacturer=&inStock=false&minPrice=1&maxPrice=1000&sortBy=newest&limit=12&skip=0 | Status: 200 | 7ms
✨31.12.2025, 12:52:57✨ | GET /search?category=&isSale=false&minDiscount=0&manufacturer=&inStock=false&minPrice=1&maxPrice=1000&sortBy=newest&limit=12&skip=0 | Status: 200 | 8ms
✨31.12.2025, 12:53:09✨ | GET /search?category=&isSale=false&minDiscount=0&manufacturer=&inStock=false&minPrice=1&maxPrice=1000&sortBy=newest&limit=12&skip=0 | Status: 200 | 8ms
✨31.12.2025, 12:53:12✨ | GET /search?category=&isSale=false&minDiscount=0&manufacturer=&inStock=false&minPrice=1&maxPrice=1000&sortBy=newest&limit=12&skip=0 | Status: 200 | 8ms
✨31.12.2025, 12:53:48✨ | GET /search?category=&isSale=false&minDiscount=0&manufacturer=&inStock=false&minPrice=1&maxPrice=1000&sortBy=newest&limit=12&skip=0 | Status: 200 | 8ms
✨31.12.2025, 12:54:00✨ | GET /search?category=&isSale=false&minDiscount=0&manufacturer=&inStock=false&minPrice=1&maxPrice=1000&sortBy=newest&limit=12&skip=0 | Status: 200 | 7ms
✨31.12.2025, 12:54:04✨ | GET /search?category=&isSale=false&minDiscount=0&manufacturer=&inStock=false&minPrice=1&maxPrice=1000&sortBy=newest&limit=12&skip=0 | Status: 200 | 7ms
✨31.12.2025, 12:54:15✨ | GET /search?category=&isSale=false&minDiscount=0&manufacturer=&inStock=false&minPrice=1&maxPrice=1000&sortBy=newest&limit=12&skip=0 | Status: 200 | 7ms
✨31.12.2025, 12:54:35✨ | GET /search?category=&isSale=false&minDiscount=0&manufacturer=&inStock=false&minPrice=1&maxPrice=1000&sortBy=newest&limit=12&skip=0 | Status: 200 | 7ms
✨31.12.2025, 12:54:39✨ | GET /search?category=&isSale=false&minDiscount=0&manufacturer=&inStock=false&minPrice=1&maxPrice=1000&sortBy=newest&limit=12&skip=0 | Status: 200 | 8ms
✨31.12.2025, 12:55:06✨ | GET /search?category=&isSale=false&minDiscount=0&manufacturer=&inStock=false&minPrice=1&maxPrice=1000&sortBy=newest&limit=12&skip=0 | Status: 200 | 7ms
✨31.12.2025, 12:55:21✨ | GET /search?category=&isSale=false&minDiscount=0&manufacturer=&inStock=false&minPrice=1&maxPrice=1000&sortBy=newest&limit=12&skip=0 | Status: 200 | 8ms
✨31.12.2025, 12:55:36✨ | GET /search?category=&isSale=false&minDiscount=0&manufacturer=&inStock=false&minPrice=1&maxPrice=1000&sortBy=newest&limit=12&skip=0 | Status: 200 | 8ms
✨31.12.2025, 12:55:37✨ | GET /search?category=&isSale=false&minDiscount=0&manufacturer=&inStock=false&minPrice=1&maxPrice=1000&sortBy=newest&limit=12&skip=0 | Status: 200 | 8ms
✨31.12.2025, 12:56:09✨ | GET /search?category=&isSale=false&minDiscount=0&manufacturer=&inStock=false&minPrice=1&maxPrice=1000&sortBy=newest&limit=12&skip=0 | Status: 200 | 8ms
✨31.12.2025, 12:56:38✨ | GET /search?category=&isSale=false&minDiscount=0&manufacturer=&inStock=false&minPrice=1&maxPrice=1000&sortBy=newest&limit=12&skip=0 | Status: 200 | 8ms
✨31.12.2025, 12:57:02✨ | GET /search?category=&isSale=false&minDiscount=0&manufacturer=&inStock=false&minPrice=1&maxPrice=1000&sortBy=newest&limit=12&skip=0 | Status: 200 | 9ms
✨31.12.2025, 12:57:03✨ | GET /search?category=&isSale=false&minDiscount=0&manufacturer=&inStock=false&minPrice=1&maxPrice=1000&sortBy=newest&limit=12&skip=0 | Status: 200 | 7ms
✨31.12.2025, 12:57:19✨ | GET /search?category=&isSale=false&minDiscount=0&manufacturer=&inStock=false&minPrice=1&maxPrice=1000&sortBy=newest&limit=12&skip=0 | Status: 200 | 8ms
✨31.12.2025, 12:58:01✨ | GET /search?category=&isSale=false&minDiscount=0&manufacturer=&inStock=false&minPrice=1&maxPrice=1000&sortBy=newest&limit=12&skip=0 | Status: 200 | 8ms
✨31.12.2025, 12:58:09✨ | GET /search?category=&isSale=false&minDiscount=0&manufacturer=&inStock=false&minPrice=1&maxPrice=1000&sortBy=newest&limit=12&skip=0 | Status: 200 | 7ms
✨31.12.2025, 12:58:12✨ | GET /search?category=&isSale=false&minDiscount=0&manufacturer=&inStock=false&minPrice=1&maxPrice=1000&sortBy=newest&limit=12&skip=0 | Status: 200 | 8ms
✨31.12.2025, 12:58:29✨ | GET /search?category=&isSale=false&minDiscount=0&manufacturer=&inStock=false&minPrice=1&maxPrice=1000&sortBy=newest&limit=12&skip=0 | Status: 200 | 8ms
✨31.12.2025, 12:58:31✨ | GET /category/cakes | Status: 200 | 4ms
✨31.12.2025, 12:58:31✨ | GET /category/cakes | Status: 200 | 5ms
✨31.12.2025, 12:58:31✨ | GET /category/cakes | Status: 200 | 4ms
✨31.12.2025, 12:58:31✨ | GET /category/cakes | Status: 200 | 5ms
✨31.12.2025, 12:58:37✨ | GET /search?category=&isSale=false&minDiscount=0&manufacturer=&inStock=false&minPrice=1&maxPrice=1000&sortBy=newest&limit=12&skip=0 | Status: 200 | 13ms
✨31.12.2025, 12:58:58✨ | GET /search?category=&isSale=false&minDiscount=0&manufacturer=&inStock=false&minPrice=1&maxPrice=1000&sortBy=newest&limit=12&skip=0 | Status: 200 | 7ms
✨31.12.2025, 12:59:01✨ | GET /search?category=&isSale=false&minDiscount=0&manufacturer=&inStock=false&minPrice=1&maxPrice=1000&sortBy=newest&limit=12&skip=0 | Status: 200 | 9ms
✨31.12.2025, 12:59:15✨ | GET /search?category=&isSale=false&minDiscount=0&manufacturer=&inStock=false&minPrice=1&maxPrice=1000&sortBy=newest&limit=12&skip=0 | Status: 200 | 7ms
✨31.12.2025, 12:59:52✨ | GET /search?category=&isSale=false&minDiscount=0&manufacturer=&inStock=false&minPrice=1&maxPrice=1000&sortBy=newest&limit=12&skip=0 | Status: 200 | 8ms
✨31.12.2025, 12:59:55✨ | GET /690089fb0269dfef2da4b04a | Status: 200 | 7ms
✨31.12.2025, 12:59:55✨ | GET /690089fb0269dfef2da4b04a | Status: 200 | 7ms
✨31.12.2025, 12:59:55✨ | GET /690089fb0269dfef2da4b04a | Status: 200 | 5ms
✨31.12.2025, 12:59:55✨ | GET /690089fb0269dfef2da4b04a | Status: 200 | 5ms
✨31.12.2025, 12:59:55✨ | GET /category/Cakes | Status: 200 | 4ms
✨31.12.2025, 12:59:55✨ | GET /category/Cakes | Status: 200 | 5ms
✨31.12.2025, 12:59:55✨ | GET /category/Cakes | Status: 200 | 4ms
✨31.12.2025, 12:59:55✨ | GET /category/Cakes | Status: 200 | 5ms
✨31.12.2025, 13:00:01✨ | GET /6900b7b93a9233396e391b8f | Status: 200 | 6ms
✨31.12.2025, 13:00:01✨ | GET /6900b7b93a9233396e391b8f | Status: 200 | 6ms
✨31.12.2025, 13:00:01✨ | GET /category/Cakes | Status: 200 | 3ms
✨31.12.2025, 13:00:01✨ | GET /category/Cakes | Status: 200 | 4ms
✨31.12.2025, 13:00:06✨ | GET /search?category=&isSale=false&minDiscount=0&manufacturer=&inStock=false&minPrice=1&maxPrice=1000&sortBy=newest&limit=12&skip=0 | Status: 200 | 9ms
✨31.12.2025, 13:00:18✨ | GET /search?category=&isSale=false&minDiscount=0&manufacturer=&inStock=false&minPrice=1&maxPrice=1000&sortBy=newest&limit=12&skip=0 | Status: 200 | 9ms
✨31.12.2025, 13:00:21✨ | GET /search?category=&isSale=false&minDiscount=0&manufacturer=&inStock=false&minPrice=1&maxPrice=1000&sortBy=newest&limit=12&skip=0 | Status: 200 | 8ms
✨31.12.2025, 13:00:23✨ | GET /search?category=&isSale=false&minDiscount=0&manufacturer=&inStock=false&minPrice=1&maxPrice=1000&sortBy=newest&limit=12&skip=0 | Status: 200 | 8ms
✨31.12.2025, 13:00:27✨ | GET /search?category=&isSale=false&minDiscount=0&manufacturer=&inStock=false&minPrice=1&maxPrice=1000&sortBy=newest&limit=12&skip=0 | Status: 200 | 8ms
✨31.12.2025, 13:01:44✨ | GET /search?category=&isSale=false&minDiscount=0&manufacturer=&inStock=false&minPrice=1&maxPrice=1000&sortBy=newest&limit=12&skip=0 | Status: 200 | 53ms
✨31.12.2025, 13:01:51✨ | GET /search?category=Fruits&isSale=false&minDiscount=0&manufacturer=&inStock=false&minPrice=1&maxPrice=1000&sortBy=newest&limit=12&skip=0 | Status: 200 | 26ms
✨31.12.2025, 13:01:54✨ | GET /search?category=&isSale=false&minDiscount=0&manufacturer=&inStock=false&minPrice=1&maxPrice=1000&sortBy=newest&limit=12&skip=0 | Status: 200 | 16ms
✨31.12.2025, 13:01:56✨ | GET /search?category=&isSale=false&minDiscount=0&manufacturer=&inStock=false&minPrice=1&maxPrice=1000&sortBy=newest&limit=12&skip=0 | Status: 200 | 19ms
✨31.12.2025, 13:02:15✨ | GET /search?category=&isSale=false&minDiscount=0&manufacturer=&inStock=false&minPrice=1&maxPrice=1000&sortBy=newest&limit=12&skip=0 | Status: 200 | 39ms
✨31.12.2025, 13:02:29✨ | GET /search?category=&isSale=false&minDiscount=0&manufacturer=&inStock=false&minPrice=1&maxPrice=1000&sortBy=newest&limit=12&skip=0 | Status: 200 | 33ms
✨31.12.2025, 13:02:40✨ | GET /search?category=&isSale=false&minDiscount=0&manufacturer=&inStock=false&minPrice=1&maxPrice=1000&sortBy=newest&limit=12&skip=0 | Status: 200 | 13ms
✨31.12.2025, 13:02:45✨ | GET /search?category=&isSale=true&minDiscount=0&manufacturer=&inStock=false&minPrice=1&maxPrice=1000&sortBy=newest&limit=12&skip=0 | Status: 200 | 8ms
✨31.12.2025, 13:03:05✨ | GET /search?category=&isSale=true&minDiscount=0&manufacturer=&inStock=true&minPrice=1&maxPrice=1000&sortBy=newest&limit=12&skip=0 | Status: 200 | 8ms
✨31.12.2025, 13:03:08✨ | GET /search?category=&isSale=true&minDiscount=0&manufacturer=&inStock=false&minPrice=1&maxPrice=1000&sortBy=newest&limit=12&skip=0 | Status: 200 | 10ms
✨31.12.2025, 13:03:10✨ | GET /search?category=&isSale=false&minDiscount=0&manufacturer=&inStock=false&minPrice=1&maxPrice=1000&sortBy=newest&limit=12&skip=0 | Status: 200 | 16ms
✨31.12.2025, 13:03:33✨ | GET /search?category=&isSale=true&minDiscount=0&manufacturer=&inStock=false&minPrice=1&maxPrice=1000&sortBy=newest&limit=12&skip=0 | Status: 200 | 7ms
✨31.12.2025, 13:03:44✨ | GET /search?category=Cakes&isSale=true&minDiscount=0&manufacturer=&inStock=false&minPrice=1&maxPrice=1000&sortBy=newest&limit=12&skip=0 | Status: 200 | 13ms
✨31.12.2025, 13:03:47✨ | GET /search?category=Cakes&isSale=false&minDiscount=0&manufacturer=&inStock=false&minPrice=1&maxPrice=1000&sortBy=newest&limit=12&skip=0 | Status: 200 | 12ms
✨31.12.2025, 13:03:52✨ | GET /search?category=Cakes&isSale=true&minDiscount=0&manufacturer=&inStock=false&minPrice=1&maxPrice=1000&sortBy=newest&limit=12&skip=0 | Status: 200 | 10ms
✨31.12.2025, 13:04:17✨ | GET /search?category=Cakes&isSale=true&minDiscount=0&manufacturer=&inStock=false&minPrice=1&maxPrice=1000&sortBy=priceDesc&limit=12&skip=0 | Status: 200 | 7ms
✨31.12.2025, 13:04:20✨ | GET /search?category=Cakes&isSale=true&minDiscount=0&manufacturer=&inStock=false&minPrice=1&maxPrice=1000&sortBy=priceAsc&limit=12&skip=0 | Status: 200 | 9ms
✨31.12.2025, 13:06:32✨ | GET /search?category=Cakes&isSale=true&minDiscount=0&manufacturer=&inStock=false&minPrice=1&maxPrice=1000&sortBy=priceAsc&limit=12&skip=0 | Status: 200 | 21ms
✨31.12.2025, 13:06:38✨ | GET /search?category=Cakes&isSale=true&minDiscount=0&manufacturer=&inStock=true&minPrice=1&maxPrice=1000&sortBy=priceAsc&limit=12&skip=0 | Status: 200 | 10ms
✨31.12.2025, 13:06:41✨ | GET /search?category=Cakes&isSale=false&minDiscount=0&manufacturer=&inStock=true&minPrice=1&maxPrice=1000&sortBy=priceAsc&limit=12&skip=0 | Status: 200 | 27ms
✨31.12.2025, 13:06:43✨ | GET /search?category=Cakes&isSale=true&minDiscount=0&manufacturer=&inStock=true&minPrice=1&maxPrice=1000&sortBy=priceAsc&limit=12&skip=0 | Status: 200 | 10ms
✨31.12.2025, 13:06:45✨ | GET /search?category=Cakes&isSale=true&minDiscount=0&manufacturer=&inStock=false&minPrice=1&maxPrice=1000&sortBy=priceAsc&limit=12&skip=0 | Status: 200 | 9ms
✨31.12.2025, 13:06:47✨ | GET /search?category=Cakes&isSale=false&minDiscount=0&manufacturer=&inStock=false&minPrice=1&maxPrice=1000&sortBy=priceAsc&limit=12&skip=0 | Status: 200 | 16ms
✨31.12.2025, 13:06:53✨ | GET /search?category=Cakes&isSale=true&minDiscount=0&manufacturer=&inStock=false&minPrice=1&maxPrice=1000&sortBy=priceAsc&limit=12&skip=0 | Status: 200 | 9ms
✨31.12.2025, 13:07:29✨ | GET /search?category=Cakes&isSale=true&minDiscount=0&manufacturer=&inStock=false&minPrice=1&maxPrice=1000&sortBy=priceAsc&limit=12&skip=0 | Status: 200 | 7ms
✨31.12.2025, 13:07:37✨ | GET /search?category=Cakes&isSale=false&minDiscount=0&manufacturer=&inStock=false&minPrice=1&maxPrice=1000&sortBy=priceAsc&limit=12&skip=0 | Status: 200 | 12ms
✨31.12.2025, 13:07:39✨ | GET /search?category=&isSale=false&minDiscount=0&manufacturer=&inStock=false&minPrice=1&maxPrice=1000&sortBy=priceAsc&limit=12&skip=0 | Status: 200 | 11ms
✨31.12.2025, 13:07:42✨ | GET /search?category=&isSale=false&minDiscount=0&manufacturer=&inStock=false&minPrice=1&maxPrice=1000&sortBy=priceAsc&limit=12&skip=0 | Status: 200 | 10ms
✨31.12.2025, 13:07:47✨ | GET /search?category=&isSale=false&minDiscount=0&manufacturer=Sweet+Moments+Bakery&inStock=false&minPrice=1&maxPrice=1000&sortBy=priceAsc&limit=12&skip=0 | Status: 200 | 9ms
✨31.12.2025, 13:07:58✨ | GET /search?category=&isSale=false&minDiscount=10&manufacturer=Sweet+Moments+Bakery&inStock=false&minPrice=1&maxPrice=1000&sortBy=priceAsc&limit=12&skip=0 | Status: 200 | 12ms
✨31.12.2025, 13:08:01✨ | GET /search?category=&isSale=false&minDiscount=0&manufacturer=Sweet+Moments+Bakery&inStock=false&minPrice=1&maxPrice=1000&sortBy=priceAsc&limit=12&skip=0 | Status: 200 | 11ms
✨31.12.2025, 13:08:05✨ | GET /search?category=&isSale=false&minDiscount=1&manufacturer=Sweet+Moments+Bakery&inStock=false&minPrice=1&maxPrice=1000&sortBy=priceAsc&limit=12&skip=0 | Status: 200 | 15ms
✨31.12.2025, 13:08:24✨ | GET /search?category=&isSale=false&minDiscount=5&manufacturer=Sweet+Moments+Bakery&inStock=false&minPrice=1&maxPrice=1000&sortBy=priceAsc&limit=12&skip=0 | Status: 200 | 8ms
✨31.12.2025, 13:08:26✨ | GET /search?category=&isSale=true&minDiscount=5&manufacturer=Sweet+Moments+Bakery&inStock=false&minPrice=1&maxPrice=1000&sortBy=priceAsc&limit=12&skip=0 | Status: 200 | 10ms
✨31.12.2025, 13:08:36✨ | GET /search?category=&isSale=false&minDiscount=0&manufacturer=&inStock=false&minPrice=1&maxPrice=1000&sortBy=newest&limit=12&skip=0 | Status: 200 | 11ms
✨31.12.2025, 13:08:41✨ | GET /search?category=&isSale=false&minDiscount=5&manufacturer=&inStock=false&minPrice=1&maxPrice=1000&sortBy=newest&limit=12&skip=0 | Status: 200 | 10ms
✨31.12.2025, 13:08:46✨ | GET /search?category=&isSale=true&minDiscount=5&manufacturer=&inStock=false&minPrice=1&maxPrice=1000&sortBy=newest&limit=12&skip=0 | Status: 200 | 13ms
✨31.12.2025, 13:09:00✨ | GET /search?category=&isSale=false&minDiscount=5&manufacturer=&inStock=false&minPrice=1&maxPrice=1000&sortBy=newest&limit=12&skip=0 | Status: 200 | 11ms
✨31.12.2025, 13:09:01✨ | GET /search?category=&isSale=true&minDiscount=5&manufacturer=&inStock=false&minPrice=1&maxPrice=1000&sortBy=newest&limit=12&skip=0 | Status: 200 | 10ms
✨31.12.2025, 13:09:19✨ | GET /search?category=&isSale=false&minDiscount=5&manufacturer=&inStock=false&minPrice=1&maxPrice=1000&sortBy=newest&limit=12&skip=0 | Status: 200 | 7ms
✨31.12.2025, 13:09:42✨ | GET /search?category=Cakes&isSale=false&minDiscount=5&manufacturer=&inStock=false&minPrice=1&maxPrice=1000&sortBy=newest&limit=12&skip=0 | Status: 200 | 11ms
✨31.12.2025, 13:09:46✨ | GET /search?category=Sweets&isSale=false&minDiscount=5&manufacturer=&inStock=false&minPrice=1&maxPrice=1000&sortBy=newest&limit=12&skip=0 | Status: 200 | 7ms
✨31.12.2025, 13:09:49✨ | GET /search?category=Sweets&isSale=true&minDiscount=5&manufacturer=&inStock=false&minPrice=1&maxPrice=1000&sortBy=newest&limit=12&skip=0 | Status: 200 | 9ms
✨31.12.2025, 13:10:51✨ | GET /search?category=&isSale=false&minDiscount=0&manufacturer=&inStock=false&minPrice=1&maxPrice=1000&sortBy=newest&limit=12&skip=0 | Status: 200 | 8ms
✨31.12.2025, 13:10:58✨ | GET /search?category=&isSale=false&minDiscount=0&manufacturer=&inStock=false&minPrice=1&maxPrice=1000&sortBy=newest&limit=12&skip=0 | Status: 200 | 10ms
✨31.12.2025, 13:12:43✨ | GET /search?minPrice=0&maxprice=1000&limit=5 | Status: 200 | 6ms
✨31.12.2025, 13:14:38✨ | GET /search?category=&isSale=false&minDiscount=0&manufacturer=&inStock=false&minPrice=1&maxPrice=1000&sortBy=newest&limit=12&skip=0 | Status: 200 | 8ms
✨31.12.2025, 13:14:48✨ | GET /search?category=&isSale=false&minDiscount=0&manufacturer=&inStock=false&minPrice=1&maxPrice=1000&sortBy=newest&limit=12&skip=0 | Status: 200 | 9ms
✨31.12.2025, 13:14:50✨ | GET /search?minPrice=0&maxprice=1000&limit=5 | Status: 200 | 7ms
✨31.12.2025, 13:14:57✨ | GET /search?category=&isSale=false&minDiscount=0&manufacturer=&inStock=false&minPrice=1&maxPrice=1000&sortBy=newest&limit=12&minprice=0&maxprice=830&skip=0 | Status: 200 | 10ms
✨31.12.2025, 13:15:00✨ | GET /search?category=&isSale=true&minDiscount=0&manufacturer=&inStock=false&minPrice=1&maxPrice=1000&sortBy=newest&limit=12&minprice=0&maxprice=830&skip=0 | Status: 200 | 8ms
✨31.12.2025, 13:15:03✨ | GET /search?category=&isSale=true&minDiscount=0&manufacturer=&inStock=false&minPrice=1&maxPrice=1000&sortBy=newest&limit=12&minprice=0&maxprice=1000&skip=0 | Status: 200 | 8ms
✨31.12.2025, 13:15:06✨ | GET /search?category=&isSale=true&minDiscount=0&manufacturer=&inStock=false&minPrice=1&maxPrice=1000&sortBy=newest&limit=12&minprice=330&maxprice=1000&skip=0 | Status: 200 | 10ms
✨31.12.2025, 13:15:07✨ | GET /search?category=&isSale=true&minDiscount=0&manufacturer=&inStock=false&minPrice=1&maxPrice=1000&sortBy=newest&limit=12&minprice=0&maxprice=1000&skip=0 | Status: 200 | 13ms
✨31.12.2025, 13:15:09✨ | GET /search?category=&isSale=false&minDiscount=0&manufacturer=&inStock=false&minPrice=1&maxPrice=1000&sortBy=newest&limit=12&minprice=0&maxprice=1000&skip=0 | Status: 200 | 16ms
✨31.12.2025, 13:15:36✨ | GET /search?category=&isSale=false&minDiscount=0&manufacturer=&inStock=false&minprice=1&maxprice=1000&sortBy=newest&limit=12&skip=0 | Status: 200 | 8ms
✨31.12.2025, 13:16:04✨ | GET /search?category=&isSale=false&minDiscount=0&manufacturer=&inStock=false&minprice=1&maxprice=1000&sortBy=newest&limit=12&skip=0 | Status: 200 | 9ms
✨31.12.2025, 13:16:33✨ | GET /search?category=&isSale=false&minDiscount=0&manufacturer=Sweet+Moments+Bakery&inStock=false&minprice=1&maxprice=1000&sortBy=newest&limit=12&skip=0 | Status: 200 | 7ms
✨31.12.2025, 13:16:41✨ | GET /search?category=&isSale=true&minDiscount=0&manufacturer=Sweet+Moments+Bakery&inStock=false&minprice=1&maxprice=1000&sortBy=newest&limit=12&skip=0 | Status: 200 | 9ms
✨31.12.2025, 13:16:51✨ | GET /search?category=Bake+House&isSale=true&minDiscount=0&manufacturer=Sweet+Moments+Bakery&inStock=false&minprice=1&maxprice=1000&sortBy=newest&limit=12&skip=0 | Status: 200 | 8ms
✨31.12.2025, 13:16:53✨ | GET /search?category=Cakes&isSale=true&minDiscount=0&manufacturer=Sweet+Moments+Bakery&inStock=false&minprice=1&maxprice=1000&sortBy=newest&limit=12&skip=0 | Status: 200 | 7ms
✨31.12.2025, 13:20:43✨ | GET /search?category=&isSale=false&minDiscount=0&manufacturer=&inStock=false&minprice=1&maxprice=1000&sortBy=newest&limit=12&skip=0 | Status: 200 | 32ms
✨31.12.2025, 13:20:48✨ | GET /search?category=&isSale=true&minDiscount=0&manufacturer=&inStock=false&minprice=1&maxprice=1000&sortBy=newest&limit=12&skip=0 | Status: 200 | 13ms
✨31.12.2025, 13:20:57✨ | GET /search?category=&isSale=false&minDiscount=0&manufacturer=&inStock=false&minprice=1&maxprice=1000&sortBy=newest&limit=12&skip=0 | Status: 200 | 11ms
✨31.12.2025, 13:21:03✨ | GET /search?category=&isSale=true&minDiscount=0&manufacturer=&inStock=false&minprice=1&maxprice=1000&sortBy=newest&limit=12&skip=0 | Status: 200 | 10ms
✨31.12.2025, 13:21:29✨ | GET /search?category=&isSale=false&minDiscount=0&manufacturer=&inStock=false&minprice=1&maxprice=1000&sortBy=newest&limit=12&skip=0 | Status: 200 | 27ms
✨31.12.2025, 13:21:45✨ | GET /search?category=&isSale=true&minDiscount=0&manufacturer=&inStock=false&minprice=1&maxprice=1000&sortBy=newest&limit=12&skip=0 | Status: 200 | 28ms
✨31.12.2025, 13:21:49✨ | GET /search?category=&isSale=true&minDiscount=0&manufacturer=&inStock=true&minprice=1&maxprice=1000&sortBy=newest&limit=12&skip=0 | Status: 200 | 14ms
✨31.12.2025, 13:21:58✨ | GET /search?category=&isSale=false&minDiscount=0&manufacturer=&inStock=false&minprice=0&maxprice=1000&sortBy=newest&limit=12&skip=0 | Status: 200 | 10ms
✨31.12.2025, 13:23:02✨ | GET /search?category=&isSale=false&minDiscount=0&manufacturer=&inStock=false&minprice=1&maxprice=1000&sortBy=newest&limit=12&skip=0 | Status: 200 | 9ms
✨31.12.2025, 13:23:58✨ | GET /search?category=&isSale=false&minDiscount=0&manufacturer=&inStock=false&minprice=1&maxprice=1000&sortBy=newest&limit=12&skip=0 | Status: 200 | 14ms
✨31.12.2025, 13:24:04✨ | GET /category/cakes | Status: 200 | 7ms
✨31.12.2025, 13:24:04✨ | GET /category/cakes | Status: 200 | 8ms
✨31.12.2025, 13:24:04✨ | GET /category/cakes | Status: 200 | 5ms
✨31.12.2025, 13:24:04✨ | GET /category/cakes | Status: 200 | 6ms
✨31.12.2025, 13:24:08✨ | GET /search?category=&isSale=false&minDiscount=0&manufacturer=&inStock=false&minprice=1&maxprice=1000&sortBy=newest&limit=12&skip=0 | Status: 200 | 11ms
✨31.12.2025, 13:24:10✨ | GET /search?category=&isSale=false&minDiscount=0&manufacturer=&inStock=true&minprice=1&maxprice=1000&sortBy=newest&limit=12&skip=0 | Status: 200 | 8ms
✨31.12.2025, 13:24:12✨ | GET /search?category=&isSale=true&minDiscount=0&manufacturer=&inStock=false&minprice=1&maxprice=1000&sortBy=newest&limit=12&skip=0 | Status: 200 | 8ms
✨31.12.2025, 13:24:14✨ | GET /search?category=&isSale=false&minDiscount=0&manufacturer=&inStock=false&minprice=1&maxprice=1000&sortBy=newest&limit=12&skip=0 | Status: 200 | 8ms
✨31.12.2025, 13:24:23✨ | GET /6900b7b93a9233396e391b94 | Status: 200 | 20ms
✨31.12.2025, 13:24:23✨ | GET /6900b7b93a9233396e391b94 | Status: 200 | 20ms
✨31.12.2025, 13:24:23✨ | GET /6900b7b93a9233396e391b94 | Status: 200 | 9ms
✨31.12.2025, 13:24:23✨ | GET /6900b7b93a9233396e391b94 | Status: 200 | 9ms
✨31.12.2025, 13:24:23✨ | GET /category/Home%20Decor | Status: 200 | 5ms
✨31.12.2025, 13:24:23✨ | GET /category/Home%20Decor | Status: 200 | 5ms
✨31.12.2025, 13:24:23✨ | GET /category/Home%20Decor | Status: 200 | 4ms
✨31.12.2025, 13:24:23✨ | GET /category/Home%20Decor | Status: 200 | 5ms
✨31.12.2025, 13:24:26✨ | GET /category/home%20decor | Status: 200 | 5ms
✨31.12.2025, 13:24:26✨ | GET /category/home%20decor | Status: 200 | 6ms
✨31.12.2025, 13:24:26✨ | GET /category/home%20decor | Status: 200 | 4ms
✨31.12.2025, 13:24:26✨ | GET /category/home%20decor | Status: 200 | 4ms
✨31.12.2025, 13:24:40✨ | GET /6900b7b93a9233396e391b94 | Status: 200 | 6ms
✨31.12.2025, 13:24:40✨ | GET /6900b7b93a9233396e391b94 | Status: 200 | 7ms
✨31.12.2025, 13:24:40✨ | GET /6900b7b93a9233396e391b94 | Status: 200 | 6ms
✨31.12.2025, 13:24:40✨ | GET /6900b7b93a9233396e391b94 | Status: 200 | 7ms
✨31.12.2025, 13:24:40✨ | GET /category/Home%20Decor | Status: 200 | 4ms
✨31.12.2025, 13:24:40✨ | GET /category/Home%20Decor | Status: 200 | 4ms
✨31.12.2025, 13:24:40✨ | GET /category/Home%20Decor | Status: 200 | 4ms
✨31.12.2025, 13:24:40✨ | GET /category/Home%20Decor | Status: 200 | 5ms
✨31.12.2025, 13:24:42✨ | GET /search?category=&isSale=false&minDiscount=0&manufacturer=&inStock=false&minprice=1&maxprice=1000&sortBy=newest&limit=12&skip=0 | Status: 200 | 8ms
✨31.12.2025, 13:27:06✨ | POST /login | Status: 200 | 138ms
✨31.12.2025, 13:27:08✨ | GET /me | Status: 200 | 26ms
✨31.12.2025, 13:27:08✨ | GET /me | Status: 200 | 33ms
✨31.12.2025, 13:27:08✨ | GET /me | Status: 200 | 10ms
✨31.12.2025, 13:27:08✨ | GET /me | Status: 200 | 11ms
✨31.12.2025, 13:27:10✨ | GET /search?category=&isSale=false&minDiscount=0&manufacturer=&inStock=false&minprice=1&maxprice=1000&sortBy=newest&limit=12&skip=0 | Status: 200 | 18ms
✨31.12.2025, 13:27:10✨ | GET / | Status: 200 | 7ms
✨31.12.2025, 13:27:10✨ | GET / | Status: 200 | 8ms
✨31.12.2025, 13:27:10✨ | GET / | Status: 200 | 6ms
✨31.12.2025, 13:27:10✨ | GET / | Status: 200 | 7ms
✨31.12.2025, 13:27:11✨ | GET /search?category=&isSale=false&minDiscount=0&manufacturer=&inStock=false&minprice=1&maxprice=1000&sortBy=newest&limit=12&skip=0 | Status: 200 | 10ms
✨31.12.2025, 13:27:17✨ | GET /search?category=&isSale=false&minDiscount=0&manufacturer=&inStock=false&minprice=1&maxprice=200&sortBy=newest&limit=12&skip=0 | Status: 200 | 9ms
✨31.12.2025, 13:27:19✨ | GET /search?category=&isSale=false&minDiscount=0&manufacturer=&inStock=false&minprice=1&maxprice=130&sortBy=newest&limit=12&skip=0 | Status: 200 | 7ms
✨31.12.2025, 13:27:20✨ | GET /search?category=&isSale=false&minDiscount=0&manufacturer=&inStock=false&minprice=1&maxprice=70&sortBy=newest&limit=12&skip=0 | Status: 200 | 11ms
✨31.12.2025, 13:27:23✨ | GET /search?category=&isSale=false&minDiscount=0&manufacturer=&inStock=false&minprice=1&maxprice=60&sortBy=newest&limit=12&skip=0 | Status: 200 | 8ms
✨31.12.2025, 13:27:24✨ | GET /search?category=&isSale=false&minDiscount=0&manufacturer=&inStock=false&minprice=1&maxprice=50&sortBy=newest&limit=12&skip=0 | Status: 200 | 10ms
✨31.12.2025, 13:27:38✨ | GET /search?category=&isSale=false&minDiscount=0&manufacturer=Sweet+Moments+Bakery&inStock=false&minprice=1&maxprice=50&sortBy=newest&limit=12&skip=0 | Status: 200 | 12ms
✨31.12.2025, 13:27:40✨ | GET /search?category=&isSale=true&minDiscount=0&manufacturer=Sweet+Moments+Bakery&inStock=false&minprice=1&maxprice=50&sortBy=newest&limit=12&skip=0 | Status: 200 | 7ms
✨31.12.2025, 13:27:44✨ | GET /search?category=&isSale=false&minDiscount=0&manufacturer=Sweet+Moments+Bakery&inStock=false&minprice=1&maxprice=50&sortBy=newest&limit=12&skip=0 | Status: 200 | 8ms
✨31.12.2025, 13:27:57✨ | GET /search?category=&isSale=false&minDiscount=0&manufacturer=Golden+Cake&inStock=false&minprice=1&maxprice=50&sortBy=newest&limit=12&skip=0 | Status: 200 | 7ms
✨31.12.2025, 13:28:02✨ | GET /search?category=&isSale=false&minDiscount=0&manufacturer=Royal+Desserts&inStock=false&minprice=1&maxprice=50&sortBy=newest&limit=12&skip=0 | Status: 200 | 7ms
✨31.12.2025, 13:28:05✨ | GET /search?category=&isSale=false&minDiscount=0&manufacturer=Sweet+Moments+Bakery&inStock=false&minprice=1&maxprice=50&sortBy=newest&limit=12&skip=0 | Status: 200 | 8ms
✨31.12.2025, 13:28:06✨ | GET /search?category=&isSale=false&minDiscount=0&manufacturer=&inStock=false&minprice=1&maxprice=50&sortBy=newest&limit=12&skip=0 | Status: 200 | 10ms
✨31.12.2025, 13:28:09✨ | GET /search?category=Cakes&isSale=false&minDiscount=0&manufacturer=&inStock=false&minprice=1&maxprice=50&sortBy=newest&limit=12&skip=0 | Status: 200 | 7ms
✨31.12.2025, 13:28:13✨ | GET /search?category=Cakes&isSale=true&minDiscount=0&manufacturer=&inStock=false&minprice=1&maxprice=50&sortBy=newest&limit=12&skip=0 | Status: 200 | 9ms
✨31.12.2025, 13:28:17✨ | GET /search?category=Cakes&isSale=true&minDiscount=0&manufacturer=&inStock=false&minprice=1&maxprice=50&sortBy=priceAsc&limit=12&skip=0 | Status: 200 | 7ms
✨31.12.2025, 13:28:23✨ | GET /search?category=Cakes&isSale=true&minDiscount=0&manufacturer=&inStock=false&minprice=1&maxprice=230&sortBy=priceAsc&limit=12&skip=0 | Status: 200 | 7ms
✨31.12.2025, 13:28:27✨ | GET /search?category=Cakes&isSale=true&minDiscount=0&manufacturer=&inStock=false&minprice=1&maxprice=30&sortBy=priceAsc&limit=12&skip=0 | Status: 200 | 8ms
✨31.12.2025, 13:28:32✨ | GET /search?category=Cakes&isSale=true&minDiscount=0&manufacturer=&inStock=false&minprice=1&maxprice=30&sortBy=priceDesc&limit=12&skip=0 | Status: 200 | 10ms
✨31.12.2025, 13:28:36✨ | GET /search?category=Cakes&isSale=true&minDiscount=0&manufacturer=&inStock=true&minprice=1&maxprice=30&sortBy=priceDesc&limit=12&skip=0 | Status: 200 | 8ms
✨31.12.2025, 13:28:40✨ | GET /search?category=Cakes&isSale=true&minDiscount=0&manufacturer=&inStock=false&minprice=1&maxprice=30&sortBy=priceDesc&limit=12&skip=0 | Status: 200 | 8ms
✨31.12.2025, 13:29:06✨ | GET /search?category=&isSale=false&minDiscount=0&manufacturer=&inStock=false&minprice=1&maxprice=1000&sortBy=newest&limit=12&skip=0 | Status: 200 | 7ms
✨31.12.2025, 13:29:22✨ | GET /search?category=&isSale=false&minDiscount=0&manufacturer=&inStock=false&minprice=1&maxprice=1000&sortBy=newest&limit=12&skip=0 | Status: 200 | 9ms
✨31.12.2025, 13:30:53✨ | GET /search?category=&isSale=false&minDiscount=0&manufacturer=&inStock=false&minprice=1&maxprice=630&sortBy=newest&limit=12&skip=0 | Status: 200 | 7ms
✨31.12.2025, 13:30:54✨ | GET /search?category=&isSale=false&minDiscount=0&manufacturer=&inStock=false&minprice=1&maxprice=270&sortBy=newest&limit=12&skip=0 | Status: 200 | 6ms
✨31.12.2025, 13:30:56✨ | GET /search?category=&isSale=false&minDiscount=0&manufacturer=&inStock=false&minprice=1&maxprice=1000&sortBy=newest&limit=12&skip=0 | Status: 200 | 6ms
✨31.12.2025, 13:31:04✨ | GET /search?category=&isSale=false&minDiscount=0&manufacturer=&inStock=false&minprice=0&maxprice=1000&sortBy=newest&limit=12&skip=0 | Status: 200 | 6ms
✨31.12.2025, 13:31:08✨ | GET /search?category=&isSale=false&minDiscount=0&manufacturer=&inStock=false&minprice=0&maxprice=50&sortBy=newest&limit=12&skip=0 | Status: 200 | 6ms
✨31.12.2025, 13:31:23✨ | GET /search?category=&isSale=false&minDiscount=0&manufacturer=&inStock=false&minprice=0&maxprice=50&sortBy=newest&limit=12&skip=0 | Status: 200 | 6ms
✨31.12.2025, 13:31:28✨ | GET /search?category=&isSale=true&minDiscount=0&manufacturer=&inStock=false&minprice=0&maxprice=50&sortBy=newest&limit=12&skip=0 | Status: 200 | 6ms
✨31.12.2025, 13:31:31✨ | GET /search?category=&isSale=true&minDiscount=0&manufacturer=&inStock=true&minprice=0&maxprice=50&sortBy=newest&limit=12&skip=0 | Status: 200 | 9ms
✨31.12.2025, 13:31:36✨ | GET /search?category=&isSale=true&minDiscount=10&manufacturer=&inStock=true&minprice=0&maxprice=50&sortBy=newest&limit=12&skip=0 | Status: 200 | 5ms
✨31.12.2025, 13:31:38✨ | GET /search?category=&isSale=true&minDiscount=0&manufacturer=&inStock=true&minprice=0&maxprice=50&sortBy=newest&limit=12&skip=0 | Status: 200 | 17ms
✨31.12.2025, 13:31:42✨ | GET /search?category=&isSale=true&minDiscount=5&manufacturer=&inStock=true&minprice=0&maxprice=50&sortBy=newest&limit=12&skip=0 | Status: 200 | 6ms
✨31.12.2025, 13:31:46✨ | GET /search?category=&isSale=true&minDiscount=1&manufacturer=&inStock=true&minprice=0&maxprice=50&sortBy=newest&limit=12&skip=0 | Status: 200 | 6ms
✨31.12.2025, 13:31:56✨ | GET /search?category=&isSale=true&minDiscount=0&manufacturer=&inStock=true&minprice=0&maxprice=50&sortBy=newest&limit=12&skip=0 | Status: 200 | 12ms
✨31.12.2025, 13:32:17✨ | GET /search?category=&isSale=false&minDiscount=0&manufacturer=&inStock=false&minprice=1&maxprice=1000&sortBy=newest&limit=12&skip=0 | Status: 200 | 6ms
✨31.12.2025, 13:32:19✨ | GET /search?category=&isSale=false&minDiscount=0&manufacturer=&inStock=false&minprice=1&maxprice=680&sortBy=newest&limit=12&skip=0 | Status: 200 | 6ms
✨31.12.2025, 13:32:21✨ | GET /search?category=&isSale=false&minDiscount=0&manufacturer=&inStock=false&minprice=1&maxprice=130&sortBy=newest&limit=12&skip=0 | Status: 200 | 7ms
✨31.12.2025, 13:32:24✨ | GET /search?category=&isSale=false&minDiscount=0&manufacturer=&inStock=false&minprice=1&maxprice=50&sortBy=newest&limit=12&skip=0 | Status: 200 | 10ms
✨31.12.2025, 13:32:24✨ | GET /search?category=&isSale=false&minDiscount=0&manufacturer=&inStock=false&minprice=1&maxprice=50&sortBy=newest&limit=12&skip=0 | Status: 200 | 6ms
✨31.12.2025, 13:32:27✨ | GET /search?category=&isSale=false&minDiscount=0&manufacturer=&inStock=false&minprice=1&maxprice=70&sortBy=newest&limit=12&skip=0 | Status: 200 | 6ms
✨31.12.2025, 13:32:53✨ | GET /search?category=&isSale=false&minDiscount=0&manufacturer=&inStock=false&minprice=1&maxprice=510&sortBy=newest&limit=12&skip=0 | Status: 200 | 6ms
✨31.12.2025, 13:32:54✨ | GET /search?category=&isSale=false&minDiscount=0&manufacturer=&inStock=false&minprice=1&maxprice=1000&sortBy=newest&limit=12&skip=0 | Status: 200 | 11ms
✨31.12.2025, 13:32:55✨ | GET /search?category=&isSale=false&minDiscount=0&manufacturer=&inStock=false&minprice=1&maxprice=390&sortBy=newest&limit=12&skip=0 | Status: 200 | 5ms
✨31.12.2025, 13:32:57✨ | GET /search?category=&isSale=false&minDiscount=0&manufacturer=&inStock=false&minprice=1&maxprice=380&sortBy=newest&limit=12&skip=0 | Status: 200 | 6ms
✨31.12.2025, 13:32:58✨ | GET /search?category=&isSale=false&minDiscount=0&manufacturer=&inStock=false&minprice=140&maxprice=380&sortBy=newest&limit=12&skip=0 | Status: 200 | 9ms
✨31.12.2025, 13:33:00✨ | GET /search?category=&isSale=false&minDiscount=0&manufacturer=&inStock=false&minprice=220&maxprice=380&sortBy=newest&limit=12&skip=0 | Status: 200 | 6ms
✨31.12.2025, 13:33:08✨ | GET /search?category=&isSale=false&minDiscount=0&manufacturer=&inStock=false&minprice=220&maxprice=310&sortBy=newest&limit=12&skip=0 | Status: 200 | 8ms
✨31.12.2025, 13:33:12✨ | GET /search?category=&isSale=false&minDiscount=0&manufacturer=&inStock=false&minprice=220&maxprice=980&sortBy=newest&limit=12&skip=0 | Status: 200 | 8ms
✨31.12.2025, 13:33:15✨ | GET /search?category=&isSale=false&minDiscount=0&manufacturer=&inStock=false&minprice=570&maxprice=980&sortBy=newest&limit=12&skip=0 | Status: 200 | 7ms
✨31.12.2025, 13:33:21✨ | GET /search?category=&isSale=false&minDiscount=0&manufacturer=&inStock=false&minprice=710&maxprice=980&sortBy=newest&limit=12&skip=0 | Status: 200 | 6ms
✨31.12.2025, 13:33:23✨ | GET /search?category=&isSale=false&minDiscount=0&manufacturer=&inStock=false&minprice=760&maxprice=980&sortBy=newest&limit=12&skip=0 | Status: 200 | 5ms
✨31.12.2025, 13:33:28✨ | GET /search?category=Cakes&isSale=false&minDiscount=0&manufacturer=&inStock=false&minprice=760&maxprice=980&sortBy=newest&limit=12&skip=0 | Status: 200 | 6ms
✨31.12.2025, 13:33:33✨ | GET /search?category=Bake+House&isSale=false&minDiscount=0&manufacturer=&inStock=false&minprice=760&maxprice=980&sortBy=newest&limit=12&skip=0 | Status: 200 | 4ms
✨31.12.2025, 13:33:36✨ | GET /search?category=&isSale=false&minDiscount=0&manufacturer=&inStock=false&minprice=760&maxprice=980&sortBy=newest&limit=12&skip=0 | Status: 200 | 13ms
✨31.12.2025, 13:34:26✨ | GET /search?category=&isSale=false&minDiscount=0&manufacturer=&inStock=false&minprice=1&maxprice=1000&sortBy=newest&limit=12&skip=0 | Status: 200 | 6ms
✨31.12.2025, 13:34:33✨ | GET /search?category=&isSale=false&minDiscount=0&manufacturer=&inStock=false&minprice=1&maxprice=1000&sortBy=newest&limit=12&skip=0 | Status: 200 | 9ms
✨31.12.2025, 13:34:47✨ | GET /search?category=&isSale=false&minDiscount=0&manufacturer=&inStock=false&minprice=1&maxprice=1000&sortBy=newest&limit=12&skip=0 | Status: 200 | 8ms
✨31.12.2025, 13:34:53✨ | GET /search?category=&isSale=false&minDiscount=0&manufacturer=&inStock=false&minprice=1&maxprice=1000&sortBy=newest&limit=12&skip=0 | Status: 200 | 6ms
✨31.12.2025, 13:34:55✨ | GET /search?category=&isSale=false&minDiscount=0&manufacturer=&inStock=false&minprice=221&maxprice=1000&sortBy=newest&limit=12&skip=0 | Status: 200 | 6ms
✨31.12.2025, 13:34:58✨ | GET /search?category=&isSale=false&minDiscount=0&manufacturer=&inStock=false&minprice=221&maxprice=881&sortBy=newest&limit=12&skip=0 | Status: 200 | 6ms
✨31.12.2025, 13:35:38✨ | GET /search?category=&isSale=false&minDiscount=0&manufacturer=&inStock=false&minprice=1&maxprice=1000&sortBy=newest&limit=12&skip=0 | Status: 200 | 9ms
✨31.12.2025, 13:35:49✨ | GET /search?category=&isSale=false&minDiscount=0&manufacturer=&inStock=false&minprice=1&maxprice=611&sortBy=newest&limit=12&skip=0 | Status: 200 | 6ms
✨31.12.2025, 13:35:55✨ | GET /search?category=&isSale=false&minDiscount=0&manufacturer=&inStock=false&minprice=311&maxprice=611&sortBy=newest&limit=12&skip=0 | Status: 200 | 5ms
✨31.12.2025, 13:35:57✨ | GET /search?category=&isSale=false&minDiscount=0&manufacturer=&inStock=false&minprice=411&maxprice=611&sortBy=newest&limit=12&skip=0 | Status: 200 | 7ms
✨31.12.2025, 13:38:16✨ | GET /search?category=&isSale=false&minDiscount=0&manufacturer=&inStock=false&minPrice=1&maxPrice=1000&sortBy=newest&limit=12&skip=0 | Status: 200 | 6ms
✨31.12.2025, 13:38:24✨ | GET /search?category=&isSale=false&minDiscount=0&manufacturer=&inStock=false&minPrice=1&maxPrice=1000&sortBy=newest&limit=12&skip=0 | Status: 200 | 6ms
✨31.12.2025, 13:38:27✨ | GET /search?category=&isSale=false&minDiscount=0&manufacturer=&inStock=false&minPrice=1&maxPrice=1000&sortBy=newest&limit=12&skip=0 | Status: 200 | 6ms
✨31.12.2025, 13:38:29✨ | GET /search?category=&isSale=false&minDiscount=0&manufacturer=&inStock=false&minPrice=391&maxPrice=1000&sortBy=newest&limit=12&skip=0 | Status: 200 | 5ms
✨31.12.2025, 13:38:31✨ | GET /search?category=&isSale=false&minDiscount=0&manufacturer=&inStock=false&minPrice=1&maxPrice=1000&sortBy=newest&limit=12&skip=0 | Status: 200 | 6ms
✨31.12.2025, 13:38:34✨ | GET /search?category=&isSale=false&minDiscount=0&manufacturer=&inStock=false&minPrice=1&maxPrice=841&sortBy=newest&limit=12&skip=0 | Status: 200 | 6ms
✨31.12.2025, 13:38:35✨ | GET /search?category=&isSale=false&minDiscount=0&manufacturer=&inStock=false&minPrice=1&maxPrice=591&sortBy=newest&limit=12&skip=0 | Status: 200 | 8ms
✨31.12.2025, 13:38:41✨ | GET /search?category=&isSale=false&minDiscount=0&manufacturer=&inStock=false&minPrice=1&maxPrice=71&sortBy=newest&limit=12&skip=0 | Status: 200 | 5ms
✨31.12.2025, 13:38:46✨ | GET /search?category=&isSale=false&minDiscount=0&manufacturer=&inStock=false&minPrice=1&maxPrice=1000&sortBy=newest&limit=12&skip=0 | Status: 200 | 10ms
✨31.12.2025, 13:38:49✨ | GET /search?category=&isSale=true&minDiscount=0&manufacturer=&inStock=false&minPrice=1&maxPrice=1000&sortBy=newest&limit=12&skip=0 | Status: 200 | 9ms
✨31.12.2025, 13:40:44✨ | GET /me | Status: 200 | 22ms
✨31.12.2025, 13:40:44✨ | GET /me | Status: 200 | 24ms
✨31.12.2025, 13:40:44✨ | GET /me | Status: 200 | 6ms
✨31.12.2025, 13:40:44✨ | GET /me | Status: 200 | 7ms
✨31.12.2025, 13:40:46✨ | GET /me | Status: 200 | 8ms
✨31.12.2025, 13:40:46✨ | GET /me | Status: 200 | 8ms
✨31.12.2025, 13:40:46✨ | GET /me | Status: 200 | 8ms
✨31.12.2025, 13:40:46✨ | GET /me | Status: 200 | 9ms
✨31.12.2025, 13:41:36✨ | POST /login | Status: 200 | 134ms
✨31.12.2025, 13:41:52✨ | GET /me | Status: 200 | 7ms
✨31.12.2025, 13:41:52✨ | GET /me | Status: 200 | 8ms
✨31.12.2025, 13:41:52✨ | GET /me | Status: 200 | 7ms
✨31.12.2025, 13:41:52✨ | GET /me | Status: 200 | 7ms
✨31.12.2025, 13:42:04✨ | GET /search?category=&isSale=false&minDiscount=0&manufacturer=&inStock=false&minPrice=1&maxPrice=1000&sortBy=newest&limit=12&skip=0 | Status: 200 | 15ms
✨31.12.2025, 13:44:29✨ | GET /search?category=&isSale=false&minDiscount=0&manufacturer=&inStock=false&minPrice=1&maxPrice=281&sortBy=newest&limit=12&skip=0 | Status: 200 | 15ms
✨31.12.2025, 13:44:33✨ | GET /search?category=&isSale=false&minDiscount=0&manufacturer=&inStock=false&minPrice=1&maxPrice=111&sortBy=newest&limit=12&skip=0 | Status: 200 | 10ms
✨31.12.2025, 13:44:36✨ | GET /search?category=Cakes&isSale=false&minDiscount=0&manufacturer=&inStock=false&minPrice=1&maxPrice=111&sortBy=newest&limit=12&skip=0 | Status: 200 | 7ms
✨31.12.2025, 13:44:39✨ | GET /search?category=Cakes&isSale=false&minDiscount=0&manufacturer=Sweet+Moments+Bakery&inStock=false&minPrice=1&maxPrice=111&sortBy=newest&limit=12&skip=0 | Status: 200 | 6ms
✨31.12.2025, 13:44:41✨ | GET /search?category=Cakes&isSale=false&minDiscount=0&manufacturer=Golden+Cake&inStock=false&minPrice=1&maxPrice=111&sortBy=newest&limit=12&skip=0 | Status: 200 | 6ms
✨31.12.2025, 14:24:47✨ | GET /search?category=Cakes&isSale=false&minDiscount=0&manufacturer=Golden+Cake&inStock=false&minPrice=1&maxPrice=321&sortBy=newest&limit=12&skip=0 | Status: 200 | 10ms
✨31.12.2025, 14:24:49✨ | GET /search?category=Cakes&isSale=false&minDiscount=0&manufacturer=Golden+Cake&inStock=false&minPrice=1&maxPrice=441&sortBy=newest&limit=12&skip=0 | Status: 200 | 7ms
✨31.12.2025, 14:24:53✨ | GET /search?category=&isSale=false&minDiscount=0&manufacturer=Golden+Cake&inStock=false&minPrice=1&maxPrice=441&sortBy=newest&limit=12&skip=0 | Status: 200 | 8ms
✨31.12.2025, 14:24:55✨ | GET /search?category=&isSale=false&minDiscount=0&manufacturer=Sweet+Moments+Bakery&inStock=false&minPrice=1&maxPrice=441&sortBy=newest&limit=12&skip=0 | Status: 200 | 10ms
✨31.12.2025, 14:24:57✨ | GET /search?category=Cakes&isSale=false&minDiscount=0&manufacturer=Sweet+Moments+Bakery&inStock=false&minPrice=1&maxPrice=441&sortBy=newest&limit=12&skip=0 | Status: 200 | 11ms
✨31.12.2025, 14:25:00✨ | GET /search?category=Cakes&isSale=false&minDiscount=0&manufacturer=Golden+Cake&inStock=false&minPrice=1&maxPrice=441&sortBy=newest&limit=12&skip=0 | Status: 200 | 13ms
✨31.12.2025, 14:25:02✨ | GET /search?category=Cakes&isSale=false&minDiscount=0&manufacturer=&inStock=false&minPrice=1&maxPrice=441&sortBy=newest&limit=12&skip=0 | Status: 200 | 14ms
✨31.12.2025, 14:25:06✨ | GET /search?category=Cakes&isSale=true&minDiscount=0&manufacturer=&inStock=false&minPrice=1&maxPrice=441&sortBy=newest&limit=12&skip=0 | Status: 200 | 9ms
✨31.12.2025, 14:25:50✨ | GET / | Status: 200 | 6ms
✨31.12.2025, 14:25:50✨ | GET / | Status: 200 | 7ms
✨31.12.2025, 14:25:50✨ | GET / | Status: 200 | 5ms
✨31.12.2025, 14:25:50✨ | GET / | Status: 200 | 5ms
✨31.12.2025, 14:25:52✨ | GET /search?category=&isSale=false&minDiscount=0&manufacturer=&inStock=false&minPrice=1&maxPrice=1000&sortBy=newest&limit=12&skip=0 | Status: 200 | 9ms
✨31.12.2025, 14:26:05✨ | GET /search?category=Cakes&isSale=false&minDiscount=0&manufacturer=&inStock=false&minPrice=1&maxPrice=1000&sortBy=newest&limit=12&skip=0 | Status: 200 | 6ms
✨31.12.2025, 14:26:07✨ | GET /search?category=Bake+House&isSale=false&minDiscount=0&manufacturer=&inStock=false&minPrice=1&maxPrice=1000&sortBy=newest&limit=12&skip=0 | Status: 200 | 4ms
✨31.12.2025, 14:26:10✨ | GET /search?category=Platters&isSale=false&minDiscount=0&manufacturer=&inStock=false&minPrice=1&maxPrice=1000&sortBy=newest&limit=12&skip=0 | Status: 200 | 9ms
✨31.12.2025, 14:26:13✨ | GET /search?category=Fruits&isSale=false&minDiscount=0&manufacturer=&inStock=false&minPrice=1&maxPrice=1000&sortBy=newest&limit=12&skip=0 | Status: 200 | 8ms
✨31.12.2025, 14:26:23✨ | GET /search?category=Home+Decor&isSale=false&minDiscount=0&manufacturer=&inStock=false&minPrice=1&maxPrice=1000&sortBy=newest&limit=12&skip=0 | Status: 200 | 7ms
✨31.12.2025, 14:59:48✨ | GET /search?category=&isSale=false&minDiscount=0&manufacturer=&inStock=false&minPrice=1&maxPrice=1000&sortBy=newest&limit=12&skip=0 | Status: 200 | 28ms
✨31.12.2025, 14:59:51✨ | GET / | Status: 200 | 10ms
✨31.12.2025, 14:59:51✨ | GET / | Status: 200 | 11ms
✨31.12.2025, 14:59:51✨ | GET / | Status: 200 | 7ms
✨31.12.2025, 14:59:51✨ | GET / | Status: 200 | 7ms
✨31.12.2025, 14:59:55✨ | GET /me | Status: 200 | 8ms
✨31.12.2025, 14:59:55✨ | GET /me | Status: 200 | 9ms
✨31.12.2025, 14:59:55✨ | GET /me | Status: 200 | 8ms
✨31.12.2025, 14:59:55✨ | GET /me | Status: 200 | 8ms
✨31.12.2025, 15:02:31✨ | GET /search?category=&isSale=false&minDiscount=0&manufacturer=&inStock=false&minPrice=1&maxPrice=1000&sortBy=newest&limit=12&skip=0 | Status: 200 | 35ms
✨31.12.2025, 15:17:12✨ | GET /me | Status: 200 | 27ms
✨31.12.2025, 15:17:12✨ | GET /me | Status: 200 | 28ms
✨31.12.2025, 15:17:12✨ | GET /me | Status: 200 | 8ms
✨31.12.2025, 15:17:12✨ | GET /me | Status: 200 | 8ms
✨31.12.2025, 15:44:53✨ | GET /me | Status: 200 | 23ms
✨31.12.2025, 15:44:53✨ | GET /me | Status: 200 | 26ms
✨31.12.2025, 15:44:53✨ | GET /me | Status: 200 | 6ms
✨31.12.2025, 15:44:53✨ | GET /me | Status: 200 | 7ms
✨31.12.2025, 15:44:54✨ | GET /me | Status: 200 | 10ms
✨31.12.2025, 15:44:54✨ | GET /me | Status: 200 | 11ms
✨31.12.2025, 15:44:54✨ | GET /me | Status: 200 | 10ms
✨31.12.2025, 15:44:54✨ | GET /me | Status: 200 | 11ms
✨31.12.2025, 16:05:09✨ | GET /stats | Status: 200 | 37ms
✨31.12.2025, 16:05:09✨ | GET /stats | Status: 200 | 15ms
✨31.12.2025, 16:05:15✨ | GET /stats | Status: 200 | 17ms
✨31.12.2025, 16:05:15✨ | GET /stats | Status: 200 | 14ms
✨31.12.2025, 16:05:22✨ | GET /stats | Status: 200 | 19ms
✨31.12.2025, 16:05:22✨ | GET /stats | Status: 200 | 14ms
✨31.12.2025, 16:05:25✨ | GET /stats | Status: 200 | 14ms
✨31.12.2025, 16:05:27✨ | GET /stats | Status: 200 | 15ms
✨31.12.2025, 16:05:27✨ | GET /stats | Status: 200 | 17ms
✨31.12.2025, 16:06:37✨ | GET /stats | Status: 200 | 14ms
✨31.12.2025, 16:10:01✨ | GET /stats | Status: 200 | 15ms
✨31.12.2025, 16:10:01✨ | GET /stats | Status: 200 | 20ms
✨31.12.2025, 16:10:03✨ | GET /me | Status: 200 | 13ms
✨31.12.2025, 16:10:03✨ | GET /me | Status: 200 | 15ms
✨31.12.2025, 16:10:03✨ | GET /me | Status: 200 | 7ms
✨31.12.2025, 16:10:03✨ | GET /me | Status: 200 | 8ms
✨31.12.2025, 16:10:07✨ | GET /me | Status: 200 | 5ms
✨31.12.2025, 16:10:07✨ | GET /me | Status: 200 | 5ms
✨31.12.2025, 16:10:07✨ | GET /me | Status: 200 | 7ms
✨31.12.2025, 16:10:07✨ | GET /me | Status: 200 | 8ms
✨31.12.2025, 16:10:09✨ | GET /me | Status: 200 | 6ms
✨31.12.2025, 16:10:09✨ | GET /me | Status: 200 | 6ms
✨31.12.2025, 16:10:09✨ | GET /me | Status: 200 | 5ms
✨31.12.2025, 16:10:09✨ | GET /me | Status: 200 | 6ms
✨31.12.2025, 16:10:09✨ | GET /me | Status: 200 | 5ms
✨31.12.2025, 16:10:09✨ | GET /me | Status: 200 | 5ms
✨31.12.2025, 16:10:09✨ | GET /me | Status: 200 | 6ms
✨31.12.2025, 16:10:09✨ | GET /me | Status: 200 | 7ms
✨31.12.2025, 16:10:10✨ | GET /me | Status: 200 | 6ms
✨31.12.2025, 16:10:10✨ | GET /me | Status: 200 | 5ms
✨31.12.2025, 16:10:10✨ | GET /me | Status: 200 | 6ms
✨31.12.2025, 16:10:10✨ | GET /me | Status: 200 | 6ms
✨31.12.2025, 16:10:11✨ | GET /me | Status: 200 | 5ms
✨31.12.2025, 16:10:11✨ | GET /me | Status: 200 | 5ms
✨31.12.2025, 16:10:11✨ | GET /me | Status: 200 | 6ms
✨31.12.2025, 16:10:11✨ | GET /me | Status: 200 | 8ms
✨31.12.2025, 16:10:12✨ | GET /search?category=&isSale=false&minDiscount=0&manufacturer=&inStock=false&minPrice=1&maxPrice=1000&sortBy=newest&limit=12&skip=0 | Status: 200 | 12ms
✨31.12.2025, 16:10:13✨ | GET /me | Status: 200 | 21ms
✨31.12.2025, 16:10:13✨ | GET /me | Status: 200 | 21ms
✨31.12.2025, 16:10:13✨ | GET /me | Status: 200 | 6ms
✨31.12.2025, 16:10:13✨ | GET /me | Status: 200 | 7ms
✨31.12.2025, 16:13:06✨ | GET /me | Status: 200 | 62ms
✨31.12.2025, 16:13:06✨ | GET /me | Status: 200 | 67ms
✨31.12.2025, 16:13:06✨ | GET /me | Status: 200 | 21ms
✨31.12.2025, 16:13:06✨ | GET /me | Status: 200 | 22ms
✨31.12.2025, 16:13:06✨ | GET /stats | Status: 200 | 98ms
✨31.12.2025, 16:13:06✨ | GET /stats | Status: 200 | 24ms
✨31.12.2025, 16:13:30✨ | GET /stats | Status: 200 | 26ms
✨31.12.2025, 16:13:30✨ | GET /stats | Status: 200 | 38ms
✨31.12.2025, 16:13:31✨ | GET /stats | Status: 200 | 40ms
✨31.12.2025, 16:13:31✨ | GET /stats | Status: 200 | 17ms
✨31.12.2025, 16:13:37✨ | GET /stats | Status: 200 | 89ms
✨31.12.2025, 16:13:38✨ | GET /stats | Status: 200 | 12ms
✨31.12.2025, 16:13:45✨ | GET /stats | Status: 200 | 24ms
✨31.12.2025, 16:13:45✨ | GET /stats | Status: 200 | 14ms
✨31.12.2025, 16:14:46✨ | GET /me | Status: 200 | 5ms
✨31.12.2025, 16:14:46✨ | GET /me | Status: 200 | 6ms
✨31.12.2025, 16:14:46✨ | GET /me | Status: 200 | 5ms
✨31.12.2025, 16:14:46✨ | GET /me | Status: 200 | 6ms
✨31.12.2025, 18:32:01✨ | GET /search?category=&isSale=false&minDiscount=0&manufacturer=&inStock=false&minPrice=1&maxPrice=1000&sortBy=newest&limit=12&skip=0 | Status: 200 | 32ms
✨31.12.2025, 19:11:15✨ | GET /search?category=&isSale=false&minDiscount=0&manufacturer=&inStock=false&minPrice=1&maxPrice=1000&sortBy=newest&limit=12&skip=0 | Status: 200 | 14ms
✨31.12.2025, 19:11:31✨ | GET /search?category=&isSale=false&minDiscount=0&manufacturer=&inStock=false&minPrice=1&maxPrice=1000&sortBy=newest&limit=12&skip=0 | Status: 200 | 9ms
✨31.12.2025, 19:11:32✨ | GET / | Status: 200 | 10ms
✨31.12.2025, 19:11:32✨ | GET / | Status: 200 | 12ms
✨31.12.2025, 19:11:32✨ | GET / | Status: 200 | 10ms
✨31.12.2025, 19:11:32✨ | GET / | Status: 200 | 11ms
✨31.12.2025, 19:12:27✨ | POST /login | Status: 200 | 144ms
✨31.12.2025, 19:12:33✨ | GET /me | Status: 200 | 24ms
✨31.12.2025, 19:12:33✨ | GET /me | Status: 200 | 26ms
✨31.12.2025, 19:12:33✨ | GET /me | Status: 200 | 7ms
✨31.12.2025, 19:12:33✨ | GET /me | Status: 200 | 8ms
✨31.12.2025, 19:12:55✨ | GET /me | Status: 200 | 7ms
✨31.12.2025, 19:12:55✨ | GET /me | Status: 200 | 8ms
✨31.12.2025, 19:12:55✨ | GET /me | Status: 200 | 7ms
✨31.12.2025, 19:12:55✨ | GET /me | Status: 200 | 8ms
✨31.12.2025, 19:13:15✨ | GET /me | Status: 200 | 6ms
✨31.12.2025, 19:13:15✨ | GET /me | Status: 200 | 7ms
✨31.12.2025, 19:13:15✨ | GET /me | Status: 200 | 6ms
✨31.12.2025, 19:13:15✨ | GET /me | Status: 200 | 6ms
✨31.12.2025, 19:16:26✨ | GET /search?category=&isSale=false&minDiscount=0&manufacturer=&inStock=false&minPrice=1&maxPrice=1000&sortBy=newest&limit=12&skip=0 | Status: 200 | 20ms
✨31.12.2025, 19:16:28✨ | GET / | Status: 200 | 12ms
✨31.12.2025, 19:16:28✨ | GET / | Status: 200 | 14ms
✨31.12.2025, 19:16:28✨ | GET / | Status: 200 | 12ms
✨31.12.2025, 19:16:28✨ | GET / | Status: 200 | 14ms
✨31.12.2025, 19:16:32✨ | GET /search?category=&isSale=false&minDiscount=0&manufacturer=&inStock=false&minPrice=1&maxPrice=1000&sortBy=newest&limit=12&skip=0 | Status: 200 | 11ms
✨31.12.2025, 19:17:22✨ | GET /search?category=&isSale=false&minDiscount=0&manufacturer=&inStock=false&minprice=1&maxprice=1000&sortBy=newest&limit=12&skip=0 | Status: 200 | 9ms
✨31.12.2025, 19:27:32✨ | POST /login | Status: 200 | 147ms
✨31.12.2025, 19:28:35✨ | GET /stats | Status: 200 | 29ms
✨31.12.2025, 19:28:35✨ | GET /stats | Status: 200 | 18ms
✨31.12.2025, 19:29:02✨ | GET /stats | Status: 200 | 31ms
✨31.12.2025, 19:29:02✨ | GET /stats | Status: 200 | 21ms
✨31.12.2025, 19:29:07✨ | GET /search?category=&isSale=false&minDiscount=0&manufacturer=&inStock=false&minprice=1&maxprice=1000&sortBy=newest&limit=12&skip=0 | Status: 200 | 8ms
✨31.12.2025, 19:29:12✨ | GET /stats | Status: 200 | 37ms
✨31.12.2025, 19:29:12✨ | GET /stats | Status: 200 | 14ms
✨31.12.2025, 19:29:21✨ | GET /stats | Status: 200 | 24ms
✨31.12.2025, 19:29:21✨ | GET /stats | Status: 200 | 24ms
✨31.12.2025, 19:29:32✨ | GET /stats | Status: 200 | 16ms
✨31.12.2025, 19:29:32✨ | GET /stats | Status: 200 | 14ms
✨31.12.2025, 19:29:42✨ | GET /stats | Status: 200 | 17ms
✨31.12.2025, 19:29:42✨ | GET /stats | Status: 200 | 12ms
✨31.12.2025, 19:30:08✨ | GET /stats | Status: 200 | 34ms
✨31.12.2025, 19:30:08✨ | GET /stats | Status: 200 | 12ms
✨31.12.2025, 19:30:15✨ | GET /stats | Status: 200 | 175ms
✨31.12.2025, 19:30:15✨ | GET /stats | Status: 200 | 150ms
✨31.12.2025, 19:30:16✨ | GET /stats | Status: 200 | 151ms
✨31.12.2025, 19:30:16✨ | GET /stats | Status: 200 | 143ms
✨31.12.2025, 19:30:18✨ | GET /stats | Status: 200 | 157ms
✨31.12.2025, 19:30:18✨ | GET /stats | Status: 200 | 62ms
✨31.12.2025, 19:30:22✨ | GET /stats | Status: 200 | 213ms
✨31.12.2025, 19:31:25✨ | GET /me | Status: 200 | 43ms
✨31.12.2025, 19:31:25✨ | GET /me | Status: 200 | 45ms
✨31.12.2025, 19:31:25✨ | GET /stats | Status: 200 | 121ms
✨31.12.2025, 19:31:25✨ | GET /me | Status: 200 | 33ms
✨31.12.2025, 19:31:25✨ | GET /me | Status: 200 | 34ms
✨31.12.2025, 19:31:25✨ | GET /stats | Status: 200 | 35ms
✨31.12.2025, 19:31:37✨ | GET /stats | Status: 200 | 28ms
✨31.12.2025, 19:31:37✨ | GET /stats | Status: 200 | 19ms
✨31.12.2025, 19:31:40✨ | GET /me | Status: 200 | 6ms
✨31.12.2025, 19:31:40✨ | GET /me | Status: 200 | 7ms
✨31.12.2025, 19:31:40✨ | GET /me | Status: 200 | 5ms
✨31.12.2025, 19:31:40✨ | GET /me | Status: 200 | 6ms
✨31.12.2025, 19:31:44✨ | GET / | Status: 200 | 6ms
✨31.12.2025, 19:31:44✨ | GET / | Status: 200 | 7ms
✨31.12.2025, 19:31:44✨ | GET / | Status: 200 | 6ms
✨31.12.2025, 19:31:44✨ | GET / | Status: 200 | 7ms
✨31.12.2025, 19:31:48✨ | GET /search?category=&isSale=false&minDiscount=0&manufacturer=&inStock=false&minPrice=1&maxPrice=1000&sortBy=newest&limit=12&skip=0 | Status: 200 | 13ms
✨31.12.2025, 19:31:52✨ | GET /search?category=&isSale=true&minDiscount=0&manufacturer=&inStock=false&minPrice=1&maxPrice=1000&sortBy=newest&limit=12&skip=0 | Status: 200 | 9ms
✨31.12.2025, 19:31:58✨ | GET /me | Status: 200 | 6ms
✨31.12.2025, 19:31:58✨ | GET /me | Status: 200 | 7ms
✨31.12.2025, 19:31:58✨ | GET /me | Status: 200 | 6ms
✨31.12.2025, 19:31:58✨ | GET /me | Status: 200 | 6ms
✨31.12.2025, 19:32:16✨ | GET / | Status: 200 | 5ms
✨31.12.2025, 19:32:16✨ | GET / | Status: 200 | 6ms
✨31.12.2025, 19:32:16✨ | GET / | Status: 200 | 5ms
✨31.12.2025, 19:32:16✨ | GET / | Status: 200 | 5ms
✨31.12.2025, 19:33:08✨ | GET /me | Status: 200 | 5ms
✨31.12.2025, 19:33:08✨ | GET /me | Status: 200 | 5ms
✨31.12.2025, 19:33:08✨ | GET /me | Status: 200 | 6ms
✨31.12.2025, 19:33:08✨ | GET /me | Status: 200 | 6ms
✨31.12.2025, 19:33:10✨ | GET / | Status: 200 | 5ms
✨31.12.2025, 19:33:10✨ | GET / | Status: 200 | 5ms
✨31.12.2025, 19:33:10✨ | GET / | Status: 200 | 6ms
✨31.12.2025, 19:33:10✨ | GET / | Status: 200 | 6ms
✨31.12.2025, 19:33:12✨ | GET /search?category=&isSale=false&minDiscount=0&manufacturer=&inStock=false&minPrice=1&maxPrice=1000&sortBy=newest&limit=12&skip=0 | Status: 200 | 9ms
✨31.12.2025, 19:33:12✨ | GET / | Status: 200 | 10ms
✨31.12.2025, 19:33:12✨ | GET / | Status: 200 | 11ms
✨31.12.2025, 19:33:12✨ | GET / | Status: 200 | 10ms
✨31.12.2025, 19:33:12✨ | GET / | Status: 200 | 12ms
✨31.12.2025, 19:33:14✨ | GET /search?category=&isSale=false&minDiscount=0&manufacturer=&inStock=false&minPrice=1&maxPrice=1000&sortBy=newest&limit=12&skip=0 | Status: 200 | 14ms
✨31.12.2025, 19:33:21✨ | GET /6900b7b93a9233396e391b94 | Status: 200 | 21ms
✨31.12.2025, 19:33:21✨ | GET /6900b7b93a9233396e391b94 | Status: 200 | 21ms
✨31.12.2025, 19:33:21✨ | GET /6900b7b93a9233396e391b94 | Status: 200 | 18ms
✨31.12.2025, 19:33:21✨ | GET /6900b7b93a9233396e391b94 | Status: 200 | 18ms
✨31.12.2025, 19:33:21✨ | GET /category/Home%20Decor | Status: 200 | 6ms
✨31.12.2025, 19:33:21✨ | GET /category/Home%20Decor | Status: 200 | 7ms
✨31.12.2025, 19:33:21✨ | GET /category/Home%20Decor | Status: 200 | 5ms
✨31.12.2025, 19:33:21✨ | GET /category/Home%20Decor | Status: 200 | 6ms
✨31.12.2025, 19:33:44✨ | GET /search?category=&isSale=false&minDiscount=0&manufacturer=&inStock=false&minPrice=1&maxPrice=1000&sortBy=newest&limit=12&skip=0 | Status: 200 | 9ms
✨31.12.2025, 19:35:39✨ | GET /stats | Status: 200 | 21ms
✨31.12.2025, 19:35:39✨ | GET /stats | Status: 200 | 13ms
✨31.12.2025, 19:39:00✨ | GET /stats | Status: 200 | 15ms
✨31.12.2025, 19:39:00✨ | GET /stats | Status: 200 | 13ms
✨31.12.2025, 19:47:24✨ | GET /stats | Status: 200 | 147ms
✨31.12.2025, 19:47:24✨ | GET /stats | Status: 200 | 122ms
✨31.12.2025, 19:47:34✨ | GET /stats | Status: 200 | 39ms
✨31.12.2025, 19:47:34✨ | GET /stats | Status: 200 | 11ms
✨31.12.2025, 19:47:35✨ | GET /stats | Status: 200 | 20ms
✨31.12.2025, 19:47:35✨ | GET /stats | Status: 200 | 21ms
✨31.12.2025, 19:47:37✨ | GET /stats | Status: 200 | 13ms
✨31.12.2025, 19:47:50✨ | GET /stats | Status: 200 | 29ms
✨31.12.2025, 19:49:30✨ | GET /search?category=&isSale=false&minDiscount=0&manufacturer=&inStock=false&minPrice=1&maxPrice=1000&sortBy=newest&limit=12&skip=0 | Status: 200 | 11ms
✨31.12.2025, 19:49:34✨ | GET /stats | Status: 200 | 16ms
✨31.12.2025, 19:49:36✨ | GET /stats | Status: 200 | 13ms
✨31.12.2025, 19:49:36✨ | GET /stats | Status: 200 | 12ms
✨31.12.2025, 19:51:47✨ | GET /me | Status: 200 | 6ms
✨31.12.2025, 19:51:47✨ | GET /me | Status: 200 | 6ms
✨31.12.2025, 19:51:47✨ | GET /me | Status: 200 | 6ms
✨31.12.2025, 19:51:47✨ | GET /me | Status: 200 | 7ms
✨31.12.2025, 19:52:10✨ | POST /login | Status: 200 | 131ms
✨31.12.2025, 19:52:17✨ | GET / | Status: 200 | 4ms
✨31.12.2025, 19:52:17✨ | GET / | Status: 200 | 5ms
✨31.12.2025, 19:52:17✨ | GET / | Status: 200 | 5ms
✨31.12.2025, 19:52:17✨ | GET / | Status: 200 | 5ms
✨31.12.2025, 19:52:22✨ | GET /search?category=&isSale=false&minDiscount=0&manufacturer=&inStock=false&minPrice=1&maxPrice=1000&sortBy=newest&limit=12&skip=0 | Status: 200 | 14ms
✨31.12.2025, 19:52:26✨ | GET /search?category=Cakes&isSale=false&minDiscount=0&manufacturer=&inStock=false&minPrice=1&maxPrice=1000&sortBy=newest&limit=12&skip=0 | Status: 200 | 6ms
✨31.12.2025, 19:52:28✨ | GET /search?category=Cakes&isSale=true&minDiscount=0&manufacturer=&inStock=false&minPrice=1&maxPrice=1000&sortBy=newest&limit=12&skip=0 | Status: 200 | 6ms
✨31.12.2025, 19:52:31✨ | GET /search?category=Cakes&isSale=false&minDiscount=0&manufacturer=&inStock=false&minPrice=1&maxPrice=1000&sortBy=newest&limit=12&skip=0 | Status: 200 | 8ms
✨31.12.2025, 19:52:36✨ | GET /search?category=&isSale=false&minDiscount=0&manufacturer=&inStock=false&minPrice=1&maxPrice=1000&sortBy=newest&limit=12&skip=0 | Status: 200 | 8ms
✨31.12.2025, 19:52:40✨ | GET /category/home%20decor | Status: 200 | 4ms
✨31.12.2025, 19:52:40✨ | GET /category/home%20decor | Status: 200 | 5ms
✨31.12.2025, 19:52:40✨ | GET /category/home%20decor | Status: 200 | 5ms
✨31.12.2025, 19:52:40✨ | GET /category/home%20decor | Status: 200 | 5ms
✨31.12.2025, 19:52:44✨ | GET /search?category=&isSale=false&minDiscount=0&manufacturer=&inStock=false&minPrice=1&maxPrice=1000&sortBy=newest&limit=12&skip=0 | Status: 200 | 10ms
✨31.12.2025, 19:52:47✨ | GET /6900b7b93a9233396e391b91 | Status: 200 | 5ms
✨31.12.2025, 19:52:47✨ | GET /6900b7b93a9233396e391b91 | Status: 200 | 5ms
✨31.12.2025, 19:52:47✨ | GET /6900b7b93a9233396e391b91 | Status: 200 | 6ms
✨31.12.2025, 19:52:47✨ | GET /6900b7b93a9233396e391b91 | Status: 200 | 7ms
✨31.12.2025, 19:52:47✨ | GET /category/Platters | Status: 200 | 4ms
✨31.12.2025, 19:52:47✨ | GET /category/Platters | Status: 200 | 5ms
✨31.12.2025, 19:52:47✨ | GET /category/Platters | Status: 200 | 5ms
✨31.12.2025, 19:52:47✨ | GET /category/Platters | Status: 200 | 6ms
✨31.12.2025, 19:52:50✨ | GET /6900b82e3a9233396e391ba8 | Status: 200 | 5ms
✨31.12.2025, 19:52:50✨ | GET /6900b82e3a9233396e391ba8 | Status: 200 | 6ms
✨31.12.2025, 19:52:50✨ | GET /category/Platters | Status: 200 | 3ms
✨31.12.2025, 19:52:50✨ | GET /category/Platters | Status: 200 | 3ms
✨31.12.2025, 19:52:55✨ | GET /category/platters | Status: 200 | 4ms
✨31.12.2025, 19:52:55✨ | GET /category/platters | Status: 200 | 5ms
✨31.12.2025, 19:52:55✨ | GET /category/platters | Status: 200 | 3ms
✨31.12.2025, 19:52:55✨ | GET /category/platters | Status: 200 | 4ms
