✨1.1.2026, 15:45:28✨ | GET /category/platters | Status: 200 | 9ms
✨1.1.2026, 15:45:28✨ | GET /category/platters | Status: 200 | 9ms
✨1.1.2026, 15:45:28✨ | GET /category/platters | Status: 200 | 7ms
✨1.1.2026, 15:45:28✨ | GET /category/platters | Status: 200 | 8ms
✨1.1.2026, 15:45:28✨ | GET /stats | Status: 200 | 18ms
✨1.1.2026, 15:45:28✨ | GET /stats | Status: 200 | 12ms
✨1.1.2026, 15:45:34✨ | GET /stats | Status: 200 | 13ms
✨1.1.2026, 15:45:34✨ | GET /stats | Status: 200 | 12ms
✨1.1.2026, 15:45:37✨ | GET /me | Status: 200 | 5ms
✨1.1.2026, 15:45:37✨ | GET /me | Status: 200 | 5ms
✨1.1.2026, 15:45:37✨ | GET /me | Status: 200 | 5ms
✨1.1.2026, 15:45:37✨ | GET /me | Status: 200 | 5ms
✨1.1.2026, 15:46:38✨ | GET /stats | Status: 200 | 14ms
✨1.1.2026, 15:46:38✨ | GET /stats | Status: 200 | 12ms
✨1.1.2026, 15:47:40✨ | GET /stats | Status: 200 | 41ms
✨1.1.2026, 15:47:40✨ | GET /stats | Status: 200 | 24ms
✨1.1.2026, 15:48:43✨ | GET / | Status: 200 | 9ms
✨1.1.2026, 15:48:43✨ | GET / | Status: 200 | 11ms
✨1.1.2026, 15:48:43✨ | GET / | Status: 200 | 6ms
✨1.1.2026, 15:48:43✨ | GET / | Status: 200 | 7ms
✨1.1.2026, 15:48:51✨ | GET /stats | Status: 200 | 18ms
✨1.1.2026, 15:48:51✨ | GET /stats | Status: 200 | 25ms
✨1.1.2026, 15:49:01✨ | GET /me | Status: 200 | 8ms
✨1.1.2026, 15:49:01✨ | GET /me | Status: 200 | 9ms
✨1.1.2026, 15:49:01✨ | GET /me | Status: 200 | 6ms
✨1.1.2026, 15:49:01✨ | GET /me | Status: 200 | 6ms
✨1.1.2026, 15:49:36✨ | POST /login | Status: 200 | 134ms
✨1.1.2026, 15:50:25✨ | GET /stats | Status: 200 | 44ms
✨1.1.2026, 15:50:25✨ | GET /stats | Status: 200 | 38ms
✨1.1.2026, 15:50:27✨ | GET /stats | Status: 200 | 22ms
✨1.1.2026, 15:50:27✨ | GET /stats | Status: 200 | 32ms
✨1.1.2026, 16:18:33✨ | GET /stats | Status: 200 | 50ms
✨1.1.2026, 16:18:33✨ | GET /stats | Status: 200 | 20ms
✨1.1.2026, 16:18:36✨ | GET /stats | Status: 200 | 25ms
✨1.1.2026, 16:18:36✨ | GET /stats | Status: 200 | 20ms
✨1.1.2026, 16:19:06✨ | GET /stats | Status: 200 | 67ms
✨1.1.2026, 16:19:06✨ | GET /stats | Status: 200 | 17ms
✨1.1.2026, 16:21:30✨ | GET /stats | Status: 200 | 75ms
✨1.1.2026, 16:21:30✨ | GET /stats | Status: 200 | 40ms
✨1.1.2026, 16:21:41✨ | GET /stats | Status: 200 | 86ms
✨1.1.2026, 16:21:42✨ | GET /stats | Status: 200 | 24ms
✨1.1.2026, 16:22:31✨ | GET /new-customers?months=7 | Status: 200 | 32ms
✨1.1.2026, 16:22:31✨ | GET /new-customers?months=7 | Status: 200 | 7ms
✨1.1.2026, 16:22:31✨ | GET /stats | Status: 200 | 56ms
✨1.1.2026, 16:22:31✨ | GET /stats | Status: 200 | 15ms
✨1.1.2026, 16:25:09✨ | GET /new-customers?months=7 | Status: 200 | 20ms
✨1.1.2026, 16:25:09✨ | GET /new-customers?months=7 | Status: 200 | 11ms
✨1.1.2026, 16:25:09✨ | GET /stats | Status: 200 | 50ms
✨1.1.2026, 16:25:09✨ | GET /stats | Status: 200 | 14ms
✨1.1.2026, 16:25:12✨ | GET /new-customers?months=7 | Status: 200 | 6ms
✨1.1.2026, 16:25:12✨ | GET /stats | Status: 200 | 23ms
✨1.1.2026, 16:25:12✨ | GET /new-customers?months=7 | Status: 200 | 16ms
✨1.1.2026, 16:25:12✨ | GET /stats | Status: 200 | 14ms
✨1.1.2026, 16:25:15✨ | GET /new-customers?months=7 | Status: 200 | 7ms
✨1.1.2026, 16:25:15✨ | GET /new-customers?months=7 | Status: 200 | 7ms
✨1.1.2026, 16:25:15✨ | GET /stats | Status: 200 | 23ms
✨1.1.2026, 16:25:16✨ | GET /stats | Status: 200 | 14ms
✨1.1.2026, 16:25:17✨ | GET /new-customers?months=7 | Status: 200 | 9ms
✨1.1.2026, 16:25:17✨ | GET /new-customers?months=7 | Status: 200 | 8ms
✨1.1.2026, 16:25:17✨ | GET /stats | Status: 200 | 23ms
✨1.1.2026, 16:25:17✨ | GET /stats | Status: 200 | 11ms
✨1.1.2026, 16:25:22✨ | GET /new-customers?months=7 | Status: 200 | 7ms
✨1.1.2026, 16:25:22✨ | GET /stats | Status: 200 | 23ms
✨1.1.2026, 16:25:22✨ | GET /new-customers?months=7 | Status: 200 | 13ms
✨1.1.2026, 16:25:22✨ | GET /stats | Status: 200 | 22ms
✨1.1.2026, 16:25:24✨ | GET /new-customers?months=7 | Status: 200 | 8ms
✨1.1.2026, 16:25:24✨ | GET /stats | Status: 200 | 22ms
✨1.1.2026, 16:25:24✨ | GET /new-customers?months=7 | Status: 200 | 8ms
✨1.1.2026, 16:25:24✨ | GET /stats | Status: 200 | 11ms
✨1.1.2026, 16:25:37✨ | GET /new-customers?months=7 | Status: 200 | 8ms
✨1.1.2026, 16:25:37✨ | GET /new-customers?months=7 | Status: 200 | 4ms
✨1.1.2026, 16:25:37✨ | GET /stats | Status: 200 | 28ms
✨1.1.2026, 16:25:37✨ | GET /stats | Status: 200 | 12ms
✨1.1.2026, 16:26:06✨ | GET /new-customers?months=7 | Status: 200 | 19ms
✨1.1.2026, 16:26:06✨ | GET /new-customers?months=7 | Status: 200 | 10ms
✨1.1.2026, 16:26:06✨ | GET /stats | Status: 200 | 46ms
✨1.1.2026, 16:26:06✨ | GET /stats | Status: 200 | 31ms
✨1.1.2026, 16:26:48✨ | GET /new-customers?months=7 | Status: 200 | 44ms
✨1.1.2026, 16:26:48✨ | GET /new-customers?months=7 | Status: 200 | 32ms
✨1.1.2026, 16:26:48✨ | GET /stats | Status: 200 | 96ms
✨1.1.2026, 16:26:49✨ | GET /stats | Status: 200 | 21ms
✨1.1.2026, 16:31:37✨ | GET /new-customers?months=7 | Status: 200 | 24ms
✨1.1.2026, 16:31:37✨ | GET /stats | Status: 200 | 66ms
✨1.1.2026, 16:31:37✨ | GET /new-customers?months=7 | Status: 200 | 44ms
✨1.1.2026, 16:31:37✨ | GET /revenue?months=7 | Status: 200 | 4ms
✨1.1.2026, 16:31:37✨ | GET /revenue?months=7 | Status: 200 | 4ms
✨1.1.2026, 16:31:37✨ | GET /stats | Status: 200 | 44ms
✨1.1.2026, 16:33:23✨ | GET /new-customers?months=7 | Status: 200 | 23ms
✨1.1.2026, 16:33:23✨ | GET /current | Status: 200 | 39ms
✨1.1.2026, 16:33:23✨ | GET /revenue?months=7 | Status: 200 | 4ms
✨1.1.2026, 16:33:23✨ | GET /stats | Status: 200 | 130ms
✨1.1.2026, 16:33:23✨ | GET /new-customers?months=7 | Status: 200 | 43ms
✨1.1.2026, 16:33:23✨ | GET /current | Status: 200 | 35ms
✨1.1.2026, 16:33:23✨ | GET /revenue?months=7 | Status: 200 | 3ms
✨1.1.2026, 16:33:23✨ | GET /stats | Status: 200 | 30ms
✨1.1.2026, 16:33:26✨ | GET /current | Status: 200 | 17ms
✨1.1.2026, 16:33:26✨ | GET /new-customers?months=7 | Status: 200 | 13ms
✨1.1.2026, 16:33:26✨ | GET /current | Status: 200 | 15ms
✨1.1.2026, 16:33:26✨ | GET /new-customers?months=7 | Status: 200 | 11ms
✨1.1.2026, 16:33:26✨ | GET /stats | Status: 200 | 36ms
✨1.1.2026, 16:33:26✨ | GET /stats | Status: 200 | 16ms
✨1.1.2026, 16:33:26✨ | GET /revenue?months=7 | Status: 200 | 3ms
✨1.1.2026, 16:33:26✨ | GET /revenue?months=7 | Status: 200 | 3ms
✨1.1.2026, 16:35:20✨ | GET /current | Status: 200 | 44ms
✨1.1.2026, 16:35:20✨ | GET /new-customers?months=7 | Status: 200 | 27ms
✨1.1.2026, 16:35:20✨ | GET /current | Status: 200 | 19ms
✨1.1.2026, 16:35:20✨ | GET /new-customers?months=7 | Status: 200 | 18ms
✨1.1.2026, 16:35:20✨ | GET /stats | Status: 200 | 80ms
✨1.1.2026, 16:35:20✨ | GET /stats | Status: 200 | 67ms
✨1.1.2026, 16:35:21✨ | GET /revenue?months=7 | Status: 200 | 19ms
✨1.1.2026, 16:35:21✨ | GET /revenue?months=7 | Status: 200 | 2ms
✨1.1.2026, 16:38:51✨ | GET /current | Status: 200 | 17ms
✨1.1.2026, 16:38:51✨ | GET /new-customers?months=7 | Status: 200 | 11ms
✨1.1.2026, 16:38:51✨ | GET /current | Status: 200 | 15ms
✨1.1.2026, 16:38:51✨ | GET /stats | Status: 200 | 40ms
✨1.1.2026, 16:38:51✨ | GET /new-customers?months=7 | Status: 200 | 15ms
✨1.1.2026, 16:38:51✨ | GET /stats | Status: 200 | 13ms
✨1.1.2026, 16:38:51✨ | GET /revenue?months=7 | Status: 200 | 6ms
✨1.1.2026, 16:38:51✨ | GET /revenue?months=7 | Status: 200 | 2ms
✨1.1.2026, 16:39:20✨ | GET /current | Status: 200 | 12ms
✨1.1.2026, 16:39:20✨ | GET /new-customers?months=7 | Status: 200 | 12ms
✨1.1.2026, 16:39:21✨ | GET /current | Status: 200 | 12ms
✨1.1.2026, 16:39:21✨ | GET /new-customers?months=7 | Status: 200 | 10ms
✨1.1.2026, 16:39:21✨ | GET /stats | Status: 200 | 31ms
✨1.1.2026, 16:39:21✨ | GET /stats | Status: 200 | 13ms
✨1.1.2026, 16:39:21✨ | GET /revenue?months=7 | Status: 200 | 3ms
✨1.1.2026, 16:39:21✨ | GET /revenue?months=7 | Status: 200 | 2ms
✨1.1.2026, 16:39:31✨ | GET /current | Status: 200 | 14ms
✨1.1.2026, 16:39:31✨ | GET /new-customers?months=7 | Status: 200 | 12ms
✨1.1.2026, 16:39:31✨ | GET /current | Status: 200 | 13ms
✨1.1.2026, 16:39:31✨ | GET /stats | Status: 200 | 30ms
✨1.1.2026, 16:39:31✨ | GET /new-customers?months=7 | Status: 200 | 15ms
✨1.1.2026, 16:39:31✨ | GET /stats | Status: 200 | 12ms
✨1.1.2026, 16:39:31✨ | GET /revenue?months=7 | Status: 200 | 5ms
✨1.1.2026, 16:39:31✨ | GET /revenue?months=7 | Status: 200 | 24ms
✨1.1.2026, 16:40:20✨ | GET /current | Status: 200 | 5ms
✨1.1.2026, 16:40:20✨ | GET /new-customers?months=7 | Status: 200 | 9ms
✨1.1.2026, 16:40:20✨ | GET /stats | Status: 200 | 11ms
✨1.1.2026, 16:40:20✨ | GET /current | Status: 200 | 9ms
✨1.1.2026, 16:40:20✨ | GET /new-customers?months=7 | Status: 200 | 20ms
✨1.1.2026, 16:40:20✨ | GET /stats | Status: 200 | 23ms
✨1.1.2026, 16:40:20✨ | GET /revenue?months=7 | Status: 200 | 3ms
✨1.1.2026, 16:40:20✨ | GET /revenue?months=7 | Status: 200 | 2ms
✨1.1.2026, 16:40:22✨ | GET /current | Status: 200 | 9ms
✨1.1.2026, 16:40:22✨ | GET /new-customers?months=7 | Status: 200 | 10ms
✨1.1.2026, 16:40:22✨ | GET /stats | Status: 200 | 15ms
✨1.1.2026, 16:40:22✨ | GET /current | Status: 200 | 5ms
✨1.1.2026, 16:40:22✨ | GET /new-customers?months=7 | Status: 200 | 5ms
✨1.1.2026, 16:40:22✨ | GET /stats | Status: 200 | 12ms
✨1.1.2026, 16:40:23✨ | GET /revenue?months=7 | Status: 200 | 2ms
✨1.1.2026, 16:40:23✨ | GET /revenue?months=7 | Status: 200 | 3ms
✨1.1.2026, 16:40:26✨ | GET /current | Status: 200 | 7ms
✨1.1.2026, 16:40:26✨ | GET /new-customers?months=7 | Status: 200 | 5ms
✨1.1.2026, 16:40:26✨ | GET /stats | Status: 200 | 11ms
✨1.1.2026, 16:40:26✨ | GET /current | Status: 200 | 9ms
✨1.1.2026, 16:40:26✨ | GET /new-customers?months=7 | Status: 200 | 11ms
✨1.1.2026, 16:40:26✨ | GET /stats | Status: 200 | 12ms
✨1.1.2026, 16:40:26✨ | GET /revenue?months=7 | Status: 200 | 2ms
✨1.1.2026, 16:40:26✨ | GET /revenue?months=7 | Status: 200 | 2ms
✨1.1.2026, 16:40:43✨ | GET /current | Status: 200 | 14ms
✨1.1.2026, 16:40:43✨ | GET /new-customers?months=7 | Status: 200 | 10ms
✨1.1.2026, 16:40:43✨ | GET /stats | Status: 200 | 29ms
✨1.1.2026, 16:40:43✨ | GET /current | Status: 200 | 19ms
✨1.1.2026, 16:40:43✨ | GET /new-customers?months=7 | Status: 200 | 17ms
✨1.1.2026, 16:40:43✨ | GET /stats | Status: 200 | 22ms
✨1.1.2026, 16:40:43✨ | GET /revenue?months=7 | Status: 200 | 3ms
✨1.1.2026, 16:40:44✨ | GET /revenue?months=7 | Status: 200 | 2ms
✨1.1.2026, 16:50:24✨ | GET /current | Status: 200 | 162ms
✨1.1.2026, 16:50:24✨ | GET /new-customers?months=7 | Status: 200 | 136ms
✨1.1.2026, 16:50:24✨ | GET /stats | Status: 200 | 206ms
✨1.1.2026, 16:50:24✨ | GET /current | Status: 200 | 17ms
✨1.1.2026, 16:50:24✨ | GET /new-customers?months=7 | Status: 200 | 18ms
✨1.1.2026, 16:50:24✨ | GET /revenue?months=7 | Status: 200 | 2ms
✨1.1.2026, 16:50:24✨ | GET /stats | Status: 200 | 90ms
✨1.1.2026, 16:50:24✨ | GET /revenue?months=7 | Status: 200 | 5ms
✨1.1.2026, 16:53:39✨ | GET /current | Status: 200 | 9ms
✨1.1.2026, 16:53:39✨ | GET /new-customers?months=7 | Status: 200 | 7ms
✨1.1.2026, 16:53:39✨ | GET /stats | Status: 200 | 11ms
✨1.1.2026, 16:53:40✨ | GET /current | Status: 200 | 12ms
✨1.1.2026, 16:53:40✨ | GET /new-customers?months=7 | Status: 200 | 10ms
✨1.1.2026, 16:53:40✨ | GET /stats | Status: 200 | 14ms
✨1.1.2026, 16:53:40✨ | GET /revenue?months=7 | Status: 200 | 3ms
✨1.1.2026, 16:53:40✨ | GET /revenue?months=7 | Status: 200 | 2ms
✨1.1.2026, 16:53:53✨ | GET /revenue?months=7 | Status: 200 | 2ms
✨1.1.2026, 16:53:53✨ | GET /revenue?months=7 | Status: 200 | 2ms
✨1.1.2026, 16:54:30✨ | GET /current | Status: 200 | 13ms
✨1.1.2026, 16:54:30✨ | GET /new-customers?months=7 | Status: 200 | 10ms
✨1.1.2026, 16:54:30✨ | GET /current | Status: 200 | 8ms
✨1.1.2026, 16:54:30✨ | GET /new-customers?months=7 | Status: 200 | 10ms
✨1.1.2026, 16:54:30✨ | GET /stats | Status: 200 | 32ms
✨1.1.2026, 16:54:30✨ | GET /stats | Status: 200 | 13ms
✨1.1.2026, 16:54:30✨ | GET /revenue?months=7 | Status: 200 | 3ms
✨1.1.2026, 16:54:30✨ | GET /revenue?months=7 | Status: 200 | 2ms
✨1.1.2026, 16:54:43✨ | GET /current | Status: 200 | 12ms
✨1.1.2026, 16:54:43✨ | GET /new-customers?months=7 | Status: 200 | 9ms
✨1.1.2026, 16:54:43✨ | GET /stats | Status: 200 | 27ms
✨1.1.2026, 16:54:43✨ | GET /current | Status: 200 | 10ms
✨1.1.2026, 16:54:43✨ | GET /new-customers?months=7 | Status: 200 | 11ms
✨1.1.2026, 16:54:43✨ | GET /stats | Status: 200 | 18ms
✨1.1.2026, 16:54:43✨ | GET /revenue?months=7 | Status: 200 | 2ms
✨1.1.2026, 16:54:43✨ | GET /revenue?months=7 | Status: 200 | 2ms
✨1.1.2026, 16:54:46✨ | GET /current | Status: 200 | 12ms
✨1.1.2026, 16:54:46✨ | GET /new-customers?months=7 | Status: 200 | 9ms
✨1.1.2026, 16:54:46✨ | GET /current | Status: 200 | 8ms
✨1.1.2026, 16:54:46✨ | GET /stats | Status: 200 | 33ms
✨1.1.2026, 16:54:46✨ | GET /new-customers?months=7 | Status: 200 | 9ms
✨1.1.2026, 16:54:46✨ | GET /stats | Status: 200 | 11ms
✨1.1.2026, 16:54:46✨ | GET /revenue?months=7 | Status: 200 | 3ms
✨1.1.2026, 16:54:46✨ | GET /revenue?months=7 | Status: 200 | 2ms
✨1.1.2026, 16:54:56✨ | GET /current | Status: 200 | 5ms
✨1.1.2026, 16:54:56✨ | GET /new-customers?months=7 | Status: 200 | 11ms
✨1.1.2026, 16:54:56✨ | GET /stats | Status: 200 | 18ms
✨1.1.2026, 16:54:56✨ | GET /new-customers?months=7 | Status: 200 | 13ms
✨1.1.2026, 16:54:56✨ | GET /current | Status: 200 | 8ms
✨1.1.2026, 16:54:56✨ | GET /stats | Status: 200 | 68ms
✨1.1.2026, 16:54:56✨ | GET /revenue?months=7 | Status: 200 | 2ms
✨1.1.2026, 16:54:56✨ | GET /revenue?months=7 | Status: 200 | 2ms
✨1.1.2026, 16:55:08✨ | GET /new-customers?months=7 | Status: 200 | 33ms
✨1.1.2026, 16:55:08✨ | GET /current | Status: 200 | 33ms
✨1.1.2026, 16:55:08✨ | GET /new-customers?months=7 | Status: 200 | 22ms
✨1.1.2026, 16:55:08✨ | GET /revenue?months=7 | Status: 200 | 4ms
✨1.1.2026, 16:55:08✨ | GET /current | Status: 200 | 22ms
✨1.1.2026, 16:55:08✨ | GET /stats | Status: 200 | 68ms
✨1.1.2026, 16:55:08✨ | GET /revenue?months=7 | Status: 200 | 2ms
✨1.1.2026, 16:55:08✨ | GET /stats | Status: 200 | 14ms
✨1.1.2026, 16:56:11✨ | GET /current | Status: 200 | 15ms
✨1.1.2026, 16:56:11✨ | GET /new-customers?months=7 | Status: 200 | 11ms
✨1.1.2026, 16:56:11✨ | GET /stats | Status: 200 | 15ms
✨1.1.2026, 16:56:11✨ | GET /new-customers?months=7 | Status: 200 | 13ms
✨1.1.2026, 16:56:11✨ | GET /current | Status: 200 | 12ms
✨1.1.2026, 16:56:11✨ | GET /stats | Status: 200 | 18ms
✨1.1.2026, 16:56:11✨ | GET /revenue?months=7 | Status: 200 | 2ms
✨1.1.2026, 16:56:11✨ | GET /revenue?months=7 | Status: 200 | 3ms
✨1.1.2026, 16:56:51✨ | GET /current | Status: 200 | 15ms
✨1.1.2026, 16:56:51✨ | GET /new-customers?months=7 | Status: 200 | 11ms
✨1.1.2026, 16:56:51✨ | GET /current | Status: 200 | 11ms
✨1.1.2026, 16:56:51✨ | GET /new-customers?months=7 | Status: 200 | 8ms
✨1.1.2026, 16:56:51✨ | GET /stats | Status: 200 | 29ms
✨1.1.2026, 16:56:51✨ | GET /stats | Status: 200 | 17ms
✨1.1.2026, 16:56:51✨ | GET /revenue?months=7 | Status: 200 | 3ms
✨1.1.2026, 16:56:51✨ | GET /revenue?months=7 | Status: 200 | 3ms
✨1.1.2026, 16:58:30✨ | GET /current | Status: 200 | 15ms
✨1.1.2026, 16:58:30✨ | GET /new-customers?months=7 | Status: 200 | 13ms
✨1.1.2026, 16:58:30✨ | GET /stats | Status: 200 | 183ms
✨1.1.2026, 16:58:30✨ | GET /current | Status: 200 | 6ms
✨1.1.2026, 16:58:30✨ | GET /new-customers?months=7 | Status: 200 | 32ms
✨1.1.2026, 16:58:30✨ | GET /stats | Status: 200 | 35ms
✨1.1.2026, 16:58:30✨ | GET /revenue?months=7 | Status: 200 | 3ms
✨1.1.2026, 16:58:30✨ | GET /revenue?months=7 | Status: 200 | 3ms
✨1.1.2026, 16:58:35✨ | GET /current | Status: 200 | 12ms
✨1.1.2026, 16:58:35✨ | GET /new-customers?months=7 | Status: 200 | 10ms
✨1.1.2026, 16:58:35✨ | GET /current | Status: 200 | 9ms
✨1.1.2026, 16:58:35✨ | GET /new-customers?months=7 | Status: 200 | 7ms
✨1.1.2026, 16:58:35✨ | GET /stats | Status: 200 | 42ms
✨1.1.2026, 16:58:36✨ | GET /stats | Status: 200 | 25ms
✨1.1.2026, 16:58:36✨ | GET /revenue?months=7 | Status: 200 | 3ms
✨1.1.2026, 16:58:36✨ | GET /revenue?months=7 | Status: 200 | 2ms
✨1.1.2026, 16:59:02✨ | GET /current | Status: 200 | 13ms
✨1.1.2026, 16:59:02✨ | GET /new-customers?months=7 | Status: 200 | 11ms
✨1.1.2026, 16:59:02✨ | GET /current | Status: 200 | 9ms
✨1.1.2026, 16:59:02✨ | GET /new-customers?months=7 | Status: 200 | 8ms
✨1.1.2026, 16:59:02✨ | GET /stats | Status: 200 | 28ms
✨1.1.2026, 16:59:02✨ | GET /stats | Status: 200 | 12ms
✨1.1.2026, 16:59:02✨ | GET /revenue?months=7 | Status: 200 | 4ms
✨1.1.2026, 16:59:02✨ | GET /revenue?months=7 | Status: 200 | 2ms
✨1.1.2026, 16:59:04✨ | GET / | Status: 200 | 5ms
✨1.1.2026, 16:59:04✨ | GET / | Status: 200 | 5ms
✨1.1.2026, 16:59:04✨ | GET / | Status: 200 | 5ms
✨1.1.2026, 16:59:04✨ | GET / | Status: 200 | 5ms
✨1.1.2026, 16:59:14✨ | GET /current | Status: 200 | 13ms
✨1.1.2026, 16:59:15✨ | GET /new-customers?months=7 | Status: 200 | 9ms
✨1.1.2026, 16:59:15✨ | GET /current | Status: 200 | 9ms
✨1.1.2026, 16:59:15✨ | GET /stats | Status: 200 | 27ms
✨1.1.2026, 16:59:15✨ | GET /new-customers?months=7 | Status: 200 | 12ms
✨1.1.2026, 16:59:15✨ | GET /stats | Status: 200 | 12ms
✨1.1.2026, 16:59:15✨ | GET /revenue?months=7 | Status: 200 | 2ms
✨1.1.2026, 16:59:15✨ | GET /revenue?months=7 | Status: 200 | 2ms
✨1.1.2026, 16:59:23✨ | GET /current | Status: 200 | 10ms
✨1.1.2026, 16:59:23✨ | GET /new-customers?months=7 | Status: 200 | 7ms
✨1.1.2026, 17:00:47✨ | GET /current | Status: 200 | 54ms
✨1.1.2026, 17:00:47✨ | GET /new-customers?months=7 | Status: 200 | 45ms
✨1.1.2026, 17:00:47✨ | GET /stats | Status: 200 | 64ms
✨1.1.2026, 17:00:47✨ | GET /revenue?months=7 | Status: 200 | 4ms
✨1.1.2026, 17:00:48✨ | GET /current | Status: 200 | 18ms
✨1.1.2026, 17:00:48✨ | GET /new-customers?months=7 | Status: 200 | 15ms
✨1.1.2026, 17:00:48✨ | GET /stats | Status: 200 | 20ms
✨1.1.2026, 17:00:48✨ | GET /revenue?months=7 | Status: 200 | 2ms
✨1.1.2026, 17:01:58✨ | GET /current | Status: 200 | 16ms
✨1.1.2026, 17:01:58✨ | GET /new-customers?months=7 | Status: 200 | 13ms
✨1.1.2026, 17:01:58✨ | GET /stats | Status: 200 | 20ms
✨1.1.2026, 17:01:59✨ | GET /new-customers?months=7 | Status: 200 | 12ms
✨1.1.2026, 17:01:59✨ | GET /current | Status: 200 | 12ms
✨1.1.2026, 17:01:59✨ | GET /stats | Status: 200 | 18ms
✨1.1.2026, 17:01:59✨ | GET /revenue?months=7 | Status: 200 | 3ms
✨1.1.2026, 17:01:59✨ | GET /revenue?months=7 | Status: 200 | 2ms
✨1.1.2026, 17:02:10✨ | GET /current | Status: 200 | 5ms
✨1.1.2026, 17:02:10✨ | GET /new-customers?months=7 | Status: 200 | 6ms
✨1.1.2026, 17:02:10✨ | GET /stats | Status: 200 | 51ms
✨1.1.2026, 17:02:10✨ | GET /new-customers?months=7 | Status: 200 | 8ms
✨1.1.2026, 17:02:10✨ | GET /current | Status: 200 | 7ms
✨1.1.2026, 17:02:10✨ | GET /stats | Status: 200 | 13ms
✨1.1.2026, 17:02:11✨ | GET /revenue?months=7 | Status: 200 | 2ms
✨1.1.2026, 17:02:11✨ | GET /revenue?months=7 | Status: 200 | 3ms
✨1.1.2026, 17:02:16✨ | GET /current | Status: 200 | 13ms
✨1.1.2026, 17:02:16✨ | GET /new-customers?months=7 | Status: 200 | 10ms
✨1.1.2026, 17:02:16✨ | GET /stats | Status: 200 | 17ms
✨1.1.2026, 17:02:16✨ | GET /current | Status: 200 | 11ms
✨1.1.2026, 17:02:16✨ | GET /new-customers?months=7 | Status: 200 | 15ms
✨1.1.2026, 17:02:16✨ | GET /stats | Status: 200 | 16ms
✨1.1.2026, 17:02:17✨ | GET /revenue?months=7 | Status: 200 | 2ms
✨1.1.2026, 17:02:17✨ | GET /revenue?months=7 | Status: 200 | 2ms
✨1.1.2026, 17:02:22✨ | GET /current | Status: 200 | 16ms
✨1.1.2026, 17:02:22✨ | GET /new-customers?months=7 | Status: 200 | 12ms
✨1.1.2026, 17:02:22✨ | GET /current | Status: 200 | 13ms
✨1.1.2026, 17:02:22✨ | GET /new-customers?months=7 | Status: 200 | 13ms
✨1.1.2026, 17:02:22✨ | GET /stats | Status: 200 | 54ms
✨1.1.2026, 17:02:22✨ | GET /stats | Status: 200 | 20ms
✨1.1.2026, 17:02:22✨ | GET /revenue?months=7 | Status: 200 | 2ms
✨1.1.2026, 17:02:22✨ | GET /revenue?months=7 | Status: 200 | 3ms
✨1.1.2026, 17:02:53✨ | GET /current | Status: 200 | 10ms
✨1.1.2026, 17:02:53✨ | GET /new-customers?months=7 | Status: 200 | 8ms
✨1.1.2026, 17:02:53✨ | GET /stats | Status: 200 | 15ms
✨1.1.2026, 17:02:53✨ | GET /new-customers?months=7 | Status: 200 | 8ms
✨1.1.2026, 17:02:53✨ | GET /current | Status: 200 | 6ms
✨1.1.2026, 17:02:53✨ | GET /stats | Status: 200 | 12ms
✨1.1.2026, 17:02:54✨ | GET /revenue?months=7 | Status: 200 | 2ms
✨1.1.2026, 17:02:54✨ | GET /revenue?months=7 | Status: 200 | 4ms
✨1.1.2026, 17:03:05✨ | GET /current | Status: 200 | 17ms
✨1.1.2026, 17:03:05✨ | GET /new-customers?months=7 | Status: 200 | 13ms
✨1.1.2026, 17:03:05✨ | GET /stats | Status: 200 | 40ms
✨1.1.2026, 17:03:05✨ | GET /current | Status: 200 | 14ms
✨1.1.2026, 17:03:05✨ | GET /new-customers?months=7 | Status: 200 | 8ms
✨1.1.2026, 17:03:05✨ | GET /stats | Status: 200 | 21ms
✨1.1.2026, 17:03:06✨ | GET /revenue?months=7 | Status: 200 | 2ms
✨1.1.2026, 17:03:06✨ | GET /revenue?months=7 | Status: 200 | 2ms
✨1.1.2026, 17:03:32✨ | GET /current | Status: 200 | 7ms
✨1.1.2026, 17:03:32✨ | GET /new-customers?months=7 | Status: 200 | 9ms
✨1.1.2026, 17:03:32✨ | GET /stats | Status: 200 | 19ms
✨1.1.2026, 17:03:33✨ | GET /current | Status: 200 | 13ms
✨1.1.2026, 17:03:33✨ | GET /new-customers?months=7 | Status: 200 | 11ms
✨1.1.2026, 17:03:33✨ | GET /stats | Status: 200 | 20ms
✨1.1.2026, 17:03:33✨ | GET /revenue?months=7 | Status: 200 | 4ms
✨1.1.2026, 17:08:35✨ | POST /login | Status: 200 | 150ms
✨1.1.2026, 17:08:42✨ | GET /new-customers?months=7 | Status: 200 | 71ms
✨1.1.2026, 17:08:42✨ | GET /me | Status: 200 | 79ms
✨1.1.2026, 17:08:42✨ | GET /me | Status: 200 | 81ms
✨1.1.2026, 17:08:42✨ | GET /revenue?months=7 | Status: 200 | 4ms
✨1.1.2026, 17:08:42✨ | GET /stats | Status: 200 | 93ms
✨1.1.2026, 17:08:49✨ | GET /me | Status: 200 | 24ms
✨1.1.2026, 17:08:49✨ | GET /me | Status: 200 | 25ms
✨1.1.2026, 17:08:49✨ | GET /new-customers?months=7 | Status: 200 | 20ms
✨1.1.2026, 17:08:49✨ | GET /me | Status: 200 | 25ms
✨1.1.2026, 17:08:49✨ | GET /me | Status: 200 | 26ms
✨1.1.2026, 17:08:49✨ | GET /new-customers?months=7 | Status: 200 | 19ms
✨1.1.2026, 17:08:49✨ | GET /stats | Status: 200 | 69ms
✨1.1.2026, 17:08:49✨ | GET /stats | Status: 200 | 21ms
✨1.1.2026, 17:08:49✨ | GET /revenue?months=7 | Status: 200 | 3ms
✨1.1.2026, 17:08:49✨ | GET /revenue?months=7 | Status: 200 | 2ms
✨1.1.2026, 17:09:12✨ | GET /me | Status: 200 | 76ms
✨1.1.2026, 17:09:12✨ | GET /me | Status: 200 | 78ms
✨1.1.2026, 17:09:12✨ | GET /new-customers?months=7 | Status: 200 | 46ms
✨1.1.2026, 17:09:12✨ | GET /me | Status: 200 | 22ms
✨1.1.2026, 17:09:12✨ | GET /me | Status: 200 | 23ms
✨1.1.2026, 17:09:12✨ | GET /stats | Status: 200 | 112ms
✨1.1.2026, 17:09:12✨ | GET /new-customers?months=7 | Status: 200 | 33ms
✨1.1.2026, 17:09:12✨ | GET /revenue?months=7 | Status: 200 | 6ms
✨1.1.2026, 17:09:12✨ | GET /stats | Status: 200 | 16ms
✨1.1.2026, 17:09:12✨ | GET /revenue?months=7 | Status: 200 | 5ms
✨1.1.2026, 17:09:20✨ | POST /login | Status: 200 | 132ms
✨1.1.2026, 17:10:57✨ | GET /me | Status: 200 | 19ms
✨1.1.2026, 17:10:57✨ | GET /me | Status: 200 | 19ms
✨1.1.2026, 17:10:57✨ | GET /new-customers?months=7 | Status: 200 | 15ms
✨1.1.2026, 17:10:57✨ | GET /stats | Status: 200 | 23ms
✨1.1.2026, 17:10:57✨ | GET /new-customers?months=7 | Status: 200 | 13ms
✨1.1.2026, 17:10:57✨ | GET /me | Status: 200 | 8ms
✨1.1.2026, 17:10:57✨ | GET /me | Status: 200 | 9ms
✨1.1.2026, 17:10:57✨ | GET /stats | Status: 200 | 21ms
✨1.1.2026, 17:10:57✨ | GET /revenue?months=7 | Status: 200 | 2ms
✨1.1.2026, 17:10:57✨ | GET /revenue?months=7 | Status: 200 | 3ms
✨1.1.2026, 17:11:17✨ | GET /me | Status: 200 | 15ms
✨1.1.2026, 17:11:17✨ | GET /me | Status: 200 | 15ms
✨1.1.2026, 17:11:17✨ | GET /new-customers?months=7 | Status: 200 | 12ms
✨1.1.2026, 17:11:17✨ | GET /stats | Status: 200 | 31ms
✨1.1.2026, 17:11:17✨ | GET /me | Status: 200 | 9ms
✨1.1.2026, 17:11:17✨ | GET /me | Status: 200 | 9ms
✨1.1.2026, 17:11:17✨ | GET /new-customers?months=7 | Status: 200 | 8ms
✨1.1.2026, 17:11:17✨ | GET /stats | Status: 200 | 17ms
✨1.1.2026, 17:11:18✨ | GET /revenue?months=7 | Status: 200 | 3ms
✨1.1.2026, 17:11:18✨ | GET /revenue?months=7 | Status: 200 | 2ms
✨1.1.2026, 17:12:28✨ | GET /me | Status: 200 | 19ms
✨1.1.2026, 17:12:28✨ | GET /me | Status: 200 | 20ms
✨1.1.2026, 17:12:28✨ | GET /new-customers?months=7 | Status: 200 | 16ms
✨1.1.2026, 17:12:28✨ | GET /me | Status: 200 | 4ms
✨1.1.2026, 17:12:28✨ | GET /me | Status: 200 | 4ms
✨1.1.2026, 17:12:28✨ | GET /new-customers?months=7 | Status: 200 | 22ms
✨1.1.2026, 17:12:28✨ | GET /stats | Status: 200 | 89ms
✨1.1.2026, 17:12:28✨ | GET /stats | Status: 200 | 13ms
✨1.1.2026, 17:12:28✨ | GET /revenue?months=7 | Status: 200 | 2ms
✨1.1.2026, 17:12:28✨ | GET /revenue?months=7 | Status: 200 | 2ms
✨1.1.2026, 17:12:31✨ | GET /me | Status: 200 | 12ms
✨1.1.2026, 17:12:31✨ | GET /me | Status: 200 | 13ms
✨1.1.2026, 17:12:31✨ | GET /new-customers?months=7 | Status: 200 | 11ms
✨1.1.2026, 17:12:31✨ | GET /me | Status: 200 | 8ms
✨1.1.2026, 17:12:31✨ | GET /me | Status: 200 | 9ms
✨1.1.2026, 17:12:31✨ | GET /stats | Status: 200 | 25ms
✨1.1.2026, 17:12:31✨ | GET /new-customers?months=7 | Status: 200 | 12ms
✨1.1.2026, 17:12:31✨ | GET /stats | Status: 200 | 12ms
✨1.1.2026, 17:12:32✨ | GET /revenue?months=7 | Status: 200 | 2ms
✨1.1.2026, 17:12:32✨ | GET /revenue?months=7 | Status: 200 | 2ms
✨1.1.2026, 17:13:06✨ | GET /me | Status: 200 | 4ms
✨1.1.2026, 17:13:06✨ | GET /me | Status: 200 | 4ms
✨1.1.2026, 17:13:06✨ | GET /new-customers?months=7 | Status: 200 | 6ms
✨1.1.2026, 17:13:06✨ | GET /me | Status: 200 | 18ms
✨1.1.2026, 17:13:06✨ | GET /me | Status: 200 | 19ms
✨1.1.2026, 17:13:06✨ | GET /stats | Status: 200 | 118ms
✨1.1.2026, 17:13:06✨ | GET /new-customers?months=7 | Status: 200 | 92ms
✨1.1.2026, 17:13:06✨ | GET /stats | Status: 200 | 38ms
✨1.1.2026, 17:13:07✨ | GET /revenue?months=7 | Status: 200 | 2ms
✨1.1.2026, 17:13:07✨ | GET /revenue?months=7 | Status: 200 | 2ms
✨1.1.2026, 17:13:10✨ | GET /me | Status: 200 | 15ms
✨1.1.2026, 17:13:10✨ | GET /me | Status: 200 | 15ms
✨1.1.2026, 17:13:10✨ | GET /new-customers?months=7 | Status: 200 | 9ms
✨1.1.2026, 17:13:10✨ | GET /me | Status: 200 | 5ms
✨1.1.2026, 17:13:10✨ | GET /me | Status: 200 | 6ms
✨1.1.2026, 17:13:10✨ | GET /new-customers?months=7 | Status: 200 | 9ms
✨1.1.2026, 17:13:10✨ | GET /stats | Status: 200 | 136ms
✨1.1.2026, 17:13:10✨ | GET /stats | Status: 200 | 33ms
✨1.1.2026, 17:13:10✨ | GET /revenue?months=7 | Status: 200 | 5ms
✨1.1.2026, 17:13:10✨ | GET /revenue?months=7 | Status: 200 | 2ms
✨1.1.2026, 17:13:31✨ | GET /me | Status: 200 | 13ms
✨1.1.2026, 17:13:31✨ | GET /me | Status: 200 | 13ms
✨1.1.2026, 17:13:31✨ | GET /new-customers?months=7 | Status: 200 | 10ms
✨1.1.2026, 17:13:31✨ | GET /me | Status: 200 | 4ms
✨1.1.2026, 17:13:31✨ | GET /me | Status: 200 | 4ms
✨1.1.2026, 17:13:31✨ | GET /stats | Status: 200 | 45ms
✨1.1.2026, 17:13:31✨ | GET /new-customers?months=7 | Status: 200 | 17ms
✨1.1.2026, 17:13:31✨ | GET /stats | Status: 200 | 59ms
✨1.1.2026, 17:54:01✨ | GET /search?category=&isSale=false&minDiscount=0&manufacturer=&inStock=false&minPrice=1&maxPrice=1000&sortBy=newest&limit=12&skip=0 | Status: 200 | 38ms
✨1.1.2026, 17:54:13✨ | POST /login | Status: 200 | 137ms
✨1.1.2026, 17:54:18✨ | GET /me | Status: 200 | 21ms
✨1.1.2026, 17:54:18✨ | GET /new-customers?months=7 | Status: 200 | 17ms
✨1.1.2026, 17:54:18✨ | GET /me | Status: 200 | 22ms
✨1.1.2026, 17:54:18✨ | GET /stats | Status: 200 | 28ms
✨1.1.2026, 17:54:18✨ | GET /revenue?months=7 | Status: 200 | 6ms
✨1.1.2026, 17:54:55✨ | GET /me | Status: 200 | 14ms
✨1.1.2026, 17:54:55✨ | GET /me | Status: 200 | 14ms
✨1.1.2026, 17:54:55✨ | GET /new-customers?months=7 | Status: 200 | 12ms
✨1.1.2026, 17:54:55✨ | GET /stats | Status: 200 | 27ms
✨1.1.2026, 17:54:56✨ | GET /revenue?months=7 | Status: 200 | 2ms
✨1.1.2026, 17:56:10✨ | GET /me | Status: 200 | 13ms
✨1.1.2026, 17:56:10✨ | GET /me | Status: 200 | 13ms
✨1.1.2026, 17:56:10✨ | GET /new-customers?months=7 | Status: 200 | 11ms
✨1.1.2026, 17:56:10✨ | GET /stats | Status: 200 | 49ms
✨1.1.2026, 17:56:10✨ | GET /me | Status: 200 | 26ms
✨1.1.2026, 17:56:10✨ | GET /me | Status: 200 | 26ms
✨1.1.2026, 17:56:10✨ | GET /new-customers?months=7 | Status: 200 | 11ms
✨1.1.2026, 17:56:10✨ | GET /stats | Status: 200 | 90ms
✨1.1.2026, 17:56:10✨ | GET /revenue?months=7 | Status: 200 | 3ms
✨1.1.2026, 17:56:11✨ | GET /revenue?months=7 | Status: 200 | 4ms
✨1.1.2026, 17:56:15✨ | GET /me | Status: 200 | 14ms
✨1.1.2026, 17:56:15✨ | GET /new-customers?months=7 | Status: 200 | 11ms
✨1.1.2026, 17:56:15✨ | GET /me | Status: 200 | 14ms
✨1.1.2026, 17:56:15✨ | GET /stats | Status: 200 | 26ms
✨1.1.2026, 17:56:15✨ | GET /revenue?months=7 | Status: 200 | 2ms
✨1.1.2026, 17:56:30✨ | GET /me | Status: 200 | 12ms
✨1.1.2026, 17:56:30✨ | GET /me | Status: 200 | 11ms
✨1.1.2026, 17:56:30✨ | GET /new-customers?months=7 | Status: 200 | 6ms
✨1.1.2026, 17:56:30✨ | GET /stats | Status: 200 | 45ms
✨1.1.2026, 17:56:30✨ | GET /new-customers?months=7 | Status: 200 | 8ms
✨1.1.2026, 17:56:30✨ | GET /me | Status: 200 | 5ms
✨1.1.2026, 17:56:30✨ | GET /me | Status: 200 | 6ms
✨1.1.2026, 17:56:30✨ | GET /revenue?months=7 | Status: 200 | 2ms
✨1.1.2026, 17:56:30✨ | GET /stats | Status: 200 | 83ms
✨1.1.2026, 17:56:30✨ | GET /revenue?months=7 | Status: 200 | 4ms
✨1.1.2026, 17:56:37✨ | GET /me | Status: 200 | 13ms
✨1.1.2026, 17:56:37✨ | GET /me | Status: 200 | 13ms
✨1.1.2026, 17:56:37✨ | GET /new-customers?months=7 | Status: 200 | 10ms
✨1.1.2026, 17:56:37✨ | GET /stats | Status: 200 | 18ms
✨1.1.2026, 17:56:37✨ | GET /revenue?months=7 | Status: 200 | 2ms
✨1.1.2026, 17:56:40✨ | GET /me | Status: 200 | 11ms
✨1.1.2026, 17:56:40✨ | GET /me | Status: 200 | 12ms
✨1.1.2026, 17:56:40✨ | GET /new-customers?months=7 | Status: 200 | 9ms
✨1.1.2026, 17:56:40✨ | GET /me | Status: 200 | 5ms
✨1.1.2026, 17:56:40✨ | GET /me | Status: 200 | 6ms
✨1.1.2026, 17:56:40✨ | GET /stats | Status: 200 | 22ms
✨1.1.2026, 17:56:40✨ | GET /new-customers?months=7 | Status: 200 | 7ms
✨1.1.2026, 17:56:40✨ | GET /stats | Status: 200 | 16ms
✨1.1.2026, 17:56:40✨ | GET /revenue?months=7 | Status: 200 | 2ms
✨1.1.2026, 17:56:40✨ | GET /revenue?months=7 | Status: 200 | 2ms
✨1.1.2026, 17:58:18✨ | GET /me | Status: 200 | 11ms
✨1.1.2026, 17:58:18✨ | GET /me | Status: 200 | 12ms
✨1.1.2026, 17:58:18✨ | GET /new-customers?months=7 | Status: 200 | 10ms
✨1.1.2026, 17:58:18✨ | GET /stats | Status: 200 | 17ms
✨1.1.2026, 17:58:18✨ | GET /me | Status: 200 | 15ms
✨1.1.2026, 17:58:18✨ | GET /me | Status: 200 | 15ms
✨1.1.2026, 17:58:18✨ | GET /new-customers?months=7 | Status: 200 | 6ms
✨1.1.2026, 17:58:18✨ | GET /revenue?months=7 | Status: 200 | 2ms
✨1.1.2026, 17:58:18✨ | GET /stats | Status: 200 | 126ms
✨1.1.2026, 17:58:18✨ | GET /revenue?months=7 | Status: 200 | 2ms
✨1.1.2026, 17:58:20✨ | GET /me | Status: 200 | 11ms
✨1.1.2026, 17:58:20✨ | GET /me | Status: 200 | 11ms
✨1.1.2026, 17:58:20✨ | GET /new-customers?months=7 | Status: 200 | 9ms
✨1.1.2026, 17:58:20✨ | GET /stats | Status: 200 | 21ms
✨1.1.2026, 17:58:20✨ | GET /revenue?months=7 | Status: 200 | 2ms
✨1.1.2026, 17:58:23✨ | GET /me | Status: 200 | 5ms
✨1.1.2026, 17:58:23✨ | GET /me | Status: 200 | 6ms
✨1.1.2026, 18:02:15✨ | GET /me | Status: 200 | 47ms
✨1.1.2026, 18:02:15✨ | GET /me | Status: 200 | 50ms
✨1.1.2026, 18:02:15✨ | GET /new-customers?months=7 | Status: 200 | 39ms
✨1.1.2026, 18:02:15✨ | GET /me | Status: 200 | 29ms
✨1.1.2026, 18:02:15✨ | GET /me | Status: 200 | 30ms
✨1.1.2026, 18:02:15✨ | GET /new-customers?months=7 | Status: 200 | 28ms
✨1.1.2026, 18:02:15✨ | GET /stats | Status: 200 | 92ms
✨1.1.2026, 18:02:15✨ | GET /revenue?months=7 | Status: 200 | 4ms
✨1.1.2026, 18:02:15✨ | GET /revenue?months=7 | Status: 200 | 3ms
✨1.1.2026, 18:02:15✨ | GET /stats | Status: 200 | 44ms
✨1.1.2026, 18:02:17✨ | GET /me | Status: 200 | 14ms
✨1.1.2026, 18:02:17✨ | GET /me | Status: 200 | 15ms
✨1.1.2026, 18:02:17✨ | GET /new-customers?months=7 | Status: 200 | 11ms
✨1.1.2026, 18:02:17✨ | GET /me | Status: 200 | 11ms
✨1.1.2026, 18:02:17✨ | GET /me | Status: 200 | 11ms
✨1.1.2026, 18:02:17✨ | GET /new-customers?months=7 | Status: 200 | 11ms
✨1.1.2026, 18:02:17✨ | GET /stats | Status: 200 | 35ms
✨1.1.2026, 18:02:17✨ | GET /stats | Status: 200 | 16ms
✨1.1.2026, 18:02:18✨ | GET /revenue?months=7 | Status: 200 | 4ms
✨1.1.2026, 18:02:18✨ | GET /revenue?months=7 | Status: 200 | 2ms
✨1.1.2026, 18:02:24✨ | GET /me | Status: 200 | 12ms
✨1.1.2026, 18:02:24✨ | GET /me | Status: 200 | 12ms
✨1.1.2026, 18:02:24✨ | GET /new-customers?months=7 | Status: 200 | 10ms
✨1.1.2026, 18:02:25✨ | GET /stats | Status: 200 | 94ms
✨1.1.2026, 18:02:25✨ | GET /me | Status: 200 | 7ms
✨1.1.2026, 18:02:25✨ | GET /me | Status: 200 | 8ms
✨1.1.2026, 18:02:25✨ | GET /new-customers?months=7 | Status: 200 | 6ms
✨1.1.2026, 18:02:25✨ | GET /stats | Status: 200 | 55ms
✨1.1.2026, 18:02:25✨ | GET /revenue?months=7 | Status: 200 | 3ms
✨1.1.2026, 18:02:25✨ | GET /revenue?months=7 | Status: 200 | 2ms
✨1.1.2026, 18:02:27✨ | GET /me | Status: 200 | 7ms
✨1.1.2026, 18:02:27✨ | GET /me | Status: 200 | 8ms
✨1.1.2026, 18:02:27✨ | GET /new-customers?months=7 | Status: 200 | 9ms
✨1.1.2026, 18:02:27✨ | GET /stats | Status: 200 | 34ms
✨1.1.2026, 18:02:27✨ | GET /new-customers?months=7 | Status: 200 | 7ms
✨1.1.2026, 18:02:27✨ | GET /me | Status: 200 | 7ms
✨1.1.2026, 18:02:27✨ | GET /me | Status: 200 | 7ms
✨1.1.2026, 18:02:27✨ | GET /stats | Status: 200 | 19ms
✨1.1.2026, 18:02:27✨ | GET /revenue?months=7 | Status: 200 | 2ms
✨1.1.2026, 18:02:28✨ | GET /revenue?months=7 | Status: 200 | 3ms
✨1.1.2026, 18:03:03✨ | GET /me | Status: 200 | 12ms
✨1.1.2026, 18:03:03✨ | GET /me | Status: 200 | 12ms
✨1.1.2026, 18:03:03✨ | GET /new-customers?months=7 | Status: 200 | 10ms
✨1.1.2026, 18:03:03✨ | GET /stats | Status: 200 | 26ms
✨1.1.2026, 18:03:04✨ | GET /me | Status: 200 | 11ms
✨1.1.2026, 18:03:04✨ | GET /me | Status: 200 | 11ms
✨1.1.2026, 18:03:04✨ | GET /new-customers?months=7 | Status: 200 | 7ms
✨1.1.2026, 18:03:04✨ | GET /stats | Status: 200 | 21ms
✨1.1.2026, 18:03:04✨ | GET /revenue?months=7 | Status: 200 | 3ms
✨1.1.2026, 18:03:04✨ | GET /revenue?months=7 | Status: 200 | 2ms
✨1.1.2026, 18:03:08✨ | GET /me | Status: 200 | 12ms
✨1.1.2026, 18:03:08✨ | GET /me | Status: 200 | 12ms
✨1.1.2026, 18:03:08✨ | GET /new-customers?months=7 | Status: 200 | 9ms
✨1.1.2026, 18:03:08✨ | GET /stats | Status: 200 | 21ms
✨1.1.2026, 18:03:08✨ | GET /me | Status: 200 | 9ms
✨1.1.2026, 18:03:08✨ | GET /me | Status: 200 | 10ms
✨1.1.2026, 18:03:08✨ | GET /new-customers?months=7 | Status: 200 | 10ms
✨1.1.2026, 18:03:08✨ | GET /stats | Status: 200 | 24ms
✨1.1.2026, 18:03:08✨ | GET /revenue?months=7 | Status: 200 | 2ms
✨1.1.2026, 18:03:08✨ | GET /revenue?months=7 | Status: 200 | 2ms
✨1.1.2026, 18:03:34✨ | GET /me | Status: 200 | 10ms
✨1.1.2026, 18:03:34✨ | GET /me | Status: 200 | 11ms
✨1.1.2026, 18:03:34✨ | GET /new-customers?months=7 | Status: 200 | 7ms
✨1.1.2026, 18:03:34✨ | GET /stats | Status: 200 | 42ms
✨1.1.2026, 18:03:34✨ | GET /me | Status: 200 | 8ms
✨1.1.2026, 18:03:34✨ | GET /me | Status: 200 | 9ms
✨1.1.2026, 18:03:34✨ | GET /new-customers?months=7 | Status: 200 | 6ms
✨1.1.2026, 18:03:34✨ | GET /stats | Status: 200 | 37ms
✨1.1.2026, 18:03:34✨ | GET /revenue?months=7 | Status: 200 | 2ms
✨1.1.2026, 18:03:35✨ | GET /revenue?months=7 | Status: 200 | 3ms
✨1.1.2026, 18:03:37✨ | GET /me | Status: 200 | 12ms
✨1.1.2026, 18:03:37✨ | GET /new-customers?months=7 | Status: 200 | 10ms
✨1.1.2026, 18:03:37✨ | GET /me | Status: 200 | 13ms
✨1.1.2026, 18:03:37✨ | GET /me | Status: 200 | 7ms
✨1.1.2026, 18:03:37✨ | GET /me | Status: 200 | 8ms
✨1.1.2026, 18:03:37✨ | GET /stats | Status: 200 | 31ms
✨1.1.2026, 18:03:37✨ | GET /new-customers?months=7 | Status: 200 | 11ms
✨1.1.2026, 18:03:37✨ | GET /stats | Status: 200 | 14ms
✨1.1.2026, 18:03:37✨ | GET /revenue?months=7 | Status: 200 | 3ms
✨1.1.2026, 18:03:37✨ | GET /revenue?months=7 | Status: 200 | 2ms
✨1.1.2026, 18:04:15✨ | GET /me | Status: 200 | 11ms
✨1.1.2026, 18:04:15✨ | GET /me | Status: 200 | 11ms
✨1.1.2026, 18:04:15✨ | GET /new-customers?months=7 | Status: 200 | 5ms
✨1.1.2026, 18:04:15✨ | GET /stats | Status: 200 | 14ms
✨1.1.2026, 18:04:15✨ | GET /new-customers?months=7 | Status: 200 | 7ms
✨1.1.2026, 18:04:15✨ | GET /me | Status: 200 | 6ms
✨1.1.2026, 18:04:15✨ | GET /me | Status: 200 | 6ms
✨1.1.2026, 18:04:15✨ | GET /stats | Status: 200 | 105ms
✨1.1.2026, 18:04:15✨ | GET /revenue?months=7 | Status: 200 | 2ms
✨1.1.2026, 18:04:15✨ | GET /revenue?months=7 | Status: 200 | 2ms
✨1.1.2026, 18:07:28✨ | GET /me | Status: 200 | 36ms
✨1.1.2026, 18:07:28✨ | GET /me | Status: 200 | 37ms
✨1.1.2026, 18:07:28✨ | GET /new-customers?months=7 | Status: 200 | 25ms
✨1.1.2026, 18:07:28✨ | GET /stats | Status: 200 | 38ms
✨1.1.2026, 18:07:28✨ | GET /me | Status: 200 | 12ms
✨1.1.2026, 18:07:28✨ | GET /me | Status: 200 | 13ms
✨1.1.2026, 18:07:28✨ | GET /new-customers?months=7 | Status: 200 | 11ms
✨1.1.2026, 18:07:28✨ | GET /stats | Status: 200 | 62ms
✨1.1.2026, 18:07:28✨ | GET /revenue?months=7 | Status: 200 | 8ms
✨1.1.2026, 18:07:28✨ | GET /revenue?months=7 | Status: 200 | 3ms
✨1.1.2026, 18:07:40✨ | GET /me | Status: 200 | 13ms
✨1.1.2026, 18:07:40✨ | GET /me | Status: 200 | 14ms
✨1.1.2026, 18:07:40✨ | GET /new-customers?months=7 | Status: 200 | 12ms
✨1.1.2026, 18:07:40✨ | GET /stats | Status: 200 | 26ms
✨1.1.2026, 18:07:41✨ | GET /revenue?months=7 | Status: 200 | 2ms
✨1.1.2026, 18:07:49✨ | GET /me | Status: 200 | 16ms
✨1.1.2026, 18:07:49✨ | GET /me | Status: 200 | 17ms
✨1.1.2026, 18:07:49✨ | GET /new-customers?months=7 | Status: 200 | 13ms
✨1.1.2026, 18:07:49✨ | GET /stats | Status: 200 | 56ms
✨1.1.2026, 18:07:49✨ | GET /new-customers?months=7 | Status: 200 | 12ms
✨1.1.2026, 18:07:49✨ | GET /me | Status: 200 | 8ms
✨1.1.2026, 18:07:49✨ | GET /me | Status: 200 | 9ms
✨1.1.2026, 18:07:49✨ | GET /stats | Status: 200 | 20ms
✨1.1.2026, 18:07:49✨ | GET /revenue?months=7 | Status: 200 | 7ms
✨1.1.2026, 18:07:49✨ | GET /revenue?months=7 | Status: 200 | 17ms
✨1.1.2026, 18:08:05✨ | GET /me | Status: 200 | 9ms
✨1.1.2026, 18:08:05✨ | GET /me | Status: 200 | 9ms
✨1.1.2026, 18:08:05✨ | GET /new-customers?months=7 | Status: 200 | 6ms
✨1.1.2026, 18:08:05✨ | GET /stats | Status: 200 | 19ms
✨1.1.2026, 18:08:05✨ | GET /me | Status: 200 | 13ms
✨1.1.2026, 18:08:05✨ | GET /me | Status: 200 | 14ms
✨1.1.2026, 18:08:05✨ | GET /new-customers?months=7 | Status: 200 | 11ms
✨1.1.2026, 18:08:05✨ | GET /stats | Status: 200 | 16ms
✨1.1.2026, 18:08:05✨ | GET /revenue?months=7 | Status: 200 | 3ms
✨1.1.2026, 18:08:06✨ | GET /revenue?months=7 | Status: 200 | 8ms
✨1.1.2026, 18:08:30✨ | GET /me | Status: 200 | 34ms
✨1.1.2026, 18:08:30✨ | GET /me | Status: 200 | 36ms
✨1.1.2026, 18:08:30✨ | GET /new-customers?months=7 | Status: 200 | 32ms
✨1.1.2026, 18:08:30✨ | GET /stats | Status: 200 | 81ms
✨1.1.2026, 18:08:30✨ | GET /me | Status: 200 | 16ms
✨1.1.2026, 18:08:30✨ | GET /me | Status: 200 | 15ms
✨1.1.2026, 18:08:30✨ | GET /new-customers?months=7 | Status: 200 | 13ms
✨1.1.2026, 18:08:30✨ | GET /stats | Status: 200 | 22ms
✨1.1.2026, 18:08:30✨ | GET /revenue?months=7 | Status: 200 | 5ms
✨1.1.2026, 18:08:31✨ | GET /revenue?months=7 | Status: 200 | 29ms
✨1.1.2026, 18:11:43✨ | GET /me | Status: 200 | 16ms
✨1.1.2026, 18:11:43✨ | GET /me | Status: 200 | 17ms
✨1.1.2026, 18:11:43✨ | GET /new-customers?months=7 | Status: 200 | 13ms
✨1.1.2026, 18:11:43✨ | GET /me | Status: 200 | 12ms
✨1.1.2026, 18:11:43✨ | GET /me | Status: 200 | 12ms
✨1.1.2026, 18:11:43✨ | GET /stats | Status: 200 | 43ms
✨1.1.2026, 18:11:44✨ | GET /new-customers?months=7 | Status: 200 | 24ms
✨1.1.2026, 18:11:44✨ | GET /stats | Status: 200 | 16ms
✨1.1.2026, 18:11:44✨ | GET /revenue?months=7 | Status: 200 | 3ms
✨1.1.2026, 18:11:44✨ | GET /revenue?months=7 | Status: 200 | 2ms
✨1.1.2026, 18:11:53✨ | GET /me | Status: 200 | 11ms
✨1.1.2026, 18:11:53✨ | GET /me | Status: 200 | 12ms
✨1.1.2026, 18:11:53✨ | GET /new-customers?months=7 | Status: 200 | 10ms
✨1.1.2026, 18:11:53✨ | GET /me | Status: 200 | 8ms
✨1.1.2026, 18:11:53✨ | GET /me | Status: 200 | 8ms
✨1.1.2026, 18:11:53✨ | GET /stats | Status: 200 | 42ms
✨1.1.2026, 18:11:53✨ | GET /new-customers?months=7 | Status: 200 | 16ms
✨1.1.2026, 18:11:53✨ | GET /revenue?months=7 | Status: 200 | 3ms
✨1.1.2026, 18:11:53✨ | GET /revenue?months=7 | Status: 200 | 2ms
✨1.1.2026, 18:11:53✨ | GET /stats | Status: 200 | 17ms
✨1.1.2026, 18:12:49✨ | GET /me | Status: 200 | 13ms
✨1.1.2026, 18:12:49✨ | GET /me | Status: 200 | 13ms
✨1.1.2026, 18:12:49✨ | GET /new-customers?months=7 | Status: 200 | 11ms
✨1.1.2026, 18:12:49✨ | GET /me | Status: 200 | 9ms
✨1.1.2026, 18:12:49✨ | GET /me | Status: 200 | 9ms
✨1.1.2026, 18:12:49✨ | GET /new-customers?months=7 | Status: 200 | 5ms
✨1.1.2026, 18:12:49✨ | GET /stats | Status: 200 | 30ms
✨1.1.2026, 18:12:49✨ | GET /stats | Status: 200 | 15ms
✨1.1.2026, 18:12:49✨ | GET /revenue?months=7 | Status: 200 | 3ms
✨1.1.2026, 18:12:49✨ | GET /revenue?months=7 | Status: 200 | 2ms
✨1.1.2026, 18:13:16✨ | GET /me | Status: 200 | 12ms
✨1.1.2026, 18:13:16✨ | GET /me | Status: 200 | 13ms
✨1.1.2026, 18:13:16✨ | GET /new-customers?months=7 | Status: 200 | 9ms
✨1.1.2026, 18:13:16✨ | GET /stats | Status: 200 | 20ms
✨1.1.2026, 18:13:16✨ | GET /me | Status: 200 | 8ms
✨1.1.2026, 18:13:16✨ | GET /me | Status: 200 | 9ms
✨1.1.2026, 18:13:16✨ | GET /new-customers?months=7 | Status: 200 | 17ms
✨1.1.2026, 18:13:16✨ | GET /stats | Status: 200 | 21ms
✨1.1.2026, 18:13:16✨ | GET /revenue?months=7 | Status: 200 | 4ms
✨1.1.2026, 18:13:16✨ | GET /revenue?months=7 | Status: 200 | 3ms
✨1.1.2026, 18:13:36✨ | GET /me | Status: 200 | 6ms
✨1.1.2026, 18:13:36✨ | GET /me | Status: 200 | 7ms
✨1.1.2026, 18:13:36✨ | GET /me | Status: 200 | 5ms
✨1.1.2026, 18:13:36✨ | GET /me | Status: 200 | 5ms
✨1.1.2026, 18:14:30✨ | GET /me | Status: 200 | 12ms
✨1.1.2026, 18:14:30✨ | GET /me | Status: 200 | 13ms
✨1.1.2026, 18:14:30✨ | GET /new-customers?months=7 | Status: 200 | 10ms
✨1.1.2026, 18:14:30✨ | GET /me | Status: 200 | 7ms
✨1.1.2026, 18:14:30✨ | GET /me | Status: 200 | 8ms
✨1.1.2026, 18:14:30✨ | GET /new-customers?months=7 | Status: 200 | 6ms
✨1.1.2026, 18:14:30✨ | GET /stats | Status: 200 | 72ms
✨1.1.2026, 18:14:30✨ | GET /stats | Status: 200 | 32ms
✨1.1.2026, 18:14:30✨ | GET /revenue?months=7 | Status: 200 | 12ms
✨1.1.2026, 18:14:30✨ | GET /revenue?months=7 | Status: 200 | 2ms
✨1.1.2026, 18:14:35✨ | GET /me | Status: 200 | 12ms
✨1.1.2026, 18:14:35✨ | GET /me | Status: 200 | 13ms
✨1.1.2026, 18:14:35✨ | GET /new-customers?months=7 | Status: 200 | 10ms
✨1.1.2026, 18:14:35✨ | GET /new-customers?months=7 | Status: 200 | 43ms
✨1.1.2026, 18:14:35✨ | GET /me | Status: 200 | 56ms
✨1.1.2026, 18:14:35✨ | GET /me | Status: 200 | 57ms
✨1.1.2026, 18:14:35✨ | GET /stats | Status: 200 | 224ms
✨1.1.2026, 18:14:35✨ | GET /revenue?months=7 | Status: 200 | 2ms
✨1.1.2026, 18:14:35✨ | GET /revenue?months=7 | Status: 200 | 2ms
✨1.1.2026, 18:14:35✨ | GET /stats | Status: 200 | 232ms
✨1.1.2026, 18:14:38✨ | GET /me | Status: 200 | 10ms
✨1.1.2026, 18:14:38✨ | GET /me | Status: 200 | 11ms
✨1.1.2026, 18:14:38✨ | GET /new-customers?months=7 | Status: 200 | 8ms
✨1.1.2026, 18:14:38✨ | GET /me | Status: 200 | 7ms
✨1.1.2026, 18:14:38✨ | GET /me | Status: 200 | 7ms
✨1.1.2026, 18:14:38✨ | GET /new-customers?months=7 | Status: 200 | 5ms
✨1.1.2026, 18:14:38✨ | GET /revenue?months=7 | Status: 200 | 3ms
✨1.1.2026, 18:14:38✨ | GET /stats | Status: 200 | 246ms
✨1.1.2026, 18:14:38✨ | GET /stats | Status: 200 | 13ms
✨1.1.2026, 18:21:29✨ | GET /me | Status: 200 | 41ms
✨1.1.2026, 18:21:29✨ | GET /me | Status: 200 | 43ms
✨1.1.2026, 18:21:29✨ | GET /new-customers?months=7 | Status: 200 | 38ms
✨1.1.2026, 18:21:29✨ | GET /me | Status: 200 | 19ms
✨1.1.2026, 18:21:29✨ | GET /me | Status: 200 | 20ms
✨1.1.2026, 18:21:29✨ | GET /new-customers?months=7 | Status: 200 | 18ms
✨1.1.2026, 18:21:29✨ | GET /stats | Status: 200 | 79ms
✨1.1.2026, 18:21:29✨ | GET /revenue?months=7 | Status: 200 | 5ms
✨1.1.2026, 18:21:29✨ | GET /stats | Status: 200 | 41ms
✨1.1.2026, 18:21:29✨ | GET /revenue?months=7 | Status: 200 | 6ms
✨1.1.2026, 18:21:40✨ | GET /me | Status: 200 | 17ms
✨1.1.2026, 18:21:40✨ | GET /me | Status: 200 | 17ms
✨1.1.2026, 18:21:40✨ | GET /new-customers?months=7 | Status: 200 | 13ms
✨1.1.2026, 18:21:40✨ | GET /me | Status: 200 | 12ms
✨1.1.2026, 18:21:40✨ | GET /me | Status: 200 | 12ms
✨1.1.2026, 18:21:40✨ | GET /new-customers?months=7 | Status: 200 | 10ms
✨1.1.2026, 18:21:40✨ | GET /stats | Status: 200 | 41ms
✨1.1.2026, 18:21:40✨ | GET /stats | Status: 200 | 17ms
✨1.1.2026, 18:21:40✨ | GET /revenue?months=7 | Status: 200 | 2ms
✨1.1.2026, 18:21:40✨ | GET /revenue?months=7 | Status: 200 | 3ms
✨1.1.2026, 18:21:45✨ | GET /me | Status: 200 | 17ms
✨1.1.2026, 18:21:45✨ | GET /me | Status: 200 | 17ms
✨1.1.2026, 18:21:45✨ | GET /new-customers?months=7 | Status: 200 | 13ms
✨1.1.2026, 18:21:45✨ | GET /stats | Status: 200 | 22ms
✨1.1.2026, 18:21:45✨ | GET /revenue?months=7 | Status: 200 | 3ms
✨1.1.2026, 18:21:48✨ | GET /me | Status: 200 | 13ms
✨1.1.2026, 18:21:48✨ | GET /me | Status: 200 | 13ms
✨1.1.2026, 18:21:48✨ | GET /new-customers?months=7 | Status: 200 | 10ms
✨1.1.2026, 18:21:48✨ | GET /me | Status: 200 | 7ms
✨1.1.2026, 18:21:48✨ | GET /me | Status: 200 | 8ms
✨1.1.2026, 18:21:48✨ | GET /new-customers?months=7 | Status: 200 | 9ms
✨1.1.2026, 18:21:48✨ | GET /stats | Status: 200 | 33ms
✨1.1.2026, 18:21:48✨ | GET /stats | Status: 200 | 34ms
✨1.1.2026, 18:21:48✨ | GET /revenue?months=7 | Status: 200 | 2ms
✨1.1.2026, 18:21:48✨ | GET /revenue?months=7 | Status: 200 | 2ms
✨1.1.2026, 18:21:50✨ | GET /me | Status: 200 | 11ms
✨1.1.2026, 18:21:50✨ | GET /me | Status: 200 | 12ms
✨1.1.2026, 18:21:50✨ | GET /new-customers?months=7 | Status: 200 | 10ms
✨1.1.2026, 18:21:50✨ | GET /me | Status: 200 | 6ms
✨1.1.2026, 18:21:50✨ | GET /me | Status: 200 | 7ms
✨1.1.2026, 18:21:50✨ | GET /new-customers?months=7 | Status: 200 | 13ms
✨1.1.2026, 18:21:50✨ | GET /stats | Status: 200 | 31ms
✨1.1.2026, 18:21:50✨ | GET /stats | Status: 200 | 12ms
✨1.1.2026, 18:21:50✨ | GET /revenue?months=7 | Status: 200 | 2ms
✨1.1.2026, 18:21:50✨ | GET /revenue?months=7 | Status: 200 | 2ms
✨1.1.2026, 18:21:53✨ | GET /me | Status: 200 | 12ms
✨1.1.2026, 18:21:53✨ | GET /me | Status: 200 | 12ms
✨1.1.2026, 18:21:53✨ | GET /new-customers?months=7 | Status: 200 | 6ms
✨1.1.2026, 18:21:53✨ | GET /stats | Status: 200 | 22ms
✨1.1.2026, 18:21:53✨ | GET /new-customers?months=7 | Status: 200 | 6ms
✨1.1.2026, 18:21:53✨ | GET /me | Status: 200 | 19ms
✨1.1.2026, 18:21:53✨ | GET /me | Status: 200 | 20ms
✨1.1.2026, 18:21:53✨ | GET /stats | Status: 200 | 20ms
✨1.1.2026, 18:21:53✨ | GET /revenue?months=7 | Status: 200 | 2ms
✨1.1.2026, 18:21:53✨ | GET /revenue?months=7 | Status: 200 | 2ms
✨1.1.2026, 18:24:55✨ | GET /me | Status: 200 | 10ms
✨1.1.2026, 18:24:55✨ | GET /new-customers?months=7 | Status: 200 | 8ms
✨1.1.2026, 18:24:55✨ | GET /me | Status: 200 | 11ms
✨1.1.2026, 18:24:55✨ | GET /me | Status: 200 | 5ms
✨1.1.2026, 18:24:55✨ | GET /me | Status: 200 | 5ms
✨1.1.2026, 18:24:55✨ | GET /new-customers?months=7 | Status: 200 | 4ms
✨1.1.2026, 18:24:55✨ | GET /stats | Status: 200 | 29ms
✨1.1.2026, 18:24:55✨ | GET /stats | Status: 200 | 13ms
✨1.1.2026, 18:24:55✨ | GET /revenue?months=7 | Status: 200 | 2ms
✨1.1.2026, 18:24:55✨ | GET /revenue?months=7 | Status: 200 | 2ms
✨1.1.2026, 18:24:57✨ | GET /me | Status: 200 | 11ms
✨1.1.2026, 18:24:57✨ | GET /me | Status: 200 | 11ms
✨1.1.2026, 18:24:57✨ | GET /new-customers?months=7 | Status: 200 | 9ms
✨1.1.2026, 18:24:57✨ | GET /me | Status: 200 | 6ms
✨1.1.2026, 18:24:57✨ | GET /me | Status: 200 | 7ms
✨1.1.2026, 18:24:57✨ | GET /new-customers?months=7 | Status: 200 | 6ms
✨1.1.2026, 18:24:57✨ | GET /stats | Status: 200 | 35ms
✨1.1.2026, 18:24:57✨ | GET /stats | Status: 200 | 13ms
✨1.1.2026, 18:24:57✨ | GET /revenue?months=7 | Status: 200 | 3ms
✨1.1.2026, 18:24:57✨ | GET /revenue?months=7 | Status: 200 | 2ms
✨1.1.2026, 18:24:59✨ | GET /me | Status: 200 | 9ms
✨1.1.2026, 18:24:59✨ | GET /me | Status: 200 | 10ms
✨1.1.2026, 18:24:59✨ | GET /new-customers?months=7 | Status: 200 | 8ms
✨1.1.2026, 18:24:59✨ | GET /me | Status: 200 | 9ms
✨1.1.2026, 18:24:59✨ | GET /me | Status: 200 | 9ms
✨1.1.2026, 18:24:59✨ | GET /stats | Status: 200 | 30ms
✨1.1.2026, 18:24:59✨ | GET /new-customers?months=7 | Status: 200 | 10ms
✨1.1.2026, 18:24:59✨ | GET /stats | Status: 200 | 13ms
✨1.1.2026, 18:24:59✨ | GET /revenue?months=7 | Status: 200 | 2ms
✨1.1.2026, 18:24:59✨ | GET /revenue?months=7 | Status: 200 | 3ms
✨1.1.2026, 18:25:12✨ | GET /me | Status: 200 | 10ms
✨1.1.2026, 18:25:12✨ | GET /me | Status: 200 | 10ms
✨1.1.2026, 18:30:08✨ | GET /stats | Status: 200 | 35ms
✨1.1.2026, 18:30:42✨ | GET /stats | Status: 200 | 13ms
✨1.1.2026, 18:30:44✨ | GET /stats | Status: 200 | 13ms
✨1.1.2026, 18:31:40✨ | GET /me | Status: 200 | 20ms
✨1.1.2026, 18:31:40✨ | GET /me | Status: 200 | 21ms
✨1.1.2026, 18:31:40✨ | GET /new-customers?months=7 | Status: 200 | 17ms
✨1.1.2026, 18:31:40✨ | GET /new-customers?months=7 | Status: 200 | 10ms
✨1.1.2026, 18:31:40✨ | GET /me | Status: 200 | 70ms
✨1.1.2026, 18:31:40✨ | GET /me | Status: 200 | 70ms
✨1.1.2026, 18:31:40✨ | GET /revenue?months=7 | Status: 200 | 3ms
✨1.1.2026, 18:31:40✨ | GET /revenue?months=7 | Status: 200 | 3ms
✨1.1.2026, 18:31:49✨ | GET /revenue?months=7 | Status: 200 | 3ms
✨1.1.2026, 18:31:50✨ | GET /revenue?months=7 | Status: 200 | 3ms
✨1.1.2026, 18:31:52✨ | GET /me | Status: 200 | 6ms
✨1.1.2026, 18:31:52✨ | GET /me | Status: 200 | 7ms
✨1.1.2026, 18:31:52✨ | GET /new-customers?months=7 | Status: 200 | 7ms
✨1.1.2026, 18:31:52✨ | GET /new-customers?months=7 | Status: 200 | 4ms
✨1.1.2026, 18:31:52✨ | GET /me | Status: 200 | 38ms
✨1.1.2026, 18:31:52✨ | GET /me | Status: 200 | 38ms
✨1.1.2026, 18:31:52✨ | GET /revenue?months=7 | Status: 200 | 4ms
✨1.1.2026, 18:31:52✨ | GET /revenue?months=7 | Status: 200 | 14ms
✨1.1.2026, 18:32:06✨ | GET /me | Status: 200 | 11ms
✨1.1.2026, 18:32:06✨ | GET /me | Status: 200 | 11ms
✨1.1.2026, 18:32:06✨ | GET /new-customers?months=7 | Status: 200 | 9ms
✨1.1.2026, 18:32:07✨ | GET /new-customers?months=7 | Status: 200 | 12ms
✨1.1.2026, 18:32:07✨ | GET /me | Status: 200 | 6ms
✨1.1.2026, 18:32:07✨ | GET /me | Status: 200 | 7ms
✨1.1.2026, 18:32:07✨ | GET /revenue?months=7 | Status: 200 | 4ms
✨1.1.2026, 18:32:07✨ | GET /revenue?months=7 | Status: 200 | 2ms
✨1.1.2026, 18:33:05✨ | GET /me | Status: 200 | 10ms
✨1.1.2026, 18:33:05✨ | GET /new-customers?months=7 | Status: 200 | 9ms
✨1.1.2026, 18:33:05✨ | GET /me | Status: 200 | 11ms
✨1.1.2026, 18:33:05✨ | GET /stats | Status: 200 | 25ms
✨1.1.2026, 18:33:05✨ | GET /me | Status: 200 | 14ms
✨1.1.2026, 18:33:05✨ | GET /me | Status: 200 | 15ms
✨1.1.2026, 18:33:05✨ | GET /new-customers?months=7 | Status: 200 | 8ms
✨1.1.2026, 18:33:05✨ | GET /stats | Status: 200 | 19ms
✨1.1.2026, 18:33:06✨ | GET /revenue?months=7 | Status: 200 | 2ms
✨1.1.2026, 18:33:06✨ | GET /revenue?months=7 | Status: 200 | 3ms
✨1.1.2026, 18:33:13✨ | GET /me | Status: 200 | 13ms
✨1.1.2026, 18:33:13✨ | GET /me | Status: 200 | 13ms
✨1.1.2026, 18:33:13✨ | GET /new-customers?months=7 | Status: 200 | 11ms
✨1.1.2026, 18:33:13✨ | GET /me | Status: 200 | 10ms
✨1.1.2026, 18:33:13✨ | GET /me | Status: 200 | 11ms
✨1.1.2026, 18:33:13✨ | GET /new-customers?months=7 | Status: 200 | 6ms
✨1.1.2026, 18:33:13✨ | GET /stats | Status: 200 | 39ms
✨1.1.2026, 18:33:13✨ | GET /stats | Status: 200 | 17ms
✨1.1.2026, 18:33:13✨ | GET /revenue?months=7 | Status: 200 | 2ms
✨1.1.2026, 18:33:13✨ | GET /revenue?months=7 | Status: 200 | 2ms
✨1.1.2026, 18:33:28✨ | GET /me | Status: 200 | 7ms
✨1.1.2026, 18:33:28✨ | GET /me | Status: 200 | 8ms
✨1.1.2026, 18:33:28✨ | GET /new-customers?months=7 | Status: 200 | 10ms
✨1.1.2026, 18:33:28✨ | GET /me | Status: 200 | 7ms
✨1.1.2026, 18:33:28✨ | GET /me | Status: 200 | 7ms
✨1.1.2026, 18:33:28✨ | GET /new-customers?months=7 | Status: 200 | 4ms
✨1.1.2026, 18:33:28✨ | GET /stats | Status: 200 | 22ms
✨1.1.2026, 18:33:28✨ | GET /stats | Status: 200 | 13ms
✨1.1.2026, 18:33:28✨ | GET /revenue?months=7 | Status: 200 | 2ms
✨1.1.2026, 18:33:28✨ | GET /revenue?months=7 | Status: 200 | 2ms
✨1.1.2026, 18:33:34✨ | GET /me | Status: 200 | 12ms
✨1.1.2026, 18:33:34✨ | GET /me | Status: 200 | 11ms
✨1.1.2026, 18:33:34✨ | GET /new-customers?months=7 | Status: 200 | 10ms
✨1.1.2026, 18:33:35✨ | GET /me | Status: 200 | 9ms
✨1.1.2026, 18:33:35✨ | GET /me | Status: 200 | 9ms
✨1.1.2026, 18:33:35✨ | GET /stats | Status: 200 | 28ms
✨1.1.2026, 18:33:35✨ | GET /new-customers?months=7 | Status: 200 | 11ms
✨1.1.2026, 18:33:35✨ | GET /stats | Status: 200 | 14ms
✨1.1.2026, 18:33:35✨ | GET /revenue?months=7 | Status: 200 | 2ms
✨1.1.2026, 18:33:35✨ | GET /revenue?months=7 | Status: 200 | 3ms
✨1.1.2026, 18:33:37✨ | GET /me | Status: 200 | 12ms
✨1.1.2026, 18:33:37✨ | GET /me | Status: 200 | 12ms
✨1.1.2026, 18:33:37✨ | GET /new-customers?months=7 | Status: 200 | 11ms
✨1.1.2026, 18:33:37✨ | GET /me | Status: 200 | 5ms
✨1.1.2026, 18:33:37✨ | GET /me | Status: 200 | 5ms
✨1.1.2026, 18:33:37✨ | GET /stats | Status: 200 | 31ms
✨1.1.2026, 18:33:37✨ | GET /new-customers?months=7 | Status: 200 | 9ms
✨1.1.2026, 18:33:37✨ | GET /stats | Status: 200 | 13ms
✨1.1.2026, 18:33:37✨ | GET /revenue?months=7 | Status: 200 | 2ms
✨1.1.2026, 18:37:17✨ | GET /me | Status: 200 | 40ms
✨1.1.2026, 18:37:17✨ | GET /new-customers?months=7 | Status: 200 | 27ms
✨1.1.2026, 18:37:17✨ | GET /me | Status: 200 | 42ms
✨1.1.2026, 18:37:17✨ | GET /stats | Status: 200 | 64ms
✨1.1.2026, 18:37:17✨ | GET /me | Status: 200 | 15ms
✨1.1.2026, 18:37:17✨ | GET /me | Status: 200 | 16ms
✨1.1.2026, 18:37:17✨ | GET /new-customers?months=7 | Status: 200 | 9ms
✨1.1.2026, 18:37:17✨ | GET /stats | Status: 200 | 44ms
✨1.1.2026, 18:37:51✨ | GET /me | Status: 200 | 18ms
✨1.1.2026, 18:37:51✨ | GET /me | Status: 200 | 19ms
✨1.1.2026, 18:37:51✨ | GET /new-customers?months=7 | Status: 200 | 14ms
✨1.1.2026, 18:37:51✨ | GET /stats | Status: 200 | 34ms
✨1.1.2026, 18:37:51✨ | GET /me | Status: 200 | 12ms
✨1.1.2026, 18:37:51✨ | GET /me | Status: 200 | 13ms
✨1.1.2026, 18:37:51✨ | GET /new-customers?months=7 | Status: 200 | 7ms
✨1.1.2026, 18:37:51✨ | GET /stats | Status: 200 | 21ms
✨1.1.2026, 18:37:51✨ | GET /revenue?months=7 | Status: 200 | 3ms
✨1.1.2026, 18:37:52✨ | GET /revenue?months=7 | Status: 200 | 5ms
✨1.1.2026, 18:38:03✨ | GET /me | Status: 200 | 14ms
✨1.1.2026, 18:38:03✨ | GET /me | Status: 200 | 15ms
✨1.1.2026, 18:38:03✨ | GET /new-customers?months=7 | Status: 200 | 11ms
✨1.1.2026, 18:38:04✨ | GET /stats | Status: 200 | 34ms
✨1.1.2026, 18:38:04✨ | GET /me | Status: 200 | 12ms
✨1.1.2026, 18:38:04✨ | GET /new-customers?months=7 | Status: 200 | 10ms
✨1.1.2026, 18:38:04✨ | GET /me | Status: 200 | 12ms
✨1.1.2026, 18:38:04✨ | GET /stats | Status: 200 | 17ms
✨1.1.2026, 18:38:04✨ | GET /revenue?months=7 | Status: 200 | 5ms
✨1.1.2026, 18:38:04✨ | GET /revenue?months=7 | Status: 200 | 3ms
✨1.1.2026, 18:39:04✨ | GET /new-customers?months=7 | Status: 200 | 8ms
✨1.1.2026, 18:39:05✨ | GET /stats | Status: 200 | 153ms
✨1.1.2026, 18:39:05✨ | GET /new-customers?months=7 | Status: 200 | 564ms
✨1.1.2026, 18:39:06✨ | GET /stats | Status: 200 | 888ms
✨1.1.2026, 18:39:06✨ | GET /revenue?months=7 | Status: 200 | 3ms
✨1.1.2026, 18:39:06✨ | GET /revenue?months=7 | Status: 200 | 83ms
✨1.1.2026, 18:39:12✨ | GET /new-customers?months=7 | Status: 200 | 8ms
✨1.1.2026, 18:39:12✨ | GET /stats | Status: 200 | 47ms
✨1.1.2026, 18:39:13✨ | GET /new-customers?months=7 | Status: 200 | 14ms
✨1.1.2026, 18:39:13✨ | GET /stats | Status: 200 | 20ms
✨1.1.2026, 18:39:13✨ | GET /revenue?months=7 | Status: 200 | 5ms
✨1.1.2026, 18:39:13✨ | GET /revenue?months=7 | Status: 200 | 4ms
✨1.1.2026, 18:39:25✨ | GET /new-customers?months=7 | Status: 200 | 7ms
✨1.1.2026, 18:39:25✨ | GET /stats | Status: 200 | 48ms
✨1.1.2026, 18:39:25✨ | GET /new-customers?months=7 | Status: 200 | 6ms
✨1.1.2026, 18:39:25✨ | GET /stats | Status: 200 | 18ms
✨1.1.2026, 18:39:25✨ | GET /revenue?months=7 | Status: 200 | 3ms
✨1.1.2026, 18:39:25✨ | GET /revenue?months=7 | Status: 200 | 3ms
✨1.1.2026, 18:40:21✨ | GET /new-customers?months=7 | Status: 200 | 7ms
✨1.1.2026, 18:40:21✨ | GET /stats | Status: 200 | 137ms
✨1.1.2026, 18:40:21✨ | GET /new-customers?months=7 | Status: 200 | 7ms
✨1.1.2026, 18:40:21✨ | GET /stats | Status: 200 | 27ms
✨1.1.2026, 18:40:21✨ | GET /revenue?months=7 | Status: 200 | 3ms
✨1.1.2026, 18:40:21✨ | GET /revenue?months=7 | Status: 200 | 2ms
✨1.1.2026, 18:40:30✨ | GET /new-customers?months=7 | Status: 200 | 7ms
✨1.1.2026, 18:40:30✨ | GET /stats | Status: 200 | 21ms
✨1.1.2026, 18:40:30✨ | GET /new-customers?months=7 | Status: 200 | 4ms
✨1.1.2026, 18:40:30✨ | GET /stats | Status: 200 | 18ms
✨1.1.2026, 18:41:29✨ | GET /current | Status: 200 | 39ms
✨1.1.2026, 18:41:29✨ | GET /new-customers?months=7 | Status: 200 | 27ms
✨1.1.2026, 18:41:29✨ | GET /stats | Status: 200 | 40ms
✨1.1.2026, 18:41:29✨ | GET /new-customers?months=7 | Status: 200 | 14ms
✨1.1.2026, 18:41:29✨ | GET /current | Status: 200 | 9ms
✨1.1.2026, 18:41:29✨ | GET /stats | Status: 200 | 23ms
✨1.1.2026, 18:41:30✨ | GET /revenue?months=7 | Status: 200 | 2ms
✨1.1.2026, 18:41:30✨ | GET /revenue?months=7 | Status: 200 | 3ms
✨1.1.2026, 18:41:48✨ | GET /current | Status: 200 | 16ms
✨1.1.2026, 18:41:48✨ | GET /new-customers?months=7 | Status: 200 | 13ms
✨1.1.2026, 18:41:48✨ | GET /stats | Status: 200 | 25ms
✨1.1.2026, 18:41:48✨ | GET /revenue?months=7 | Status: 200 | 3ms
✨1.1.2026, 18:41:57✨ | GET /current | Status: 200 | 13ms
✨1.1.2026, 18:41:57✨ | GET /new-customers?months=7 | Status: 200 | 11ms
✨1.1.2026, 18:41:57✨ | GET /stats | Status: 200 | 31ms
✨1.1.2026, 18:41:57✨ | GET /new-customers?months=7 | Status: 200 | 11ms
✨1.1.2026, 18:41:57✨ | GET /current | Status: 200 | 14ms
✨1.1.2026, 18:41:57✨ | GET /stats | Status: 200 | 20ms
✨1.1.2026, 18:41:57✨ | GET /revenue?months=7 | Status: 200 | 2ms
✨1.1.2026, 18:41:57✨ | GET /revenue?months=7 | Status: 200 | 4ms
✨1.1.2026, 18:42:21✨ | GET /current | Status: 200 | 15ms
✨1.1.2026, 18:42:21✨ | GET /new-customers?months=7 | Status: 200 | 12ms
✨1.1.2026, 18:42:21✨ | GET /stats | Status: 200 | 34ms
✨1.1.2026, 18:42:21✨ | GET /new-customers?months=7 | Status: 200 | 8ms
✨1.1.2026, 18:42:21✨ | GET /current | Status: 200 | 7ms
✨1.1.2026, 18:42:21✨ | GET /stats | Status: 200 | 25ms
✨1.1.2026, 18:42:21✨ | GET /revenue?months=7 | Status: 200 | 2ms
✨1.1.2026, 18:42:22✨ | GET /revenue?months=7 | Status: 200 | 2ms
✨1.1.2026, 18:42:50✨ | GET /current | Status: 200 | 12ms
✨1.1.2026, 18:42:50✨ | GET /new-customers?months=7 | Status: 200 | 9ms
✨1.1.2026, 18:42:50✨ | GET /stats | Status: 200 | 29ms
✨1.1.2026, 18:42:50✨ | GET /current | Status: 200 | 11ms
✨1.1.2026, 18:42:50✨ | GET /new-customers?months=7 | Status: 200 | 9ms
✨1.1.2026, 18:42:50✨ | GET /stats | Status: 200 | 39ms
✨1.1.2026, 18:42:51✨ | GET /revenue?months=7 | Status: 200 | 17ms
✨1.1.2026, 18:42:51✨ | GET /revenue?months=7 | Status: 200 | 3ms
✨1.1.2026, 18:42:58✨ | GET /current | Status: 200 | 12ms
✨1.1.2026, 18:42:58✨ | GET /new-customers?months=7 | Status: 200 | 10ms
✨1.1.2026, 18:42:58✨ | GET /stats | Status: 200 | 36ms
✨1.1.2026, 18:42:58✨ | GET /revenue?months=7 | Status: 200 | 2ms
✨1.1.2026, 18:45:35✨ | GET /current | Status: 200 | 11ms
✨1.1.2026, 18:45:35✨ | GET /new-customers?months=7 | Status: 200 | 9ms
✨1.1.2026, 18:45:35✨ | GET /stats | Status: 200 | 139ms
✨1.1.2026, 18:45:36✨ | GET /new-customers?months=7 | Status: 200 | 25ms
✨1.1.2026, 18:45:36✨ | GET /current | Status: 200 | 14ms
✨1.1.2026, 18:45:36✨ | GET /stats | Status: 200 | 22ms
✨1.1.2026, 18:45:36✨ | GET /revenue?months=7 | Status: 200 | 2ms
✨1.1.2026, 18:45:36✨ | GET /revenue?months=7 | Status: 200 | 3ms
✨1.1.2026, 18:45:49✨ | GET /current | Status: 200 | 13ms
✨1.1.2026, 18:45:49✨ | GET /new-customers?months=7 | Status: 200 | 10ms
✨1.1.2026, 18:45:49✨ | GET /stats | Status: 200 | 21ms
✨1.1.2026, 18:45:51✨ | GET /new-customers?months=7 | Status: 200 | 13ms
✨1.1.2026, 18:45:51✨ | GET /current | Status: 200 | 12ms
✨1.1.2026, 18:45:51✨ | GET /stats | Status: 200 | 25ms
✨1.1.2026, 18:45:51✨ | GET /revenue?months=7 | Status: 200 | 3ms
✨1.1.2026, 18:45:52✨ | GET /revenue?months=7 | Status: 200 | 3ms
✨1.1.2026, 18:48:24✨ | GET /current | Status: 200 | 9ms
✨1.1.2026, 18:48:24✨ | GET /new-customers?months=7 | Status: 200 | 7ms
✨1.1.2026, 18:48:24✨ | GET /stats | Status: 200 | 16ms
✨1.1.2026, 18:48:24✨ | GET /new-customers?months=7 | Status: 200 | 14ms
✨1.1.2026, 18:48:24✨ | GET /current | Status: 200 | 11ms
✨1.1.2026, 18:48:24✨ | GET /stats | Status: 200 | 18ms
✨1.1.2026, 18:48:24✨ | GET /revenue?months=7 | Status: 200 | 3ms
✨1.1.2026, 18:48:25✨ | GET /revenue?months=7 | Status: 200 | 3ms
✨1.1.2026, 18:49:19✨ | GET /current | Status: 200 | 52ms
✨1.1.2026, 18:49:19✨ | GET /new-customers?months=7 | Status: 200 | 46ms
✨1.1.2026, 18:49:19✨ | GET /stats | Status: 200 | 54ms
✨1.1.2026, 18:49:19✨ | GET /current | Status: 200 | 15ms
✨1.1.2026, 18:49:19✨ | GET /new-customers?months=7 | Status: 200 | 12ms
✨1.1.2026, 18:49:19✨ | GET /stats | Status: 200 | 19ms
✨1.1.2026, 18:49:19✨ | GET /revenue?months=7 | Status: 200 | 4ms
✨1.1.2026, 18:49:20✨ | GET /revenue?months=7 | Status: 200 | 2ms
✨1.1.2026, 18:49:33✨ | GET /new-customers?months=7 | Status: 200 | 8ms
✨1.1.2026, 18:49:33✨ | GET /current | Status: 200 | 13ms
✨1.1.2026, 18:49:33✨ | GET /stats | Status: 200 | 44ms
✨1.1.2026, 18:49:33✨ | GET /current | Status: 200 | 7ms
✨1.1.2026, 18:49:33✨ | GET /new-customers?months=7 | Status: 200 | 5ms
✨1.1.2026, 18:49:33✨ | GET /stats | Status: 200 | 14ms
✨1.1.2026, 18:49:33✨ | GET /revenue?months=7 | Status: 200 | 2ms
✨1.1.2026, 18:49:34✨ | GET /revenue?months=7 | Status: 200 | 2ms
✨1.1.2026, 18:52:44✨ | GET /current | Status: 200 | 8ms
✨1.1.2026, 18:52:44✨ | GET /new-customers?months=7 | Status: 200 | 11ms
✨1.1.2026, 18:52:44✨ | GET /stats | Status: 200 | 25ms
✨1.1.2026, 18:52:44✨ | GET /current | Status: 200 | 4ms
✨1.1.2026, 18:52:44✨ | GET /new-customers?months=7 | Status: 200 | 8ms
✨1.1.2026, 18:52:44✨ | GET /stats | Status: 200 | 15ms
✨1.1.2026, 18:52:44✨ | GET /revenue?months=7 | Status: 200 | 3ms
✨1.1.2026, 18:52:45✨ | GET /revenue?months=7 | Status: 200 | 2ms
✨1.1.2026, 18:53:40✨ | GET /current | Status: 200 | 13ms
✨1.1.2026, 18:53:40✨ | GET /new-customers?months=7 | Status: 200 | 11ms
✨1.1.2026, 18:53:40✨ | GET /current | Status: 200 | 8ms
✨1.1.2026, 18:53:40✨ | GET /stats | Status: 200 | 30ms
✨1.1.2026, 18:53:40✨ | GET /new-customers?months=7 | Status: 200 | 11ms
✨1.1.2026, 18:53:40✨ | GET /stats | Status: 200 | 20ms
✨1.1.2026, 18:53:40✨ | GET /revenue?months=7 | Status: 200 | 3ms
✨1.1.2026, 18:53:40✨ | GET /revenue?months=7 | Status: 200 | 2ms
✨1.1.2026, 18:53:56✨ | GET /current | Status: 200 | 14ms
✨1.1.2026, 18:53:56✨ | GET /new-customers?months=7 | Status: 200 | 10ms
✨1.1.2026, 18:53:56✨ | GET /current | Status: 200 | 9ms
✨1.1.2026, 18:53:56✨ | GET /new-customers?months=7 | Status: 200 | 7ms
✨1.1.2026, 18:53:56✨ | GET /stats | Status: 200 | 36ms
✨1.1.2026, 18:53:56✨ | GET /stats | Status: 200 | 18ms
✨1.1.2026, 18:53:56✨ | GET /revenue?months=7 | Status: 200 | 3ms
✨1.1.2026, 18:53:56✨ | GET /revenue?months=7 | Status: 200 | 3ms
✨1.1.2026, 18:54:11✨ | GET /current | Status: 200 | 15ms
✨1.1.2026, 18:54:11✨ | GET /new-customers?months=7 | Status: 200 | 11ms
✨1.1.2026, 18:54:11✨ | GET /stats | Status: 200 | 38ms
✨1.1.2026, 18:54:11✨ | GET /new-customers?months=7 | Status: 200 | 12ms
✨1.1.2026, 18:54:11✨ | GET /current | Status: 200 | 11ms
✨1.1.2026, 18:54:11✨ | GET /stats | Status: 200 | 27ms
✨1.1.2026, 18:54:11✨ | GET /revenue?months=7 | Status: 200 | 3ms
✨1.1.2026, 18:54:11✨ | GET /revenue?months=7 | Status: 200 | 3ms
✨1.1.2026, 18:58:27✨ | GET /current | Status: 200 | 11ms
✨1.1.2026, 18:58:27✨ | GET /new-customers?months=7 | Status: 200 | 9ms
✨1.1.2026, 18:58:27✨ | GET /stats | Status: 200 | 27ms
✨1.1.2026, 18:58:27✨ | GET /current | Status: 200 | 11ms
✨1.1.2026, 18:58:27✨ | GET /new-customers?months=7 | Status: 200 | 17ms
✨1.1.2026, 18:58:27✨ | GET /revenue?months=7 | Status: 200 | 3ms
✨1.1.2026, 18:58:27✨ | GET /stats | Status: 200 | 104ms
✨1.1.2026, 18:58:27✨ | GET /revenue?months=7 | Status: 200 | 2ms
✨1.1.2026, 18:58:31✨ | GET /current | Status: 200 | 11ms
✨1.1.2026, 18:58:31✨ | GET /new-customers?months=7 | Status: 200 | 9ms
✨1.1.2026, 18:58:31✨ | GET /stats | Status: 200 | 21ms
✨1.1.2026, 18:58:31✨ | GET /revenue?months=7 | Status: 200 | 3ms
✨1.1.2026, 18:59:01✨ | GET /current | Status: 200 | 12ms
✨1.1.2026, 18:59:01✨ | GET /new-customers?months=7 | Status: 200 | 10ms
✨1.1.2026, 18:59:01✨ | GET /current | Status: 200 | 10ms
✨1.1.2026, 18:59:01✨ | GET /new-customers?months=7 | Status: 200 | 7ms
✨1.1.2026, 18:59:01✨ | GET /stats | Status: 200 | 67ms
✨1.1.2026, 19:03:43✨ | GET /current | Status: 200 | 89ms
✨1.1.2026, 19:03:43✨ | GET /stats | Status: 200 | 139ms
✨1.1.2026, 19:03:43✨ | GET /new-customers?months=7 | Status: 200 | 134ms
✨1.1.2026, 19:03:43✨ | GET /new-customers?months=7 | Status: 200 | 16ms
✨1.1.2026, 19:03:43✨ | GET /current | Status: 200 | 12ms
✨1.1.2026, 19:03:43✨ | GET /revenue?months=7 | Status: 200 | 4ms
✨1.1.2026, 19:03:43✨ | GET /stats | Status: 200 | 41ms
✨1.1.2026, 19:03:43✨ | GET /revenue?months=7 | Status: 200 | 3ms
✨1.1.2026, 19:03:50✨ | GET /current | Status: 200 | 14ms
✨1.1.2026, 19:03:50✨ | GET /new-customers?months=7 | Status: 200 | 11ms
✨1.1.2026, 19:03:50✨ | GET /stats | Status: 200 | 21ms
✨1.1.2026, 19:03:50✨ | GET /revenue?months=7 | Status: 200 | 2ms
✨1.1.2026, 19:03:54✨ | GET /current | Status: 200 | 15ms
✨1.1.2026, 19:03:54✨ | GET /new-customers?months=7 | Status: 200 | 13ms
✨1.1.2026, 19:03:54✨ | GET /stats | Status: 200 | 22ms
✨1.1.2026, 19:03:54✨ | GET /revenue?months=7 | Status: 200 | 2ms
✨1.1.2026, 19:05:12✨ | GET /current | Status: 200 | 17ms
✨1.1.2026, 19:05:12✨ | GET /new-customers?months=7 | Status: 200 | 7ms
✨1.1.2026, 19:05:12✨ | GET /stats | Status: 200 | 20ms
✨1.1.2026, 19:05:12✨ | GET /current | Status: 200 | 6ms
✨1.1.2026, 19:05:12✨ | GET /new-customers?months=7 | Status: 200 | 6ms
✨1.1.2026, 19:05:12✨ | GET /stats | Status: 200 | 21ms
✨1.1.2026, 19:05:13✨ | GET /revenue?months=7 | Status: 200 | 3ms
✨1.1.2026, 19:05:13✨ | GET /revenue?months=7 | Status: 200 | 4ms
✨1.1.2026, 19:07:32✨ | GET /current | Status: 200 | 13ms
✨1.1.2026, 19:07:32✨ | GET /new-customers?months=7 | Status: 200 | 10ms
✨1.1.2026, 19:07:32✨ | GET /stats | Status: 200 | 28ms
✨1.1.2026, 19:07:32✨ | GET /revenue?months=7 | Status: 200 | 3ms
✨1.1.2026, 19:07:45✨ | GET /current | Status: 200 | 12ms
✨1.1.2026, 19:07:45✨ | GET /new-customers?months=7 | Status: 200 | 8ms
✨1.1.2026, 19:07:45✨ | GET /stats | Status: 200 | 16ms
✨1.1.2026, 19:07:45✨ | GET /revenue?months=7 | Status: 200 | 2ms
✨1.1.2026, 19:07:55✨ | GET /current | Status: 200 | 5ms
✨1.1.2026, 19:07:55✨ | GET /new-customers?months=7 | Status: 200 | 23ms
✨1.1.2026, 19:07:55✨ | GET /stats | Status: 200 | 21ms
✨1.1.2026, 19:07:55✨ | GET /current | Status: 200 | 10ms
✨1.1.2026, 19:07:55✨ | GET /new-customers?months=7 | Status: 200 | 10ms
✨1.1.2026, 19:07:55✨ | GET /stats | Status: 200 | 13ms
✨1.1.2026, 19:07:55✨ | GET /revenue?months=7 | Status: 200 | 4ms
✨1.1.2026, 19:07:55✨ | GET /revenue?months=7 | Status: 200 | 3ms
✨1.1.2026, 19:09:58✨ | GET /current | Status: 200 | 41ms
✨1.1.2026, 19:09:58✨ | GET /new-customers?months=7 | Status: 200 | 11ms
✨1.1.2026, 19:09:59✨ | GET /stats | Status: 200 | 190ms
✨1.1.2026, 19:09:59✨ | GET /new-customers?months=7 | Status: 200 | 23ms
✨1.1.2026, 19:09:59✨ | GET /current | Status: 200 | 13ms
✨1.1.2026, 19:09:59✨ | GET /revenue?months=7 | Status: 200 | 2ms
✨1.1.2026, 19:09:59✨ | GET /stats | Status: 200 | 23ms
✨1.1.2026, 19:09:59✨ | GET /revenue?months=7 | Status: 200 | 2ms
✨1.1.2026, 19:11:25✨ | GET /current | Status: 200 | 11ms
✨1.1.2026, 19:11:25✨ | GET /new-customers?months=7 | Status: 200 | 9ms
✨1.1.2026, 19:11:25✨ | GET /stats | Status: 200 | 19ms
✨1.1.2026, 19:11:26✨ | GET /revenue?months=7 | Status: 200 | 2ms
✨1.1.2026, 19:11:29✨ | GET /current | Status: 200 | 11ms
✨1.1.2026, 19:11:29✨ | GET /new-customers?months=7 | Status: 200 | 9ms
✨1.1.2026, 19:11:29✨ | GET /stats | Status: 200 | 16ms
✨1.1.2026, 19:11:29✨ | GET /revenue?months=7 | Status: 200 | 2ms
✨1.1.2026, 19:11:43✨ | GET /current | Status: 200 | 14ms
✨1.1.2026, 19:11:43✨ | GET /new-customers?months=7 | Status: 200 | 10ms
✨1.1.2026, 19:11:43✨ | GET /stats | Status: 200 | 20ms
✨1.1.2026, 19:15:21✨ | GET /current | Status: 200 | 41ms
✨1.1.2026, 19:15:21✨ | GET /new-customers?months=7 | Status: 200 | 31ms
✨1.1.2026, 19:15:21✨ | GET /stats | Status: 200 | 42ms
✨1.1.2026, 19:15:21✨ | GET /revenue?months=7 | Status: 200 | 4ms
✨1.1.2026, 19:15:24✨ | GET /new-customers?months=7 | Status: 200 | 14ms
✨1.1.2026, 19:15:24✨ | GET /current | Status: 200 | 15ms
✨1.1.2026, 19:15:24✨ | GET /stats | Status: 200 | 22ms
✨1.1.2026, 19:15:24✨ | GET /revenue?months=7 | Status: 200 | 2ms
✨1.1.2026, 19:15:37✨ | GET /new-customers?months=7 | Status: 200 | 10ms
✨1.1.2026, 19:15:54✨ | POST /login | Status: 200 | 134ms
✨1.1.2026, 19:18:34✨ | POST /register | Status: 201 | 120ms
✨1.1.2026, 19:18:50✨ | POST /login | Status: 200 | 119ms
✨1.1.2026, 19:18:59✨ | GET /me | Status: 200 | 7ms
✨1.1.2026, 19:18:59✨ | GET /me | Status: 200 | 7ms
✨1.1.2026, 19:18:59✨ | GET /me | Status: 200 | 5ms
✨1.1.2026, 19:18:59✨ | GET /me | Status: 200 | 5ms
✨1.1.2026, 19:19:10✨ | GET /search?category=&isSale=false&minDiscount=0&manufacturer=&inStock=false&minPrice=1&maxPrice=1000&sortBy=newest&limit=12&skip=0 | Status: 200 | 14ms
✨1.1.2026, 19:19:12✨ | GET / | Status: 200 | 10ms
✨1.1.2026, 19:19:12✨ | GET / | Status: 200 | 12ms
✨1.1.2026, 19:19:12✨ | GET / | Status: 200 | 11ms
✨1.1.2026, 19:19:12✨ | GET / | Status: 200 | 12ms
✨1.1.2026, 19:19:13✨ | GET /me | Status: 200 | 7ms
✨1.1.2026, 19:19:13✨ | GET /me | Status: 200 | 8ms
✨1.1.2026, 19:19:13✨ | GET /me | Status: 200 | 5ms
✨1.1.2026, 19:19:13✨ | GET /me | Status: 200 | 5ms
✨1.1.2026, 19:19:44✨ | POST /login | Status: 200 | 103ms
✨1.1.2026, 19:19:50✨ | GET /me | Status: 200 | 6ms
✨1.1.2026, 19:19:50✨ | GET /me | Status: 200 | 6ms
✨1.1.2026, 19:19:50✨ | GET /me | Status: 200 | 5ms
✨1.1.2026, 19:19:50✨ | GET /me | Status: 200 | 5ms
✨1.1.2026, 19:19:53✨ | GET /me | Status: 200 | 5ms
✨1.1.2026, 19:19:53✨ | GET /me | Status: 200 | 5ms
✨1.1.2026, 19:19:53✨ | GET /me | Status: 200 | 5ms
✨1.1.2026, 19:19:53✨ | GET /me | Status: 200 | 6ms
✨1.1.2026, 19:19:59✨ | GET /me | Status: 200 | 5ms
✨1.1.2026, 19:19:59✨ | GET /me | Status: 200 | 5ms
✨1.1.2026, 19:19:59✨ | GET /me | Status: 200 | 4ms
✨1.1.2026, 19:19:59✨ | GET /me | Status: 200 | 5ms
✨1.1.2026, 19:20:01✨ | GET / | Status: 200 | 6ms
✨1.1.2026, 19:20:01✨ | GET / | Status: 200 | 6ms
✨1.1.2026, 19:20:01✨ | GET / | Status: 200 | 6ms
✨1.1.2026, 19:20:01✨ | GET / | Status: 200 | 6ms
✨1.1.2026, 19:20:02✨ | GET /search?category=&isSale=false&minDiscount=0&manufacturer=&inStock=false&minPrice=1&maxPrice=1000&sortBy=newest&limit=12&skip=0 | Status: 200 | 10ms
✨1.1.2026, 19:20:02✨ | GET / | Status: 200 | 6ms
✨1.1.2026, 19:20:02✨ | GET / | Status: 200 | 6ms
✨1.1.2026, 19:20:02✨ | GET / | Status: 200 | 6ms
✨1.1.2026, 19:20:02✨ | GET / | Status: 200 | 6ms
✨1.1.2026, 19:20:13✨ | GET / | Status: 200 | 17ms
✨1.1.2026, 19:20:13✨ | GET / | Status: 200 | 18ms
✨1.1.2026, 19:20:13✨ | GET /current | Status: 200 | 13ms
✨1.1.2026, 19:20:13✨ | GET /stats | Status: 200 | 45ms
✨1.1.2026, 19:20:13✨ | GET / | Status: 200 | 33ms
✨1.1.2026, 19:20:13✨ | GET / | Status: 200 | 34ms
✨1.1.2026, 19:20:13✨ | GET /current | Status: 200 | 30ms
✨1.1.2026, 19:20:13✨ | GET /new-customers?months=7 | Status: 200 | 60ms
✨1.1.2026, 19:20:13✨ | GET /new-customers?months=7 | Status: 200 | 11ms
✨1.1.2026, 19:20:13✨ | GET /stats | Status: 200 | 45ms
✨1.1.2026, 19:20:13✨ | GET /revenue?months=7 | Status: 200 | 3ms
✨1.1.2026, 19:20:13✨ | GET /revenue?months=7 | Status: 200 | 3ms
✨1.1.2026, 19:20:16✨ | GET /me | Status: 200 | 4ms
✨1.1.2026, 19:20:16✨ | GET /me | Status: 200 | 5ms
✨1.1.2026, 19:20:17✨ | GET /me | Status: 200 | 6ms
✨1.1.2026, 19:20:17✨ | GET /me | Status: 200 | 6ms
✨1.1.2026, 19:20:37✨ | GET /current | Status: 200 | 10ms
✨1.1.2026, 19:20:37✨ | GET /new-customers?months=7 | Status: 200 | 7ms
✨1.1.2026, 19:20:37✨ | GET /current | Status: 200 | 7ms
✨1.1.2026, 19:20:37✨ | GET /new-customers?months=7 | Status: 200 | 5ms
✨1.1.2026, 19:20:37✨ | GET /stats | Status: 200 | 42ms
✨1.1.2026, 19:20:37✨ | GET /stats | Status: 200 | 16ms
✨1.1.2026, 19:20:37✨ | GET /revenue?months=7 | Status: 200 | 2ms
✨1.1.2026, 19:20:37✨ | GET /revenue?months=7 | Status: 200 | 2ms
✨1.1.2026, 19:20:41✨ | GET /current | Status: 200 | 11ms
✨1.1.2026, 19:20:41✨ | GET /new-customers?months=7 | Status: 200 | 9ms
✨1.1.2026, 19:20:41✨ | GET /current | Status: 200 | 5ms
✨1.1.2026, 19:20:41✨ | GET /stats | Status: 200 | 32ms
✨1.1.2026, 19:20:41✨ | GET /new-customers?months=7 | Status: 200 | 10ms
✨1.1.2026, 19:20:41✨ | GET /stats | Status: 200 | 14ms
✨1.1.2026, 19:20:41✨ | GET /revenue?months=7 | Status: 200 | 3ms
✨1.1.2026, 19:20:41✨ | GET /revenue?months=7 | Status: 200 | 3ms
✨1.1.2026, 19:30:36✨ | GET /revenue?months=7 | Status: 200 | 3ms
✨1.1.2026, 19:30:36✨ | GET /current | Status: 200 | 21ms
✨1.1.2026, 19:30:36✨ | GET /new-customers?months=7 | Status: 200 | 15ms
✨1.1.2026, 19:30:36✨ | GET /stats | Status: 200 | 27ms
✨1.1.2026, 19:30:39✨ | GET /revenue?months=7 | Status: 200 | 2ms
✨1.1.2026, 19:30:39✨ | GET /new-customers?months=7 | Status: 200 | 10ms
✨1.1.2026, 19:30:39✨ | GET /current | Status: 200 | 17ms
✨1.1.2026, 19:30:39✨ | GET /revenue?months=7 | Status: 200 | 2ms
✨1.1.2026, 19:30:39✨ | GET /stats | Status: 200 | 26ms
✨1.1.2026, 19:30:39✨ | GET /new-customers?months=7 | Status: 200 | 6ms
✨1.1.2026, 19:30:39✨ | GET /current | Status: 200 | 26ms
✨1.1.2026, 19:30:39✨ | GET /stats | Status: 200 | 14ms
✨1.1.2026, 19:30:45✨ | GET /revenue?months=7 | Status: 200 | 2ms
✨1.1.2026, 19:30:45✨ | GET /current | Status: 200 | 14ms
✨1.1.2026, 19:30:45✨ | GET /new-customers?months=7 | Status: 200 | 9ms
✨1.1.2026, 19:30:45✨ | GET /stats | Status: 200 | 28ms
✨1.1.2026, 19:30:45✨ | GET /current | Status: 200 | 9ms
✨1.1.2026, 19:30:45✨ | GET /revenue?months=7 | Status: 200 | 4ms
✨1.1.2026, 19:30:45✨ | GET /new-customers?months=7 | Status: 200 | 19ms
✨1.1.2026, 19:30:45✨ | GET /stats | Status: 200 | 21ms
✨1.1.2026, 19:32:09✨ | GET /revenue?months=7 | Status: 200 | 2ms
✨1.1.2026, 19:32:09✨ | GET /current | Status: 200 | 15ms
✨1.1.2026, 19:32:09✨ | GET /new-customers?months=7 | Status: 200 | 9ms
✨1.1.2026, 19:32:09✨ | GET /current | Status: 200 | 11ms
✨1.1.2026, 19:32:09✨ | GET /revenue?months=7 | Status: 200 | 2ms
✨1.1.2026, 19:32:09✨ | GET /new-customers?months=7 | Status: 200 | 10ms
✨1.1.2026, 19:32:09✨ | GET /stats | Status: 200 | 57ms
✨1.1.2026, 19:32:09✨ | GET /stats | Status: 200 | 12ms
✨1.1.2026, 19:32:15✨ | GET /me | Status: 200 | 4ms
✨1.1.2026, 19:32:15✨ | GET /me | Status: 200 | 5ms
✨1.1.2026, 19:32:15✨ | GET /me | Status: 200 | 4ms
✨1.1.2026, 19:32:15✨ | GET /me | Status: 200 | 4ms
✨1.1.2026, 19:32:35✨ | GET /revenue?months=7 | Status: 200 | 3ms
✨1.1.2026, 19:32:35✨ | GET /current | Status: 200 | 15ms
✨1.1.2026, 19:32:35✨ | GET /new-customers?months=7 | Status: 200 | 10ms
✨1.1.2026, 19:32:35✨ | GET /current | Status: 200 | 7ms
✨1.1.2026, 19:32:35✨ | GET /revenue?months=7 | Status: 200 | 3ms
✨1.1.2026, 19:32:35✨ | GET /stats | Status: 200 | 48ms
✨1.1.2026, 19:32:35✨ | GET /new-customers?months=7 | Status: 200 | 29ms
✨1.1.2026, 19:32:35✨ | GET /stats | Status: 200 | 63ms
✨1.1.2026, 19:33:11✨ | GET /current | Status: 200 | 6ms
✨1.1.2026, 19:33:12✨ | GET /current | Status: 200 | 6ms
✨1.1.2026, 19:33:12✨ | GET /revenue?months=7 | Status: 200 | 4ms
✨1.1.2026, 19:33:12✨ | GET /stats | Status: 200 | 43ms
✨1.1.2026, 19:33:12✨ | GET /new-customers?months=7 | Status: 200 | 15ms
✨1.1.2026, 19:33:12✨ | GET /revenue?months=7 | Status: 200 | 2ms
✨1.1.2026, 19:33:12✨ | GET /new-customers?months=7 | Status: 200 | 12ms
✨1.1.2026, 19:33:12✨ | GET /stats | Status: 200 | 17ms
✨1.1.2026, 19:33:54✨ | GET /current | Status: 200 | 11ms
✨1.1.2026, 19:33:54✨ | GET /new-customers?months=7 | Status: 200 | 8ms
✨1.1.2026, 19:33:54✨ | GET /stats | Status: 200 | 18ms
✨1.1.2026, 19:33:54✨ | GET /revenue?months=7 | Status: 200 | 2ms
✨1.1.2026, 19:33:54✨ | GET /revenue?months=7 | Status: 200 | 2ms
✨1.1.2026, 19:33:54✨ | GET /current | Status: 200 | 16ms
✨1.1.2026, 19:33:54✨ | GET /new-customers?months=7 | Status: 200 | 11ms
✨1.1.2026, 19:33:54✨ | GET /stats | Status: 200 | 21ms
✨1.1.2026, 19:39:10✨ | GET /me | Status: 200 | 6ms
✨1.1.2026, 19:39:10✨ | GET /me | Status: 200 | 6ms
✨1.1.2026, 19:39:10✨ | GET /me | Status: 200 | 4ms
✨1.1.2026, 19:39:10✨ | GET /me | Status: 200 | 4ms
✨1.1.2026, 19:39:20✨ | GET / | Status: 200 | 9ms
✨1.1.2026, 19:39:20✨ | GET / | Status: 200 | 10ms
✨1.1.2026, 19:39:20✨ | GET / | Status: 200 | 8ms
✨1.1.2026, 19:39:20✨ | GET / | Status: 200 | 10ms
✨1.1.2026, 19:39:22✨ | GET /search?category=&isSale=false&minDiscount=0&manufacturer=&inStock=false&minPrice=1&maxPrice=1000&sortBy=newest&limit=12&skip=0 | Status: 200 | 13ms
✨1.1.2026, 19:39:25✨ | GET /690089fb0269dfef2da4b04a | Status: 200 | 17ms
✨1.1.2026, 19:39:25✨ | GET /690089fb0269dfef2da4b04a | Status: 200 | 17ms
✨1.1.2026, 19:39:25✨ | GET /690089fb0269dfef2da4b04a | Status: 200 | 7ms
✨1.1.2026, 19:39:25✨ | GET /690089fb0269dfef2da4b04a | Status: 200 | 8ms
✨1.1.2026, 19:39:25✨ | GET /category/Cakes | Status: 200 | 5ms
✨1.1.2026, 19:39:25✨ | GET /category/Cakes | Status: 200 | 5ms
✨1.1.2026, 19:39:25✨ | GET /category/Cakes | Status: 200 | 7ms
✨1.1.2026, 19:39:25✨ | GET /category/Cakes | Status: 200 | 8ms
